324392
1296086
StatSATtest.py:131: RuntimeWarning: overflow encountered in exp
  pFlip = 1/(1+np.exp(dH/(T)))
H 24266
T 0.2267799999999991
dH 0
H 15289
T 0.2820900000000009
dH 0
H 12487
T 0.2393600000000014
dH 0
H 11120
T 0.3231799999999849
dH 0
H 9863
T 0.21102999999999972
dH 0
H 9187
T 0.20091
dH 0
H 8537
T 0.2484700000000042
dH -2
H 8140
T 0.21441999999999958
dH 0
H 7809
T 0.20088
dH 0
H 7548
T 0.2065599999999999
dH 0
H 7259
T 0.2091199999999998
dH 0
H 6959
T 0.23853000000000113
dH 0
H 6833
T 0.20244
dH 0
H 6603
T 0.20291
dH 0
H 6398
T 0.2070199999999999
dH 0
H 6269
T 0.21190999999999968
dH 0
H 6140
T 0.21105999999999972
dH 0
H 6156
T 0.23571000000000028
dH 0
H 6054
T 0.22051999999999936
dH 0
H 5937
T 0.2344999999999999
dH 0
H 5897
T 0.2262699999999991
dH 0
H 5813
T 0.20432
dH 0
H 5700
T 0.2547200000000061
dH 0
slurmstepd: error: *** JOB 398403 ON cn076 CANCELLED AT 2023-03-21T14:41:41 DUE TO TIME LIMIT ***
