324392
1296086
StatSATtest.py:131: RuntimeWarning: overflow encountered in exp
  pFlip = 1/(1+np.exp(dH/(T)))
H 23700
T 0.15813999999999984
dH 0
H 15358
T 0.15766999999999984
dH 0
H 12778
T 0.1558299999999999
dH 0
H 11401
T 0.17068999999999931
dH 0
H 10422
T 0.2017900000000052
dH 0
H 9666
T 0.15594999999999992
dH 0
H 8960
T 0.16969999999999935
dH 0
H 8442
T 0.1811199999999989
dH 0
H 8030
T 0.16808999999999943
dH 0
H 7555
T 0.16578999999999952
dH 0
H 7375
T 0.1829699999999994
dH 0
H 7048
T 0.20753000000000693
dH 0
H 6855
T 0.1878400000000009
dH 0
H 6557
T 0.1688399999999994
dH 0
H 6350
T 0.19538000000000322
dH 0
H 6287
T 0.17396999999999918
dH 0
H 6185
T 0.24419999999999617
dH 0
H 5944
T 0.19802000000000403
dH 0
H 5793
T 0.16903999999999939
dH 0
H 5729
T 0.19450000000000295
dH 0
H 5654
T 0.20893000000000736
dH 0
H 5637
T 0.15008
dH 0
slurmstepd: error: *** JOB 398457 ON cn032 CANCELLED AT 2023-03-21T17:36:29 DUE TO TIME LIMIT ***
