./BPPSAT/SATS/UF250.1065.100/uf250-01.cnf
Number of iterations: 96306
True
Number of flips 96306
average flips:  96306.0
total time:  2.317657709121704
./BPPSAT/SATS/UF250.1065.100/uf250-02.cnf
Number of iterations: 1760952
True
Number of flips 1760952
average flips:  928629.0
total time:  49.96585130691528
./BPPSAT/SATS/UF250.1065.100/uf250-03.cnf
Number of iterations: 2678656
True
Number of flips 2678656
average flips:  1511971.3333333333
total time:  117.08218002319336
./BPPSAT/SATS/UF250.1065.100/uf250-04.cnf
Number of iterations: 31527
True
Number of flips 31527
average flips:  1141860.25
total time:  117.93034362792969
./BPPSAT/SATS/UF250.1065.100/uf250-05.cnf
Number of iterations: 635444
True
Number of flips 635444
average flips:  1040577.0
total time:  134.36557340621948
./BPPSAT/SATS/UF250.1065.100/uf250-06.cnf
Number of iterations: 355590
True
Number of flips 355590
average flips:  926412.5
total time:  144.0185866355896
./BPPSAT/SATS/UF250.1065.100/uf250-07.cnf
Number of iterations: 4833491
True
Number of flips 4833491
average flips:  1484566.5714285714
total time:  270.6854474544525
./BPPSAT/SATS/UF250.1065.100/uf250-08.cnf
Number of iterations: 10467
True
Number of flips 10467
average flips:  1300304.125
total time:  271.08048462867737
./BPPSAT/SATS/UF250.1065.100/uf250-09.cnf
Number of iterations: 11928055
True
Number of flips 11928055
average flips:  2481165.3333333335
total time:  579.824690580368
./BPPSAT/SATS/UF250.1065.100/uf250-010.cnf
Number of iterations: 94857
True
Number of flips 94857
average flips:  2242534.5
total time:  582.6444301605225
./BPPSAT/SATS/UF250.1065.100/uf250-011.cnf
Number of iterations: 3615706
True
Number of flips 3615706
average flips:  2367368.272727273
total time:  693.3681094646454
./BPPSAT/SATS/UF250.1065.100/uf250-012.cnf
Number of iterations: 50484
True
Number of flips 50484
average flips:  2174294.5833333335
total time:  694.8902156352997
./BPPSAT/SATS/UF250.1065.100/uf250-013.cnf
Number of iterations: 192060
True
Number of flips 192060
average flips:  2021815.0
total time:  700.2740986347198
./BPPSAT/SATS/UF250.1065.100/uf250-014.cnf
Number of iterations: 33799
True
Number of flips 33799
average flips:  1879813.857142857
total time:  701.2737460136414
./BPPSAT/SATS/UF250.1065.100/uf250-015.cnf
Number of iterations: 81742
True
Number of flips 81742
average flips:  1759942.4
total time:  703.4108152389526
./BPPSAT/SATS/UF250.1065.100/uf250-016.cnf
Number of iterations: 46969
True
Number of flips 46969
average flips:  1652881.5625
total time:  704.783944606781
./BPPSAT/SATS/UF250.1065.100/uf250-017.cnf
Number of iterations: 46606
True
Number of flips 46606
average flips:  1558394.7647058824
total time:  706.0111718177795
./BPPSAT/SATS/UF250.1065.100/uf250-018.cnf
Number of iterations: 428898
True
Number of flips 428898
average flips:  1495644.9444444445
total time:  716.7646346092224
./BPPSAT/SATS/UF250.1065.100/uf250-019.cnf
Number of iterations: 4922
True
Number of flips 4922
average flips:  1417185.8421052631
total time:  716.9742753505707
./BPPSAT/SATS/UF250.1065.100/uf250-020.cnf
Number of iterations: 57244
True
Number of flips 57244
average flips:  1349188.75
total time:  718.6933426856995
./BPPSAT/SATS/UF250.1065.100/uf250-021.cnf
Number of iterations: 9625
True
Number of flips 9625
average flips:  1285400.0
total time:  718.97807264328
./BPPSAT/SATS/UF250.1065.100/uf250-022.cnf
Number of iterations: 1354375
True
Number of flips 1354375
average flips:  1288535.2272727273
total time:  756.5215666294098
./BPPSAT/SATS/UF250.1065.100/uf250-023.cnf
Number of iterations: 468484
True
Number of flips 468484
average flips:  1252880.8260869565
total time:  768.7297418117523
./BPPSAT/SATS/UF250.1065.100/uf250-024.cnf
Number of iterations: 19913695
True
Number of flips 19913695
average flips:  2030414.75
total time:  1365.2105152606964
./BPPSAT/SATS/UF250.1065.100/uf250-025.cnf
Number of iterations: 36376
True
Number of flips 36376
average flips:  1950653.2
total time:  1366.2375373840332
./BPPSAT/SATS/UF250.1065.100/uf250-026.cnf
Number of iterations: 75083513
True
Number of flips 75083513
average flips:  4763455.5
total time:  3297.852183818817
./BPPSAT/SATS/UF250.1065.100/uf250-027.cnf
Number of iterations: 7466
True
Number of flips 7466
average flips:  4587307.740740741
total time:  3298.2248854637146
./BPPSAT/SATS/UF250.1065.100/uf250-028.cnf
Number of iterations: 1479076
True
Number of flips 1479076
average flips:  4476299.464285715
total time:  3338.078114271164
./BPPSAT/SATS/UF250.1065.100/uf250-029.cnf
Number of iterations: 1974043
True
Number of flips 1974043
average flips:  4390014.75862069
total time:  3392.6099729537964
./BPPSAT/SATS/UF250.1065.100/uf250-030.cnf
Number of iterations: 623081
True
Number of flips 623081
average flips:  4264450.3
total time:  3408.146987438202
./BPPSAT/SATS/UF250.1065.100/uf250-031.cnf
slurmstepd: error: *** JOB 397988 ON cn016 CANCELLED AT 2023-03-20T09:46:05 DUE TO TIME LIMIT ***
