324392
1296086
StatSATtest.py:132: RuntimeWarning: overflow encountered in exp
  pFlip = 1/(1+np.exp(dH/(T)))
H 15524
T 0.21200000000000002
dH 0
H 11114
T 0.2
dH 0
H 9221
T 0.232
dH 0
H 8032
T 0.20800000000000002
dH 0
H 7243
T 0.2
dH 0
H 6711
T 0.21200000000000002
dH 0
H 6097
T 0.20400000000000001
dH 0
H 5786
T 0.2
dH 0
H 5481
T 0.20400000000000001
dH 0
H 5213
T 0.228
dH 0
H 4991
T 0.24000000000000002
dH 0
H 4806
T 0.256
dH 0
H 4619
T 0.2
dH 0
H 4538
T 0.2
dH 0
H 4400
T 0.2
dH 0
H 4307
T 0.2
dH 0
H 4177
T 0.22000000000000003
dH 0
H 4144
T 0.2
dH 0
H 3991
T 0.2
dH 0
H 3908
T 0.224
dH 0
H 3938
T 0.2
dH 0
H 3841
T 0.2
dH 0
H 3760
T 0.22000000000000003
dH 0
H 3736
T 0.20400000000000001
dH 0
H 3670
T 0.228
dH 0
H 3630
T 0.2
dH 0
H 3582
T 0.224
dH 0
H 3552
T 0.23600000000000002
dH 0
H 3503
T 0.20400000000000001
dH 0
H 3454
T 0.224
dH 0
H 3426
T 0.224
dH 0
H 3397
T 0.2
dH 0
H 3405
T 0.2
dH 0
H 3342
T 0.21600000000000003
dH 0
H 3278
T 0.20400000000000001
dH 0
H 3305
T 0.20800000000000002
dH 0
H 3303
T 0.20400000000000001
dH 0
H 3256
T 0.20800000000000002
dH 0
H 3259
T 0.244
dH 0
H 3204
T 0.21200000000000002
dH 0
H 3174
T 0.2
dH 0
H 3120
T 0.2
dH 0
H 3171
T 0.21200000000000002
dH 0
H 3097
T 0.2
dH 0
H 3027
T 0.224
dH 0
H 3021
T 0.20800000000000002
dH 0
H 3047
T 0.2
dH 0
H 3006
T 0.20400000000000001
dH 0
H 3040
T 0.2
dH 0
H 3021
T 0.20400000000000001
dH 0
H 3037
T 0.228
dH 0
H 3004
T 0.21600000000000003
dH 0
H 3046
T 0.21200000000000002
dH 0
H 3034
T 0.21200000000000002
dH 0
H 3069
T 0.2
dH 0
H 3093
T 0.224
dH 0
H 2950
T 0.20800000000000002
dH 0
H 3070
T 0.21600000000000003
dH 0
H 3045
T 0.20400000000000001
dH 0
H 3086
T 0.2
dH 0
H 3075
T 0.20400000000000001
dH 0
H 3042
T 0.2
dH -1
H 3028
T 0.2
dH 0
H 2927
T 0.20400000000000001
dH 0
H 2998
T 0.21200000000000002
dH 0
H 2940
T 0.22000000000000003
dH 0
H 2999
T 0.2
dH 0
H 2916
T 0.2
dH 0
H 2948
T 0.23600000000000002
dH 0
H 2909
T 0.20800000000000002
dH 1
H 2997
T 0.21600000000000003
dH 2
H 2941
T 0.20400000000000001
dH 0
H 2970
T 0.20400000000000001
dH 0
H 3044
T 0.21200000000000002
dH 0
H 2991
T 0.2
dH 0
H 2969
T 0.2
dH 0
H 2976
T 0.20800000000000002
dH 0
H 2921
T 0.2
dH 0
H 2866
T 0.248
dH 0
H 2879
T 0.2
dH 0
H 2892
T 0.2
dH 0
H 2865
T 0.32000000000000006
dH 0
H 2869
T 0.2
dH 0
H 2848
T 0.252
dH 0
H 2845
T 0.20400000000000001
dH 0
H 2866
T 0.232
dH 0
H 2843
T 0.2
dH 0
H 2926
T 0.22000000000000003
dH 0
H 2890
T 0.21200000000000002
dH 0
H 2789
T 0.20400000000000001
dH 0
H 2803
T 0.20800000000000002
dH 0
H 2845
T 0.2
dH 0
H 2808
T 0.2
dH 0
H 2798
T 0.2
dH 0
H 2808
T 0.2
dH 0
H 2771
T 0.2
dH 0
H 2773
T 0.20400000000000001
dH 0
H 2818
T 0.20400000000000001
dH 0
H 2803
T 0.232
dH 0
H 2781
T 0.228
dH 0
H 2741
T 0.2
dH 0
H 2697
T 0.20400000000000001
dH 0
H 2713
T 0.2
dH 0
H 2730
T 0.20800000000000002
dH 2
H 2783
T 0.23600000000000002
dH 0
H 2784
T 0.2
dH 0
H 2800
T 0.244
dH 0
H 2777
T 0.21600000000000003
dH 0
H 2725
T 0.2
dH 0
H 2762
T 0.20800000000000002
dH 0
H 2743
T 0.21200000000000002
dH 0
H 2705
T 0.2
dH 0
H 2693
T 0.20400000000000001
dH 0
H 2689
T 0.2
dH 0
H 2703
T 0.20400000000000001
dH 0
H 2705
T 0.21600000000000003
dH 0
H 2661
T 0.252
dH 2
H 2658
T 0.20800000000000002
dH 0
H 2677
T 0.21200000000000002
dH 0
H 2638
T 0.20800000000000002
dH 0
H 2691
T 0.224
dH 0
H 2694
T 0.2
dH 0
H 2635
T 0.20400000000000001
dH 0
H 2677
T 0.2
dH 0
H 2719
T 0.20400000000000001
dH 0
H 2669
T 0.2
dH 0
H 2761
T 0.2
dH 0
H 2769
T 0.2
dH 0
H 2725
T 0.22000000000000003
dH 0
H 2736
T 0.2
dH 0
H 2764
T 0.22000000000000003
dH 0
H 2718
T 0.2
dH 0
H 2698
T 0.2
dH 0
H 2669
T 0.20800000000000002
dH 0
slurmstepd: error: *** JOB 398065 ON cn042 CANCELLED AT 2023-03-21T13:14:36 DUE TO TIME LIMIT ***
