./BPPSAT/SATS/UF250.1065.100/uf250-01.cnf
Number of iterations: 46467
True
Number of flips 46467
average flips:  46467.0
total time:  2.0964341163635254
./BPPSAT/SATS/UF250.1065.100/uf250-02.cnf
Number of iterations: 75237
True
Number of flips 75237
average flips:  60852.0
total time:  5.847109794616699
./BPPSAT/SATS/UF250.1065.100/uf250-03.cnf
H 3
T 0.20040000000000002
dH 0
H 4
T 0.2
dH 0
H 3
T 0.2
dH 0
H 5
T 0.2
dH 0
H 5
T 0.2
dH 0
H 3
T 0.2
dH 0
H 2
T 0.20040000000000002
dH -1
Number of iterations: 768297
True
Number of flips 768297
average flips:  296667.0
total time:  37.559077978134155
./BPPSAT/SATS/UF250.1065.100/uf250-04.cnf
Number of iterations: 1378
True
Number of flips 1378
average flips:  222844.75
total time:  37.735169887542725
./BPPSAT/SATS/UF250.1065.100/uf250-05.cnf
H 3
T 0.2
dH 0
H 5
T 0.2
dH 0
H 5
T 0.2
dH 0
H 3
T 0.2
dH 0
H 5
T 0.2
dH 0
Number of iterations: 553572
True
Number of flips 553572
average flips:  288990.2
total time:  62.54303503036499
./BPPSAT/SATS/UF250.1065.100/uf250-06.cnf
H 3
T 0.2
dH -1
Number of iterations: 106981
True
Number of flips 106981
average flips:  258655.33333333334
total time:  67.77553033828735
./BPPSAT/SATS/UF250.1065.100/uf250-07.cnf
H 4
T 0.2008
dH 0
H 3
T 0.2
dH 0
H 3
T 0.2
dH 0
H 5
T 0.2
dH 0
H 4
T 0.2
dH 0
H 3
T 0.20040000000000002
dH 0
H 4
T 0.2
dH 0
Number of iterations: 752567
True
Number of flips 752567
average flips:  329214.14285714284
total time:  103.13261604309082
./BPPSAT/SATS/UF250.1065.100/uf250-08.cnf
H 2
T 0.2
dH 0
H 4
T 0.2
dH 0
H 4
T 0.2
dH 0
H 3
T 0.2
dH 0
H 5
T 0.2
dH 0
H 4
T 0.2
dH 0
Number of iterations: 626757
True
Number of flips 626757
average flips:  366407.0
total time:  131.63645768165588
./BPPSAT/SATS/UF250.1065.100/uf250-09.cnf
H 4
T 0.20120000000000002
dH 0
H 1
T 0.2
dH 0
H 4
T 0.2
dH 0
H 2
T 0.2
dH 0
H 1
T 0.2
dH 0
H 3
T 0.2
dH 0
H 1
T 0.2
dH 0
H 2
T 0.2
dH 0
H 2
T 0.2
dH 0
H 1
T 0.2
dH 0
H 4
T 0.20040000000000002
dH 0
H 2
T 0.20120000000000002
dH 0
H 4
T 0.2
dH 0
H 1
T 0.2
dH 0
H 1
T 0.2
dH 0
H 2
T 0.20040000000000002
dH 0
H 2
T 0.2
dH 0
H 3
T 0.2
dH 0
H 4
T 0.2
dH 0
H 1
T 0.20040000000000002
dH 0
H 3
T 0.2
dH 0
H 2
T 0.20040000000000002
dH 0
H 1
T 0.20040000000000002
dH 0
H 5
T 0.2
dH 0
H 3
T 0.2
dH 0
H 2
T 0.2
dH 0
H 3
T 0.20040000000000002
dH 0
H 4
T 0.2
dH 0
H 2
T 0.2
dH 0
H 4
T 0.2
dH 0
H 1
T 0.2
dH 0
H 2
T 0.2
dH 0
H 3
T 0.20040000000000002
dH 0
H 1
T 0.2
dH 0
H 2
T 0.2
dH 0
H 3
T 0.2
dH 0
H 2
T 0.2
dH 0
H 6
T 0.2
dH 0
H 4
T 0.2
dH 0
H 4
T 0.2
dH 0
H 1
T 0.2
dH 0
H 3
T 0.2
dH 0
H 2
T 0.2
dH -1
H 5
T 0.2
dH 0
H 2
T 0.2
dH 0
H 2
T 0.2
dH 0
H 1
T 0.2
dH 0
H 3
T 0.2
dH 0
H 2
T 0.2
dH 0
H 2
T 0.2
dH 0
H 2
T 0.2
dH 0
H 3
T 0.2
dH 0
H 3
T 0.20040000000000002
dH 0
H 1
T 0.2
dH 0
H 2
T 0.20120000000000002
dH 1
H 1
T 0.20040000000000002
dH 0
H 1
T 0.2
dH 0
H 2
T 0.2
dH 0
H 3
T 0.2
dH 0
H 1
T 0.2
dH 0
H 2
T 0.2
dH 0
H 3
T 0.2008
dH 0
H 3
T 0.2
dH 1
H 2
T 0.2
dH 0
H 2
T 0.2
dH 0
H 3
T 0.2
dH 0
H 2
T 0.2
dH 0
H 4
T 0.2
dH 0
H 2
T 0.2
dH 0
H 3
T 0.20040000000000002
dH 1
H 1
T 0.2
dH 0
H 3
T 0.2
dH 0
H 2
T 0.20040000000000002
dH 0
H 1
T 0.2
dH 0
H 2
T 0.2
dH 0
H 2
T 0.20040000000000002
dH 0
H 3
T 0.2
dH 0
H 4
T 0.2
dH 0
H 3
T 0.2
dH 0
H 4
T 0.20040000000000002
dH 0
H 1
T 0.2008
dH 0
H 2
T 0.2
dH 0
H 1
T 0.2
dH 0
H 4
T 0.2
dH 0
H 2
T 0.2008
dH 0
H 3
T 0.2
dH 0
H 1
T 0.2
dH 0
H 1
T 0.20040000000000002
dH 0
H 2
T 0.2
dH 0
H 2
T 0.20040000000000002
dH 0
H 1
T 0.2
dH 0
H 2
T 0.2
dH 0
H 1
T 0.2
dH 0
H 2
T 0.2008
dH 0
H 1
T 0.2
dH 0
H 1
T 0.2
dH 0
H 2
T 0.2
dH 0
H 1
T 0.2
dH 0
H 2
T 0.20040000000000002
dH 1
H 1
T 0.2008
dH -1
H 1
T 0.2
dH 0
H 4
T 0.2
dH 0
H 1
T 0.2
dH 0
H 4
T 0.2
dH 0
H 1
T 0.2
dH 0
H 2
T 0.2
dH 0
H 2
T 0.2
dH 0
H 1
T 0.2
dH 0
H 3
T 0.20040000000000002
dH 0
H 1
T 0.2
dH 0
H 3
T 0.2
dH 0
H 1
T 0.20040000000000002
dH 0
H 6
T 0.2
dH 0
H 2
T 0.20040000000000002
dH 0
H 2
T 0.2
dH 0
H 3
T 0.20040000000000002
dH 0
H 3
T 0.2
dH 0
H 5
T 0.2
dH 0
H 2
T 0.2
dH 0
H 1
T 0.20040000000000002
dH 0
H 2
T 0.2
dH 0
H 1
T 0.2
dH 0
H 3
T 0.2
dH 0
H 4
T 0.2
dH 0
H 4
T 0.2
dH 0
H 1
T 0.2
dH 0
H 1
T 0.2
dH 0
H 1
T 0.20040000000000002
dH 0
H 2
T 0.20040000000000002
dH 0
H 4
T 0.2
dH 0
H 3
T 0.2
dH 0
H 1
T 0.2
dH 0
H 2
T 0.20040000000000002
dH 0
H 1
T 0.2
dH 0
H 3
T 0.2
dH 0
H 2
T 0.2
dH 0
H 3
T 0.2
dH 0
H 3
T 0.2
dH 0
H 1
T 0.2
dH 0
H 2
T 0.20040000000000002
dH 0
H 2
T 0.2
dH -1
H 1
T 0.2
dH 0
H 2
T 0.2
dH 0
H 3
T 0.2
dH 0
H 2
T 0.2008
dH 0
H 1
T 0.2
dH 0
H 1
T 0.2
dH 0
H 3
T 0.2
dH 0
H 4
T 0.2
dH 0
H 4
T 0.2
dH -1
H 3
T 0.2
dH 0
H 3
T 0.2
dH 0
H 4
T 0.2
dH 0
H 4
T 0.2
dH 1
H 1
T 0.2
dH 0
H 2
T 0.2
dH 0
H 2
T 0.2
dH 0
H 2
T 0.2
dH 0
H 1
T 0.2
dH 0
H 2
T 0.2
dH 0
H 3
T 0.2
dH 0
H 2
T 0.2
dH 0
H 4
T 0.2
dH 0
H 1
T 0.2
dH 0
H 3
T 0.2
dH 0
H 3
T 0.2
dH 0
H 1
T 0.20040000000000002
dH 0
H 3
T 0.20040000000000002
dH 0
H 2
T 0.2
dH 0
H 2
T 0.2
dH 0
H 2
T 0.20040000000000002
dH 0
H 6
T 0.2
dH 0
H 1
T 0.2008
dH 0
H 5
T 0.2
dH 0
H 2
T 0.2
dH 0
H 4
T 0.2
dH 1
H 1
T 0.2
dH 0
H 1
T 0.2
dH 0
H 1
T 0.2
dH 0
H 3
T 0.2
dH 0
H 1
T 0.2
dH 0
H 2
T 0.2
dH -1
H 2
T 0.2
dH 0
H 1
T 0.20120000000000002
dH 0
H 2
T 0.2
dH 0
H 2
T 0.20040000000000002
dH 0
H 3
T 0.2008
dH 0
H 3
T 0.2
dH 0
H 2
T 0.2
dH 0
H 3
T 0.2
dH 0
H 1
T 0.2
dH 0
H 1
T 0.2
dH 0
H 2
T 0.2
dH 0
H 3
T 0.2
dH 0
H 2
T 0.2
dH 0
H 3
T 0.2
dH 0
H 1
T 0.20040000000000002
dH 0
H 3
T 0.2
dH 0
H 3
T 0.2
dH 0
H 2
T 0.2
dH 0
H 1
T 0.2
dH 0
H 3
T 0.2
dH 0
H 3
T 0.2
dH 0
H 2
T 0.2
dH 0
H 1
T 0.2
dH 0
H 3
T 0.2
dH 0
H 2
T 0.2
dH 0
H 3
T 0.2
dH 0
H 1
T 0.2
dH 0
H 6
T 0.2
dH 0
H 4
T 0.2
dH 1
H 2
T 0.20040000000000002
dH 0
H 3
T 0.2
dH 0
H 1
T 0.2
dH 0
H 4
T 0.2
dH 0
H 3
T 0.2
dH 0
H 2
T 0.2
dH 0
H 6
T 0.2
dH 0
H 3
T 0.20040000000000002
dH 0
H 1
T 0.2
dH 0
H 4
T 0.2
dH 0
H 2
T 0.20040000000000002
dH 0
H 4
T 0.2
dH 0
H 2
T 0.2
dH 0
H 2
T 0.2
dH 0
H 2
T 0.2
dH 0
H 2
T 0.2008
dH 0
H 3
T 0.20040000000000002
dH 0
H 1
T 0.2
dH 0
H 1
T 0.20040000000000002
dH 0
H 2
T 0.2
dH 0
H 3
T 0.2
dH 0
H 4
T 0.202
dH -1
H 2
T 0.2
dH 0
H 3
T 0.20040000000000002
dH 0
H 2
T 0.20040000000000002
dH 0
H 1
T 0.20040000000000002
dH 0
H 2
T 0.2
dH 0
H 2
T 0.2
dH 0
H 6
T 0.2
dH 0
Number of iterations: 24060278
True
Number of flips 24060278
average flips:  2999059.3333333335
total time:  1232.7304520606995
./BPPSAT/SATS/UF250.1065.100/uf250-010.cnf
Number of iterations: 46132
True
Number of flips 46132
average flips:  2703766.6
total time:  1235.197348356247
./BPPSAT/SATS/UF250.1065.100/uf250-011.cnf
H 3
T 0.2
dH 0
H 2
T 0.2
dH 0
H 4
T 0.2
dH 0
H 4
T 0.2
dH 0
H 5
T 0.2
dH -1
H 2
T 0.20040000000000002
dH 0
H 1
T 0.2
dH 0
H 4
T 0.2
dH 0
H 2
T 0.2
dH 0
H 4
T 0.20040000000000002
dH 0
H 4
T 0.2
dH -1
H 3
T 0.2008
dH 1
H 4
T 0.20040000000000002
dH 0
H 2
T 0.2
dH 0
H 2
T 0.2
dH 0
H 4
T 0.20040000000000002
dH 0
H 3
T 0.2
dH 0
H 2
T 0.2
dH 0
H 4
T 0.2
dH 0
H 2
T 0.20040000000000002
dH 0
H 2
T 0.2
dH 0
H 3
T 0.2
dH 0
H 1
T 0.2
dH -1
H 5
T 0.2008
dH 0
H 6
T 0.2
dH 0
H 3
T 0.2
dH 0
H 5
T 0.2
dH 0
H 4
T 0.2
dH 0
H 1
T 0.2
dH -1
H 4
T 0.2008
dH 0
H 2
T 0.20040000000000002
dH 0
H 4
T 0.2
dH 0
H 4
T 0.2
dH 0
H 3
T 0.2
dH 0
H 3
T 0.2
dH 0
H 3
T 0.2
dH 0
H 2
T 0.20040000000000002
dH 0
H 4
T 0.2
dH 0
H 3
T 0.20120000000000002
dH 0
H 3
T 0.2
dH 0
H 3
T 0.2008
dH 0
H 5
T 0.2
dH -1
H 3
T 0.2
dH 0
H 2
T 0.2
dH 0
H 3
T 0.2
dH 0
H 3
T 0.2
dH 0
H 3
T 0.2
dH 0
H 3
T 0.2016
dH 0
H 2
T 0.20040000000000002
dH 0
H 5
T 0.2
dH 0
H 4
T 0.2
dH 0
H 2
T 0.2
dH 0
H 5
T 0.2
dH 0
H 3
T 0.2
dH 0
H 2
T 0.2
dH 0
H 5
T 0.2
dH 0
H 1
T 0.20040000000000002
dH -1
H 4
T 0.20040000000000002
dH 0
H 6
T 0.2
dH 0
H 4
T 0.2
dH 0
H 3
T 0.2
dH 0
H 4
T 0.20040000000000002
dH 0
H 2
T 0.2
dH 0
H 4
T 0.2
dH 0
Number of iterations: 6446289
True
Number of flips 6446289
average flips:  3043995.909090909
total time:  1582.406215429306
./BPPSAT/SATS/UF250.1065.100/uf250-012.cnf
Number of iterations: 77003
True
Number of flips 77003
average flips:  2796746.5
total time:  1586.313040971756
./BPPSAT/SATS/UF250.1065.100/uf250-013.cnf
H 2
T 0.2008
dH 0
H 3
T 0.20040000000000002
dH 0
H 3
T 0.20040000000000002
dH 0
H 2
T 0.2
dH 0
H 1
T 0.20040000000000002
dH 0
H 4
T 0.2
dH 0
H 4
T 0.2
dH 0
H 1
T 0.20040000000000002
dH 0
H 3
T 0.2
dH 0
H 4
T 0.2
dH 0
H 1
T 0.2
dH 0
H 2
T 0.2
dH 0
H 2
T 0.2
dH 0
H 3
T 0.20040000000000002
dH 0
H 1
T 0.2
dH 0
H 1
T 0.2
dH 0
H 3
T 0.2
dH 0
H 2
T 0.2
dH 0
Number of iterations: 1853055
True
Number of flips 1853055
average flips:  2724154.846153846
total time:  1675.402197599411
./BPPSAT/SATS/UF250.1065.100/uf250-014.cnf
Number of iterations: 17057
True
Number of flips 17057
average flips:  2530790.714285714
total time:  1676.3452298641205
./BPPSAT/SATS/UF250.1065.100/uf250-015.cnf
Number of iterations: 92626
True
Number of flips 92626
average flips:  2368246.4
total time:  1680.3769009113312
./BPPSAT/SATS/UF250.1065.100/uf250-016.cnf
H 3
T 0.2
dH 0
H 3
T 0.2
dH 0
Number of iterations: 236229
True
Number of flips 236229
average flips:  2234995.3125
total time:  1690.6485788822174
./BPPSAT/SATS/UF250.1065.100/uf250-017.cnf
Number of iterations: 38233
True
Number of flips 38233
average flips:  2105774.0
total time:  1692.27694106102
./BPPSAT/SATS/UF250.1065.100/uf250-018.cnf
H 2
T 0.2
dH 0
Number of iterations: 172385
True
Number of flips 172385
average flips:  1998363.5
total time:  1700.1967859268188
./BPPSAT/SATS/UF250.1065.100/uf250-019.cnf
Number of iterations: 6147
True
Number of flips 6147
average flips:  1893510.0
total time:  1700.5364639759064
./BPPSAT/SATS/UF250.1065.100/uf250-020.cnf
Number of iterations: 21864
True
Number of flips 21864
average flips:  1799927.7
total time:  1701.6711990833282
./BPPSAT/SATS/UF250.1065.100/uf250-021.cnf
Number of iterations: 3278
True
Number of flips 3278
average flips:  1714372.9523809524
total time:  1701.8669183254242
./BPPSAT/SATS/UF250.1065.100/uf250-022.cnf
H 1
T 0.20040000000000002
dH 0
H 3
T 0.2
dH 0
H 3
T 0.2008
dH 0
H 1
T 0.2
dH 0
H 3
T 0.2
dH 0
H 2
T 0.2
dH 0
H 3
T 0.2
dH 0
H 1
T 0.2
dH 0
H 6
T 0.2
dH 0
H 2
T 0.2
dH 0
H 3
T 0.2
dH 0
H 2
T 0.2
dH 0
H 2
T 0.2
dH 0
H 2
T 0.20040000000000002
dH 0
H 2
T 0.2
dH 0
H 2
T 0.2
dH 0
H 1
T 0.2
dH 0
H 3
T 0.2
dH 0
H 7
T 0.2
dH 0
H 4
T 0.2
dH 0
H 3
T 0.20120000000000002
dH -1
H 1
T 0.2
dH 0
H 2
T 0.20040000000000002
dH 0
H 1
T 0.2
dH 0
H 2
T 0.2008
dH 0
H 1
T 0.2
dH 0
H 1
T 0.2
dH 0
H 3
T 0.2
dH 0
H 3
T 0.2
dH 0
H 3
T 0.2
dH 0
H 2
T 0.2
dH 0
H 2
T 0.2
dH 0
H 1
T 0.2
dH 0
H 1
T 0.20040000000000002
dH 0
H 3
T 0.2
dH 0
H 2
T 0.2
dH 0
H 1
T 0.20040000000000002
dH 0
H 3
T 0.2008
dH -1
H 3
T 0.20040000000000002
dH 0
H 1
T 0.2
dH 0
H 3
T 0.2
dH 0
H 3
T 0.2
dH 0
H 6
T 0.2
dH 1
H 3
T 0.2
dH 0
H 1
T 0.2
dH 0
H 1
T 0.2
dH 0
H 3
T 0.2
dH 0
H 1
T 0.2
dH 0
H 4
T 0.2
dH 0
H 3
T 0.2
dH 0
H 2
T 0.2
dH 0
H 4
T 0.2
dH 0
H 2
T 0.20040000000000002
dH 0
H 6
T 0.2
dH 0
H 1
T 0.2
dH 0
H 4
T 0.2
dH 0
H 3
T 0.2
dH 0
H 6
T 0.2
dH 0
H 2
T 0.2
dH 0
H 2
T 0.20040000000000002
dH 0
H 2
T 0.2
dH 0
H 5
T 0.2
dH 0
H 2
T 0.2
dH 0
H 3
T 0.2
dH 0
H 1
T 0.2
dH 0
H 3
T 0.20040000000000002
dH 0
H 3
T 0.20040000000000002
dH 0
H 6
T 0.2
dH 0
H 3
T 0.2
dH 0
H 2
T 0.2
dH 0
H 6
T 0.2
dH 0
H 4
T 0.2
dH 0
H 1
T 0.20040000000000002
dH 0
H 2
T 0.2
dH 0
H 2
T 0.2
dH 0
H 3
T 0.2
dH 0
H 3
T 0.2
dH 0
H 1
T 0.2
dH 0
Number of iterations: 7858516
True
Number of flips 7858516
average flips:  1993652.1818181819
total time:  2082.2187259197235
./BPPSAT/SATS/UF250.1065.100/uf250-023.cnf
H 2
T 0.2
dH 0
H 3
T 0.2
dH 0
H 2
T 0.2
dH 0
Number of iterations: 355686
True
Number of flips 355686
average flips:  1922436.2608695652
total time:  2098.448000192642
./BPPSAT/SATS/UF250.1065.100/uf250-024.cnf
H 4
T 0.2008
dH 0
H 5
T 0.20040000000000002
dH 0
H 2
T 0.2
dH 0
H 3
T 0.2
dH 1
H 5
T 0.2
dH 0
H 3
T 0.2
dH 0
H 2
T 0.2
dH 0
H 3
T 0.2
dH 0
H 5
T 0.2
dH 0
H 3
T 0.2008
dH 0
H 5
T 0.2
dH -1
H 2
T 0.20040000000000002
dH 0
H 7
T 0.2
dH 0
H 2
T 0.2
dH 0
H 5
T 0.2
dH 0
H 3
T 0.20040000000000002
dH 0
H 3
T 0.2
dH 0
H 4
T 0.2
dH 0
H 2
T 0.2
dH 0
H 3
T 0.2
dH 0
H 4
T 0.2
dH 0
H 5
T 0.20040000000000002
dH 0
H 3
T 0.2
dH 0
H 2
T 0.2
dH 0
H 3
T 0.2
dH 0
H 2
T 0.2
dH 0
H 3
T 0.2
dH 0
H 6
T 0.2
dH 0
H 2
T 0.2
dH 0
H 3
T 0.2008
dH -1
H 2
T 0.2008
dH 0
H 3
T 0.2
dH 0
H 7
T 0.2
dH 0
H 2
T 0.20040000000000002
dH 0
H 2
T 0.2
dH -1
H 3
T 0.2
dH 0
H 2
T 0.2
dH 0
H 7
T 0.2
dH 1
H 7
T 0.2
dH 0
H 3
T 0.20040000000000002
dH 0
H 3
T 0.20040000000000002
dH 1
H 3
T 0.2
dH 0
H 4
T 0.2
dH 0
H 4
T 0.2
dH 0
H 3
T 0.2
dH 0
H 2
T 0.2
dH 0
H 3
T 0.2
dH 0
H 4
T 0.2
dH 0
H 4
T 0.2
dH 0
H 3
T 0.2
dH 0
H 2
T 0.2
dH -1
H 4
T 0.2
dH 0
H 3
T 0.2008
dH 0
H 2
T 0.2008
dH 0
H 2
T 0.2
dH 0
H 5
T 0.2
dH 0
H 6
T 0.2
dH 0
H 4
T 0.20040000000000002
dH 0
H 4
T 0.2
dH 0
H 3
T 0.2
dH 0
H 5
T 0.2
dH 0
H 3
T 0.2
dH 0
H 3
T 0.2
dH 0
H 5
T 0.20040000000000002
dH 0
H 4
T 0.2
dH 0
H 3
T 0.2
dH 0
H 1
T 0.2
dH 0
H 3
T 0.2
dH 0
H 6
T 0.2
dH 0
H 3
T 0.2
dH 0
H 2
T 0.20040000000000002
dH 0
H 1
T 0.2
dH 0
H 4
T 0.2
dH 0
H 2
T 0.2
dH 0
H 4
T 0.20040000000000002
dH 0
H 4
T 0.2
dH 0
H 2
T 0.2
dH 0
H 2
T 0.20040000000000002
dH 0
H 2
T 0.2
dH 0
H 3
T 0.2
dH 0
H 3
T 0.20040000000000002
dH 0
H 3
T 0.2
dH 0
H 3
T 0.2008
dH 0
H 5
T 0.2
dH 0
H 2
T 0.2
dH 0
H 4
T 0.20040000000000002
dH 0
H 4
T 0.2
dH 0
H 4
T 0.2
dH 0
H 4
T 0.2
dH 0
H 3
T 0.2
dH 0
H 1
T 0.2
dH 0
H 1
T 0.2
dH -1
H 2
T 0.2
dH -1
H 1
T 0.2
dH 0
Number of iterations: 9469839
True
Number of flips 9469839
average flips:  2236911.375
total time:  2582.073096513748
./BPPSAT/SATS/UF250.1065.100/uf250-025.cnf
H 3
T 0.20040000000000002
dH 0
Number of iterations: 133762
True
Number of flips 133762
average flips:  2152785.4
total time:  2587.73916888237
./BPPSAT/SATS/UF250.1065.100/uf250-026.cnf
H 4
T 0.2
dH 0
H 3
T 0.2
dH 0
H 4
T 0.2
dH 0
H 5
T 0.2
dH 0
H 6
T 0.2
dH 0
H 3
T 0.2
dH 0
H 2
T 0.2
dH 0
H 4
T 0.2008
dH 0
H 5
T 0.2
dH 0
H 4
T 0.2
dH 0
H 6
T 0.20040000000000002
dH 0
H 3
T 0.2
dH 0
H 2
T 0.2
dH 0
H 3
T 0.2
dH 0
H 4
T 0.2
dH 0
H 2
T 0.2
dH 0
H 2
T 0.2
dH 0
H 3
T 0.2
dH 0
H 3
T 0.2
dH 0
H 3
T 0.20040000000000002
dH 0
H 3
T 0.2
dH 0
H 4
T 0.2008
dH 0
H 3
T 0.2
dH 0
H 3
T 0.2
dH 0
H 4
T 0.2
dH -1
H 4
T 0.2
dH 0
H 3
T 0.2
dH 0
H 4
T 0.20040000000000002
dH 0
H 3
T 0.2
dH 0
H 4
T 0.2
dH 0
H 3
T 0.2
dH 0
H 3
T 0.2
dH 0
H 3
T 0.20040000000000002
dH 0
H 2
T 0.2
dH 0
H 5
T 0.2
dH 0
H 3
T 0.20040000000000002
dH 0
H 2
T 0.2
dH 0
H 7
T 0.2
dH 0
H 4
T 0.2
dH 0
H 5
T 0.2
dH 0
H 3
T 0.20040000000000002
dH 0
H 5
T 0.2
dH 0
H 6
T 0.2
dH 0
H 4
T 0.2
dH 0
H 8
T 0.2
dH 1
H 4
T 0.2
dH 0
H 2
T 0.2
dH 0
H 4
T 0.2
dH 0
H 2
T 0.2
dH 0
H 4
T 0.2
dH 0
H 2
T 0.2008
dH 0
H 2
T 0.20040000000000002
dH 0
H 5
T 0.2
dH 1
H 3
T 0.20040000000000002
dH 0
H 6
T 0.2
dH 0
H 2
T 0.2
dH 0
H 2
T 0.2
dH 0
H 3
T 0.2
dH -1
H 4
T 0.2
dH 0
H 2
T 0.20040000000000002
dH 0
H 5
T 0.2008
dH 0
H 3
T 0.2
dH 0
H 2
T 0.2
dH 0
H 2
T 0.2008
dH 0
H 3
T 0.2
dH 0
H 2
T 0.2
dH 0
H 2
T 0.2
dH 0
H 2
T 0.2
dH 0
H 3
T 0.2
dH 0
H 3
T 0.2
dH -1
H 2
T 0.20040000000000002
dH 0
H 5
T 0.2
dH 0
H 5
T 0.2
dH 0
H 3
T 0.2
dH 0
H 3
T 0.20040000000000002
dH 0
H 2
T 0.2
dH 0
H 3
T 0.2
dH 1
H 4
T 0.2
dH 0
H 4
T 0.2008
dH 0
H 3
T 0.2
dH 0
H 2
T 0.2
dH 0
H 5
T 0.2
dH 0
H 5
T 0.2
dH 1
H 6
T 0.20040000000000002
dH 1
H 4
T 0.20040000000000002
dH 0
H 5
T 0.20040000000000002
dH 0
H 3
T 0.20040000000000002
dH 0
H 3
T 0.20040000000000002
dH 0
H 4
T 0.2
dH 0
H 3
T 0.2
dH 0
H 4
T 0.2
dH 0
H 4
T 0.20040000000000002
dH 0
H 3
T 0.2
dH 0
H 4
T 0.2
dH 0
H 3
T 0.2
dH 0
H 3
T 0.20120000000000002
dH 0
H 3
T 0.2
dH 0
H 5
T 0.2
dH 0
H 4
T 0.2
dH 0
H 4
T 0.2008
dH 0
H 3
T 0.2
dH 0
slurmstepd: error: *** JOB 398033 ON cn072 CANCELLED AT 2023-03-20T11:59:23 ***
