Number of cpu :  80
C++ time to solve:  -0.015099525451660156
C++ time to solve:  -0.0065157413482666016
C++ time to solve:  -0.006396770477294922
C++ time to solve:  -0.006485700607299805
C++ time to solve:  -0.006461381912231445
C++ time to solve:  -0.006315708160400391
C++ time to solve:  -0.006579875946044922
C++ time to solve:  -0.006461143493652344
C++ time to solve:  -0.006383657455444336
C++ time to solve:  -0.006315708160400391
C++ time to solve:  -0.006456851959228516
C++ time to solve:  -0.006451606750488281
C++ time to solve:  -0.0063190460205078125
C++ time to solve:  -0.006464242935180664
C++ time to solve:  -0.006369113922119141
C++ time to solve:  -0.006402254104614258
C++ time to solve:  -0.006330251693725586
C++ time to solve:  -0.0063745975494384766
C++ time to solve:  -0.006349325180053711
C++ time to solve:  -0.0063555240631103516
BPP: [1.0]
C++ time to solve:  -0.006442070007324219
C++ time to solve:  -0.006291627883911133
C++ time to solve:  -0.006400585174560547
C++ time to solve:  -0.006331920623779297
C++ time to solve:  -0.00639796257019043
C++ time to solve:  -0.0064084529876708984
C++ time to solve:  -0.0063817501068115234
C++ time to solve:  -0.0064623355865478516
C++ time to solve:  -0.0064373016357421875
C++ time to solve:  -0.006401777267456055
C++ time to solve:  -0.006413698196411133
C++ time to solve:  -0.006410837173461914
C++ time to solve:  -0.006422758102416992
C++ time to solve:  -0.0063323974609375
C++ time to solve:  -0.006463050842285156
C++ time to solve:  -0.006359577178955078
C++ time to solve:  -0.00640106201171875
C++ time to solve:  -0.00633692741394043
C++ time to solve:  -0.0064127445220947266
C++ time to solve:  -0.006443023681640625
SHO: [1.0]
STAT: [1.0]
Clauses 4 took -0.9806952476501465
C++ time to solve:  -0.006742000579833984
C++ time to solve:  -0.006596088409423828
C++ time to solve:  -0.00644993782043457
C++ time to solve:  -0.006578683853149414
C++ time to solve:  -0.006494998931884766
C++ time to solve:  -0.006569385528564453
C++ time to solve:  -0.0064737796783447266
C++ time to solve:  -0.00637364387512207
C++ time to solve:  -0.0065953731536865234
C++ time to solve:  -0.0065174102783203125
C++ time to solve:  -0.006453990936279297
C++ time to solve:  -0.00656580924987793
C++ time to solve:  -0.006522178649902344
C++ time to solve:  -0.006501197814941406
C++ time to solve:  -0.006411552429199219
C++ time to solve:  -0.006535768508911133
C++ time to solve:  -0.006455183029174805
C++ time to solve:  -0.006460905075073242
C++ time to solve:  -0.006508588790893555
C++ time to solve:  -0.006596565246582031
BPP: [1.0, 1.0]
C++ time to solve:  -0.006562471389770508
C++ time to solve:  -0.006507158279418945
C++ time to solve:  -0.006590843200683594
C++ time to solve:  -0.006563901901245117
C++ time to solve:  -0.00648808479309082
C++ time to solve:  -0.006505727767944336
C++ time to solve:  -0.006563663482666016
C++ time to solve:  -0.006452322006225586
C++ time to solve:  -0.006514787673950195
C++ time to solve:  -0.006458282470703125
C++ time to solve:  -0.0064220428466796875
C++ time to solve:  -0.006715297698974609
C++ time to solve:  -0.006447315216064453
C++ time to solve:  -0.0065343379974365234
C++ time to solve:  -0.006461620330810547
C++ time to solve:  -0.006529331207275391
C++ time to solve:  -0.006707668304443359
C++ time to solve:  -0.006446123123168945
C++ time to solve:  -0.006512165069580078
C++ time to solve:  -0.0064792633056640625
SHO: [1.0, 1.0]
STAT: [1.0, 1.0]
Clauses 8 took -1.3459489345550537
C++ time to solve:  -0.006618976593017578
C++ time to solve:  -0.006958723068237305
C++ time to solve:  -0.006513118743896484
C++ time to solve:  -0.006623268127441406
C++ time to solve:  -0.006428956985473633
C++ time to solve:  -0.006554841995239258
C++ time to solve:  -0.006514072418212891
C++ time to solve:  -0.006587028503417969
C++ time to solve:  -0.0066680908203125
C++ time to solve:  -0.006556987762451172
C++ time to solve:  -0.00698399543762207
C++ time to solve:  -0.006744384765625
C++ time to solve:  -0.006621122360229492
C++ time to solve:  -0.006506681442260742
C++ time to solve:  -0.006620883941650391
C++ time to solve:  -0.006517887115478516
C++ time to solve:  -0.006623029708862305
C++ time to solve:  -0.006691455841064453
C++ time to solve:  -0.006856203079223633
C++ time to solve:  -0.006471157073974609
BPP: [1.0, 1.0, 1.0]
C++ time to solve:  -0.006891489028930664
C++ time to solve:  -0.00646209716796875
C++ time to solve:  -0.0065708160400390625
C++ time to solve:  -0.006551980972290039
C++ time to solve:  -0.0065555572509765625
C++ time to solve:  -0.006444692611694336
C++ time to solve:  -0.006531715393066406
C++ time to solve:  -0.007117509841918945
C++ time to solve:  -0.0067975521087646484
C++ time to solve:  -0.006659030914306641
C++ time to solve:  -0.0067903995513916016
C++ time to solve:  -0.006959676742553711
C++ time to solve:  -0.006573915481567383
C++ time to solve:  -0.006505727767944336
C++ time to solve:  -0.006894588470458984
C++ time to solve:  -0.006487369537353516
C++ time to solve:  -0.006763458251953125
C++ time to solve:  -0.0066373348236083984
C++ time to solve:  -0.0070569515228271484
C++ time to solve:  -0.00646209716796875
SHO: [1.0, 1.0, 1.0]
STAT: [1.0, 1.0, 1.0]
Clauses 12 took -1.6180033683776855
C++ time to solve:  -0.007006168365478516
C++ time to solve:  -0.006636381149291992
C++ time to solve:  -0.007037162780761719
C++ time to solve:  -0.006830930709838867
C++ time to solve:  -0.006944179534912109
C++ time to solve:  -0.006600379943847656
C++ time to solve:  -0.00687408447265625
C++ time to solve:  -0.006491899490356445
C++ time to solve:  -0.007115364074707031
C++ time to solve:  -0.006417512893676758
C++ time to solve:  -0.0066454410552978516
C++ time to solve:  -0.006588459014892578
C++ time to solve:  -0.00670933723449707
C++ time to solve:  -0.006570339202880859
C++ time to solve:  -0.006548881530761719
C++ time to solve:  -0.006734371185302734
C++ time to solve:  -0.0066640377044677734
C++ time to solve:  -0.006479501724243164
C++ time to solve:  -0.006599903106689453
C++ time to solve:  -0.0065555572509765625
BPP: [1.0, 1.0, 1.0, 1.0]
C++ time to solve:  -0.0068950653076171875
C++ time to solve:  -0.0065021514892578125
C++ time to solve:  -0.006879568099975586
C++ time to solve:  -0.006571292877197266
C++ time to solve:  -0.006623029708862305
C++ time to solve:  -0.0067901611328125
C++ time to solve:  -0.006856679916381836
C++ time to solve:  -0.00671076774597168
C++ time to solve:  -0.00765538215637207
C++ time to solve:  -0.006474494934082031
C++ time to solve:  -0.006578683853149414
C++ time to solve:  -0.006728172302246094
C++ time to solve:  -0.006564140319824219
C++ time to solve:  -0.00664830207824707
C++ time to solve:  -0.006729841232299805
C++ time to solve:  -0.006713151931762695
C++ time to solve:  -0.0067822933197021484
C++ time to solve:  -0.006462812423706055
C++ time to solve:  -0.006667613983154297
C++ time to solve:  -0.006737470626831055
SHO: [1.0, 1.0, 1.0, 1.0]
STAT: [1.0, 1.0, 1.0, 1.0]
Clauses 16 took -1.8964579105377197
C++ time to solve:  -0.006460905075073242
C++ time to solve:  -0.006766319274902344
C++ time to solve:  -0.007263660430908203
C++ time to solve:  -0.006636619567871094
C++ time to solve:  -0.007000923156738281
C++ time to solve:  -0.006798744201660156
C++ time to solve:  -0.006749868392944336
C++ time to solve:  -0.00665283203125
C++ time to solve:  -0.006811618804931641
C++ time to solve:  -0.006895303726196289
C++ time to solve:  -0.0068318843841552734
C++ time to solve:  -0.006623268127441406
C++ time to solve:  -0.0067348480224609375
C++ time to solve:  -0.006773948669433594
C++ time to solve:  -0.0066585540771484375
C++ time to solve:  -0.006564617156982422
C++ time to solve:  -0.0066835880279541016
C++ time to solve:  -0.006528377532958984
C++ time to solve:  -0.0064737796783447266
C++ time to solve:  -0.006827831268310547
BPP: [1.0, 1.0, 1.0, 1.0, 1.0]
C++ time to solve:  -0.006524324417114258
C++ time to solve:  -0.00719451904296875
C++ time to solve:  -0.006951808929443359
C++ time to solve:  -0.006686210632324219
C++ time to solve:  -0.007727146148681641
C++ time to solve:  -0.006867408752441406
C++ time to solve:  -0.007915019989013672
C++ time to solve:  -0.006776332855224609
C++ time to solve:  -0.00711512565612793
C++ time to solve:  -0.008175373077392578
C++ time to solve:  -0.007238626480102539
C++ time to solve:  -0.00687861442565918
C++ time to solve:  -0.0069468021392822266
C++ time to solve:  -0.0070667266845703125
C++ time to solve:  -0.0067555904388427734
C++ time to solve:  -0.006523609161376953
C++ time to solve:  -0.006848573684692383
C++ time to solve:  -0.006497621536254883
C++ time to solve:  -0.007924079895019531
C++ time to solve:  -0.006901741027832031
SHO: [1.0, 1.0, 1.0, 1.0, 1.0]
STAT: [1.0, 1.0, 1.0, 1.0, 1.0]
Clauses 20 took -2.176891326904297
C++ time to solve:  -0.006772756576538086
C++ time to solve:  -0.00782465934753418
C++ time to solve:  -0.006607770919799805
C++ time to solve:  -0.006693840026855469
C++ time to solve:  -0.00658416748046875
C++ time to solve:  -0.006688833236694336
C++ time to solve:  -0.006584882736206055
C++ time to solve:  -0.006653308868408203
C++ time to solve:  -0.006773710250854492
C++ time to solve:  -0.00667881965637207
C++ time to solve:  -0.0065288543701171875
C++ time to solve:  -0.006673097610473633
C++ time to solve:  -0.006838083267211914
C++ time to solve:  -0.006925106048583984
C++ time to solve:  -0.006830692291259766
C++ time to solve:  -0.006869316101074219
C++ time to solve:  -0.006700277328491211
C++ time to solve:  -0.006796598434448242
C++ time to solve:  -0.006534099578857422
C++ time to solve:  -0.006669044494628906
BPP: [1.0, 1.0, 1.0, 1.0, 1.0, 1.0]
C++ time to solve:  -0.006922006607055664
C++ time to solve:  -0.007810115814208984
C++ time to solve:  -0.006737470626831055
C++ time to solve:  -0.006722450256347656
C++ time to solve:  -0.006875038146972656
C++ time to solve:  -0.0065648555755615234
C++ time to solve:  -0.006866455078125
C++ time to solve:  -0.006644725799560547
C++ time to solve:  -0.006828784942626953
C++ time to solve:  -0.007393836975097656
C++ time to solve:  -0.0065000057220458984
C++ time to solve:  -0.00717473030090332
C++ time to solve:  -0.006702899932861328
C++ time to solve:  -0.007568836212158203
C++ time to solve:  -0.006986379623413086
C++ time to solve:  -0.007235288619995117
C++ time to solve:  -0.007178783416748047
C++ time to solve:  -0.007391691207885742
C++ time to solve:  -0.006724119186401367
C++ time to solve:  -0.006856203079223633
SHO: [1.0, 1.0, 1.0, 1.0, 1.0, 1.0]
STAT: [1.0, 1.0, 1.0, 1.0, 1.0, 1.0]
Clauses 24 took -2.580658197402954
C++ time to solve:  -0.007114887237548828
C++ time to solve:  -0.006934404373168945
C++ time to solve:  -0.006890296936035156
C++ time to solve:  -0.007483959197998047
C++ time to solve:  -0.007117748260498047
C++ time to solve:  -0.007681846618652344
C++ time to solve:  -0.007504701614379883
C++ time to solve:  -0.0069119930267333984
C++ time to solve:  -0.0069963932037353516
C++ time to solve:  -0.006864070892333984
C++ time to solve:  -0.007084369659423828
C++ time to solve:  -0.007869482040405273
C++ time to solve:  -0.008011579513549805
C++ time to solve:  -0.007470607757568359
C++ time to solve:  -0.007103443145751953
C++ time to solve:  -0.0073757171630859375
C++ time to solve:  -0.006586790084838867
C++ time to solve:  -0.006710529327392578
C++ time to solve:  -0.007466554641723633
C++ time to solve:  -0.0076520442962646484
BPP: [1.0, 1.0, 1.0, 1.0, 1.0, 1.0, 1.0]
C++ time to solve:  -0.006803989410400391
C++ time to solve:  -0.007036447525024414
C++ time to solve:  -0.007414102554321289
C++ time to solve:  -0.0076334476470947266
C++ time to solve:  -0.006947040557861328
C++ time to solve:  -0.0068857669830322266
C++ time to solve:  -0.009149312973022461
C++ time to solve:  -0.0069427490234375
C++ time to solve:  -0.0071027278900146484
C++ time to solve:  -0.00689387321472168
C++ time to solve:  -0.007829427719116211
C++ time to solve:  -0.006855964660644531
C++ time to solve:  -0.009113788604736328
C++ time to solve:  -0.008192300796508789
C++ time to solve:  -0.007603168487548828
C++ time to solve:  -0.007156848907470703
C++ time to solve:  -0.006920576095581055
C++ time to solve:  -0.006761312484741211
C++ time to solve:  -0.007900238037109375
C++ time to solve:  -0.008184432983398438
SHO: [1.0, 1.0, 1.0, 1.0, 1.0, 1.0, 1.0]
STAT: [1.0, 1.0, 1.0, 1.0, 1.0, 1.0, 1.0]
Clauses 28 took -3.0289413928985596
C++ time to solve:  -0.006878852844238281
C++ time to solve:  -0.059882402420043945
C++ time to solve:  -0.007943868637084961
C++ time to solve:  -0.00703740119934082
C++ time to solve:  -0.007177829742431641
C++ time to solve:  -0.007265806198120117
C++ time to solve:  -0.007046937942504883
C++ time to solve:  -0.0066034793853759766
C++ time to solve:  -0.006859302520751953
C++ time to solve:  -0.007065773010253906
C++ time to solve:  -0.006783962249755859
C++ time to solve:  -0.006825447082519531
C++ time to solve:  -0.007068157196044922
C++ time to solve:  -0.008521795272827148
C++ time to solve:  -0.007024049758911133
C++ time to solve:  -0.00666046142578125
C++ time to solve:  -0.007250547409057617
C++ time to solve:  -0.0069255828857421875
C++ time to solve:  -0.007336616516113281
C++ time to solve:  -0.006972551345825195
BPP: [1.0, 1.0, 1.0, 1.0, 1.0, 1.0, 1.0, 1.0]
C++ time to solve:  -0.007119655609130859
C++ time to solve:  -0.006843090057373047
C++ time to solve:  -0.007329463958740234
C++ time to solve:  -0.007621288299560547
C++ time to solve:  -0.007267475128173828
C++ time to solve:  -0.007559061050415039
C++ time to solve:  -0.007475137710571289
C++ time to solve:  -0.0072743892669677734
C++ time to solve:  -0.006918191909790039
C++ time to solve:  -0.00698542594909668
C++ time to solve:  -0.006936550140380859
C++ time to solve:  -0.008034706115722656
C++ time to solve:  -0.006947040557861328
C++ time to solve:  -0.006751298904418945
C++ time to solve:  -0.007155656814575195
C++ time to solve:  -0.007002830505371094
C++ time to solve:  -0.008179903030395508
C++ time to solve:  -0.0073626041412353516
C++ time to solve:  -0.009090185165405273
C++ time to solve:  -0.0076291561126708984
SHO: [1.0, 1.0, 1.0, 1.0, 1.0, 1.0, 1.0, 1.0]
STAT: [1.0, 1.0, 1.0, 1.0, 1.0, 1.0, 1.0, 1.0]
Clauses 32 took -3.2380993366241455
C++ time to solve:  -0.008301258087158203
C++ time to solve:  -0.008208751678466797
C++ time to solve:  -0.009049415588378906
C++ time to solve:  -0.00718998908996582
C++ time to solve:  -0.007126331329345703
C++ time to solve:  -0.0070683956146240234
C++ time to solve:  -0.007898092269897461
C++ time to solve:  -0.008624076843261719
C++ time to solve:  -0.00799870491027832
C++ time to solve:  -0.007478952407836914
C++ time to solve:  -0.007454633712768555
C++ time to solve:  -0.007070779800415039
C++ time to solve:  -0.008121967315673828
C++ time to solve:  -0.007063865661621094
C++ time to solve:  -0.0071926116943359375
C++ time to solve:  -0.008457422256469727
C++ time to solve:  -0.007140398025512695
C++ time to solve:  -0.00717473030090332
C++ time to solve:  -0.007182598114013672
C++ time to solve:  -0.007125377655029297
BPP: [1.0, 1.0, 1.0, 1.0, 1.0, 1.0, 1.0, 1.0, 1.0]
C++ time to solve:  -0.00841665267944336
C++ time to solve:  -0.008251428604125977
C++ time to solve:  -0.007657289505004883
C++ time to solve:  -0.0077550411224365234
C++ time to solve:  -0.008033990859985352
C++ time to solve:  -0.007498025894165039
C++ time to solve:  -0.00790858268737793
C++ time to solve:  -0.007261037826538086
C++ time to solve:  -0.008278369903564453
C++ time to solve:  -0.007508754730224609
C++ time to solve:  -0.008715391159057617
C++ time to solve:  -0.007112026214599609
C++ time to solve:  -0.0074481964111328125
C++ time to solve:  -0.00834035873413086
C++ time to solve:  -0.007740974426269531
C++ time to solve:  -0.009076595306396484
C++ time to solve:  -0.010171175003051758
C++ time to solve:  -0.0074346065521240234
C++ time to solve:  -0.009544849395751953
C++ time to solve:  -0.0071926116943359375
SHO: [1.0, 1.0, 1.0, 1.0, 1.0, 1.0, 1.0, 1.0, 1.0]
STAT: [1.0, 1.0, 1.0, 1.0, 1.0, 1.0, 1.0, 1.0, 1.0]
Clauses 36 took -4.28909707069397
C++ time to solve:  -0.007326364517211914
C++ time to solve:  -0.007853031158447266
C++ time to solve:  -0.0072231292724609375
C++ time to solve:  -0.008505582809448242
C++ time to solve:  -0.007826566696166992
C++ time to solve:  -0.0072367191314697266
C++ time to solve:  -0.007144927978515625
C++ time to solve:  -0.010129213333129883
C++ time to solve:  -0.008841276168823242
C++ time to solve:  -0.006737470626831055
C++ time to solve:  -0.006883382797241211
C++ time to solve:  -0.009043455123901367
C++ time to solve:  -0.007094621658325195
C++ time to solve:  -0.007043123245239258
C++ time to solve:  -0.008260250091552734
C++ time to solve:  -0.0070536136627197266
C++ time to solve:  -0.00886225700378418
C++ time to solve:  -0.007595062255859375
C++ time to solve:  -0.007422924041748047
C++ time to solve:  -0.00759434700012207
BPP: [1.0, 1.0, 1.0, 1.0, 1.0, 1.0, 1.0, 1.0, 1.0, 1.0]
C++ time to solve:  -0.0073659420013427734
C++ time to solve:  -0.00721430778503418
C++ time to solve:  -0.007616996765136719
C++ time to solve:  -0.008836507797241211
C++ time to solve:  -0.007057905197143555
C++ time to solve:  -0.008684635162353516
C++ time to solve:  -0.009450197219848633
C++ time to solve:  -0.0077059268951416016
C++ time to solve:  -0.0074100494384765625
C++ time to solve:  -0.00954437255859375
C++ time to solve:  -0.006785154342651367
C++ time to solve:  -0.011095523834228516
C++ time to solve:  -0.00857234001159668
C++ time to solve:  -0.007569074630737305
C++ time to solve:  -0.011172056198120117
C++ time to solve:  -0.006989240646362305
C++ time to solve:  -0.007071256637573242
C++ time to solve:  -0.009143590927124023
C++ time to solve:  -0.008045196533203125
C++ time to solve:  -0.007414340972900391
SHO: [1.0, 1.0, 1.0, 1.0, 1.0, 1.0, 1.0, 1.0, 1.0, 1.0]
STAT: [1.0, 1.0, 1.0, 1.0, 1.0, 1.0, 1.0, 1.0, 1.0, 1.0]
Clauses 40 took -9.602956295013428
C++ time to solve:  -0.006989240646362305
C++ time to solve:  -0.007923364639282227
C++ time to solve:  -0.00889134407043457
C++ time to solve:  -0.006894350051879883
C++ time to solve:  -0.0077495574951171875
C++ time to solve:  -0.007104396820068359
C++ time to solve:  -0.007322788238525391
C++ time to solve:  -0.009309530258178711
C++ time to solve:  -0.009261369705200195
C++ time to solve:  -0.007420539855957031
C++ time to solve:  -0.00816655158996582
C++ time to solve:  -0.008367776870727539
C++ time to solve:  -0.0074024200439453125
C++ time to solve:  -0.0074617862701416016
C++ time to solve:  -0.007536649703979492
C++ time to solve:  -0.00797271728515625
C++ time to solve:  -0.006878376007080078
C++ time to solve:  -0.007811546325683594
C++ time to solve:  -0.009273290634155273
C++ time to solve:  -0.007602691650390625
BPP: [1.0, 1.0, 1.0, 1.0, 1.0, 1.0, 1.0, 1.0, 1.0, 1.0, 1.0]
C++ time to solve:  -0.0068247318267822266
C++ time to solve:  -0.009008407592773438
C++ time to solve:  -0.007493734359741211
C++ time to solve:  -0.007563352584838867
C++ time to solve:  -0.007372379302978516
C++ time to solve:  -0.007325410842895508
C++ time to solve:  -0.008948564529418945
C++ time to solve:  -0.008886337280273438
C++ time to solve:  -0.007256984710693359
C++ time to solve:  -0.008905649185180664
C++ time to solve:  -0.009716272354125977
C++ time to solve:  -0.00959157943725586
C++ time to solve:  -0.0071563720703125
C++ time to solve:  -0.008969306945800781
C++ time to solve:  -0.007448434829711914
C++ time to solve:  -0.014051198959350586
C++ time to solve:  -0.00891566276550293
C++ time to solve:  -0.00975179672241211
C++ time to solve:  -0.008447408676147461
C++ time to solve:  -0.008914709091186523
SHO: [1.0, 1.0, 1.0, 1.0, 1.0, 1.0, 1.0, 1.0, 1.0, 1.0, 1.0]
STAT: [1.0, 1.0, 1.0, 1.0, 1.0, 1.0, 1.0, 1.0, 1.0, 1.0, 1.0]
Clauses 44 took -9.939107418060303
C++ time to solve:  -0.007284402847290039
C++ time to solve:  -0.0075016021728515625
C++ time to solve:  -0.0093536376953125
C++ time to solve:  -0.021870851516723633
C++ time to solve:  -0.008380889892578125
C++ time to solve:  -0.007411956787109375
C++ time to solve:  -0.0075054168701171875
C++ time to solve:  -0.008750677108764648
C++ time to solve:  -0.007568836212158203
C++ time to solve:  -0.010681867599487305
C++ time to solve:  -0.009691476821899414
C++ time to solve:  -0.010612249374389648
C++ time to solve:  -0.009431838989257812
C++ time to solve:  -0.008195638656616211
C++ time to solve:  -0.010533332824707031
C++ time to solve:  -0.007608652114868164
C++ time to solve:  -0.00848531723022461
C++ time to solve:  -0.009639978408813477
C++ time to solve:  -0.008168697357177734
C++ time to solve:  -0.007166147232055664
BPP: [1.0, 1.0, 1.0, 1.0, 1.0, 1.0, 1.0, 1.0, 1.0, 1.0, 1.0, 1.0]
C++ time to solve:  -0.00811457633972168
C++ time to solve:  -0.008158445358276367
C++ time to solve:  -0.009853601455688477
C++ time to solve:  -0.011388540267944336
C++ time to solve:  -0.014291048049926758
C++ time to solve:  -0.011476755142211914
C++ time to solve:  -0.010712623596191406
C++ time to solve:  -0.008653402328491211
C++ time to solve:  -0.00948953628540039
C++ time to solve:  -0.010886669158935547
C++ time to solve:  -0.01259303092956543
C++ time to solve:  -0.01127171516418457
C++ time to solve:  -0.006929874420166016
C++ time to solve:  -0.0071353912353515625
C++ time to solve:  -0.007467508316040039
C++ time to solve:  -0.008530378341674805
C++ time to solve:  -0.008211851119995117
C++ time to solve:  -0.008366823196411133
C++ time to solve:  -0.007760286331176758
C++ time to solve:  -0.008699655532836914
SHO: [1.0, 1.0, 1.0, 1.0, 1.0, 1.0, 1.0, 1.0, 1.0, 1.0, 1.0, 1.0]
STAT: [1.0, 1.0, 1.0, 1.0, 1.0, 1.0, 1.0, 1.0, 1.0, 1.0, 1.0, 1.0]
Clauses 48 took -42.05469012260437
C++ time to solve:  -0.009665727615356445
C++ time to solve:  -0.017366886138916016
C++ time to solve:  -0.009519577026367188
C++ time to solve:  -0.0073223114013671875
C++ time to solve:  -0.009500503540039062
C++ time to solve:  -0.0076503753662109375
C++ time to solve:  -0.010160446166992188
C++ time to solve:  -0.00752711296081543
C++ time to solve:  -0.009124517440795898
C++ time to solve:  -0.008038997650146484
C++ time to solve:  -0.007425546646118164
C++ time to solve:  -0.008516550064086914
C++ time to solve:  -0.007968664169311523
C++ time to solve:  -0.007515907287597656
C++ time to solve:  -0.008887052536010742
C++ time to solve:  -0.013575553894042969
C++ time to solve:  -0.00684666633605957
C++ time to solve:  -0.013492345809936523
C++ time to solve:  -0.010115385055541992
C++ time to solve:  -0.009103059768676758
BPP: [1.0, 1.0, 1.0, 1.0, 1.0, 1.0, 1.0, 1.0, 1.0, 1.0, 1.0, 1.0, 1.0]
C++ time to solve:  -0.011346817016601562
C++ time to solve:  -0.013402938842773438
C++ time to solve:  -0.026117324829101562
C++ time to solve:  -0.011109113693237305
C++ time to solve:  -0.015243053436279297
C++ time to solve:  -0.010446310043334961
C++ time to solve:  -0.009067773818969727
C++ time to solve:  -0.007231712341308594
C++ time to solve:  -0.01473546028137207
C++ time to solve:  -0.015380620956420898
C++ time to solve:  -0.007121086120605469
C++ time to solve:  -0.012563467025756836
C++ time to solve:  -0.00838160514831543
C++ time to solve:  -0.012828826904296875
C++ time to solve:  -0.0090179443359375
C++ time to solve:  -0.0073909759521484375
C++ time to solve:  -0.0072612762451171875
C++ time to solve:  -0.012025594711303711
C++ time to solve:  -0.009492635726928711
C++ time to solve:  -0.012974977493286133
SHO: [1.0, 1.0, 1.0, 1.0, 1.0, 1.0, 1.0, 1.0, 1.0, 1.0, 1.0, 1.0, 1.0]
STAT: [1.0, 1.0, 1.0, 1.0, 1.0, 1.0, 1.0, 1.0, 1.0, 1.0, 1.0, 1.0, 1.0]
Clauses 52 took -37.82385778427124
C++ time to solve:  -0.015361309051513672
C++ time to solve:  -0.06634378433227539
C++ time to solve:  -0.00717926025390625
C++ time to solve:  -0.008659839630126953
C++ time to solve:  -0.009174108505249023
C++ time to solve:  -0.008826732635498047
C++ time to solve:  -0.011385202407836914
C++ time to solve:  -0.00980234146118164
C++ time to solve:  -0.01525425910949707
C++ time to solve:  -0.0068912506103515625
C++ time to solve:  -0.01345062255859375
C++ time to solve:  -0.011689424514770508
C++ time to solve:  -0.012113332748413086
C++ time to solve:  -0.009378910064697266
C++ time to solve:  -0.014044761657714844
C++ time to solve:  -0.012156009674072266
C++ time to solve:  -0.012186050415039062
C++ time to solve:  -0.0071599483489990234
C++ time to solve:  -0.008529901504516602
C++ time to solve:  -0.0076372623443603516
BPP: [1.0, 1.0, 1.0, 1.0, 1.0, 1.0, 1.0, 1.0, 1.0, 1.0, 1.0, 1.0, 1.0, 1.0]
C++ time to solve:  -0.02288818359375
C++ time to solve:  -0.013905763626098633
C++ time to solve:  -0.010894298553466797
C++ time to solve:  -0.014957189559936523
C++ time to solve:  -0.009941816329956055
C++ time to solve:  -0.06270933151245117
C++ time to solve:  -0.014253854751586914
C++ time to solve:  -0.008292198181152344
C++ time to solve:  -0.01616191864013672
C++ time to solve:  -0.021986007690429688
C++ time to solve:  -0.017688751220703125
C++ time to solve:  -0.007459878921508789
C++ time to solve:  -0.008087158203125
C++ time to solve:  -0.011159420013427734
C++ time to solve:  -0.01055765151977539
C++ time to solve:  -0.01633763313293457
C++ time to solve:  -0.009310483932495117
C++ time to solve:  -0.022135019302368164
C++ time to solve:  -0.00915217399597168
C++ time to solve:  -0.008075237274169922
SHO: [1.0, 1.0, 1.0, 1.0, 1.0, 1.0, 1.0, 1.0, 1.0, 1.0, 1.0, 1.0, 1.0, 1.0]
STAT: [1.0, 1.0, 1.0, 1.0, 1.0, 1.0, 1.0, 1.0, 1.0, 1.0, 1.0, 1.0, 1.0, 1.0]
Clauses 56 took -81.03736877441406
C++ time to solve:  -0.008336305618286133
C++ time to solve:  -0.009696483612060547
C++ time to solve:  -0.012781381607055664
C++ time to solve:  -0.012561798095703125
C++ time to solve:  -0.008840799331665039
C++ time to solve:  -0.02400374412536621
C++ time to solve:  -0.04661369323730469
C++ time to solve:  -0.009099960327148438
C++ time to solve:  -0.023199796676635742
C++ time to solve:  -0.008544683456420898
C++ time to solve:  -0.00936579704284668
C++ time to solve:  -0.01343083381652832
C++ time to solve:  -0.04173707962036133
C++ time to solve:  -0.10277032852172852
C++ time to solve:  -0.009169578552246094
C++ time to solve:  -0.012546062469482422
C++ time to solve:  -0.0155029296875
C++ time to solve:  -0.02149653434753418
C++ time to solve:  -0.008530616760253906
C++ time to solve:  -0.0072214603424072266
BPP: [1.0, 1.0, 1.0, 1.0, 1.0, 1.0, 1.0, 1.0, 1.0, 1.0, 1.0, 1.0, 1.0, 1.0, 1.0]
C++ time to solve:  -0.022933244705200195
C++ time to solve:  -0.010019063949584961
C++ time to solve:  -0.008409261703491211
C++ time to solve:  -0.0077972412109375
C++ time to solve:  -0.020689725875854492
C++ time to solve:  -0.01004791259765625
C++ time to solve:  -0.05453133583068848
C++ time to solve:  -0.008399724960327148
C++ time to solve:  -0.009434223175048828
C++ time to solve:  -0.01182246208190918
C++ time to solve:  -0.0073010921478271484
C++ time to solve:  -0.009127616882324219
C++ time to solve:  -0.01309061050415039
C++ time to solve:  -0.015150070190429688
C++ time to solve:  -0.00952601432800293
C++ time to solve:  -0.01109004020690918
C++ time to solve:  -0.015474081039428711
C++ time to solve:  -0.08435726165771484
C++ time to solve:  -0.013255834579467773
C++ time to solve:  -0.018932819366455078
SHO: [1.0, 1.0, 1.0, 1.0, 1.0, 1.0, 1.0, 1.0, 1.0, 1.0, 1.0, 1.0, 1.0, 1.0, 1.0]
STAT: [1.0, 1.0, 1.0, 1.0, 1.0, 1.0, 1.0, 1.0, 1.0, 1.0, 1.0, 1.0, 1.0, 1.0, 1.0]
Clauses 60 took -428.06531953811646
C++ time to solve:  -1.0400590896606445
C++ time to solve:  -0.010778427124023438
C++ time to solve:  -0.00922083854675293
C++ time to solve:  -0.018990516662597656
C++ time to solve:  -0.010115861892700195
C++ time to solve:  -0.0204622745513916
C++ time to solve:  -0.009921550750732422
C++ time to solve:  -0.017228364944458008
C++ time to solve:  -0.00855565071105957
C++ time to solve:  -0.008445262908935547
C++ time to solve:  -0.009849071502685547
C++ time to solve:  -0.010714054107666016
C++ time to solve:  -0.01314234733581543
C++ time to solve:  -0.012729883193969727
C++ time to solve:  -0.02784442901611328
C++ time to solve:  -0.018974781036376953
C++ time to solve:  -0.009558677673339844
C++ time to solve:  -0.015175580978393555
C++ time to solve:  -0.008398294448852539
C++ time to solve:  -0.01991558074951172
BPP: [1.0, 1.0, 1.0, 1.0, 1.0, 1.0, 1.0, 1.0, 1.0, 1.0, 1.0, 1.0, 1.0, 1.0, 1.0, 1.0]
C++ time to solve:  -0.17522358894348145
C++ time to solve:  -0.018152236938476562
C++ time to solve:  -0.06964492797851562
C++ time to solve:  -0.09276485443115234
C++ time to solve:  -0.012193679809570312
C++ time to solve:  -0.03257894515991211
C++ time to solve:  -0.018082618713378906
C++ time to solve:  -0.023437023162841797
C++ time to solve:  -0.011444091796875
C++ time to solve:  -0.019834280014038086
C++ time to solve:  -0.010523080825805664
C++ time to solve:  -0.011076211929321289
C++ time to solve:  -0.014898538589477539
C++ time to solve:  -0.01174163818359375
C++ time to solve:  -0.009523153305053711
C++ time to solve:  -0.016297101974487305
C++ time to solve:  -0.013358116149902344
C++ time to solve:  -0.011737346649169922
C++ time to solve:  -0.010522127151489258
C++ time to solve:  -0.023768901824951172
SHO: [1.0, 1.0, 1.0, 1.0, 1.0, 1.0, 1.0, 1.0, 1.0, 1.0, 1.0, 1.0, 1.0, 1.0, 1.0, 1.0]
STAT: [1.0, 1.0, 1.0, 1.0, 1.0, 1.0, 1.0, 1.0, 1.0, 1.0, 1.0, 1.0, 1.0, 1.0, 1.0, 1.0]
Clauses 64 took -686.0721354484558
C++ time to solve:  -0.014286279678344727
C++ time to solve:  -0.015970945358276367
C++ time to solve:  -0.018779277801513672
C++ time to solve:  -0.015578746795654297
C++ time to solve:  -0.020995140075683594
C++ time to solve:  -0.007686138153076172
C++ time to solve:  -0.010152101516723633
C++ time to solve:  -0.013787984848022461
C++ time to solve:  -0.012692689895629883
C++ time to solve:  -0.010895490646362305
C++ time to solve:  -0.01230168342590332
C++ time to solve:  -0.017841577529907227
C++ time to solve:  -0.02049541473388672
C++ time to solve:  -0.019298553466796875
C++ time to solve:  -0.038136959075927734
C++ time to solve:  -0.008373260498046875
C++ time to solve:  -0.017780065536499023
C++ time to solve:  -0.012601137161254883
C++ time to solve:  -0.07802343368530273
C++ time to solve:  -0.01525259017944336
BPP: [1.0, 1.0, 1.0, 1.0, 1.0, 1.0, 1.0, 1.0, 1.0, 1.0, 1.0, 1.0, 1.0, 1.0, 1.0, 1.0, 1.0]
C++ time to solve:  -0.011614561080932617
C++ time to solve:  -0.00771784782409668
C++ time to solve:  -0.016571998596191406
C++ time to solve:  -0.013061285018920898
C++ time to solve:  -0.009214401245117188
C++ time to solve:  -0.014836788177490234
C++ time to solve:  -0.03606986999511719
C++ time to solve:  -0.019398212432861328
C++ time to solve:  -0.016507387161254883
C++ time to solve:  -0.010807991027832031
C++ time to solve:  -0.012653112411499023
C++ time to solve:  -0.018046140670776367
C++ time to solve:  -0.008612394332885742
C++ time to solve:  -0.013856887817382812
C++ time to solve:  -0.020604848861694336
C++ time to solve:  -0.007485389709472656
C++ time to solve:  -0.030852317810058594
C++ time to solve:  -0.008159399032592773
C++ time to solve:  -0.012629270553588867
C++ time to solve:  -0.01552438735961914
SHO: [1.0, 1.0, 1.0, 1.0, 1.0, 1.0, 1.0, 1.0, 1.0, 1.0, 1.0, 1.0, 1.0, 1.0, 1.0, 1.0, 1.0]
STAT: [1.0, 1.0, 1.0, 1.0, 1.0, 1.0, 1.0, 1.0, 1.0, 1.0, 1.0, 1.0, 1.0, 1.0, 1.0, 1.0, 1.0]
Clauses 68 took -523.3681919574738
C++ time to solve:  -0.08742117881774902
C++ time to solve:  -0.06545448303222656
C++ time to solve:  -0.014132022857666016
C++ time to solve:  -0.01429128646850586
C++ time to solve:  -1.1255590915679932
C++ time to solve:  -0.4071943759918213
C++ time to solve:  -0.016970396041870117
C++ time to solve:  -0.009854316711425781
C++ time to solve:  -0.008280515670776367
C++ time to solve:  -0.007427692413330078
C++ time to solve:  -0.014962911605834961
C++ time to solve:  -0.008689641952514648
C++ time to solve:  -0.3374025821685791
C++ time to solve:  -0.013988733291625977
C++ time to solve:  -0.011145353317260742
C++ time to solve:  -0.014195680618286133
C++ time to solve:  -0.03150486946105957
C++ time to solve:  -0.021429061889648438
C++ time to solve:  -0.10213279724121094
C++ time to solve:  -0.01232004165649414
BPP: [1.0, 1.0, 1.0, 1.0, 1.0, 1.0, 1.0, 1.0, 1.0, 1.0, 1.0, 1.0, 1.0, 1.0, 1.0, 1.0, 1.0, 1.0]
C++ time to solve:  -0.1892867088317871
C++ time to solve:  -0.021001577377319336
C++ time to solve:  -0.0794379711151123
C++ time to solve:  -0.011671781539916992
C++ time to solve:  -0.14512205123901367
C++ time to solve:  -0.20261502265930176
C++ time to solve:  -0.029134511947631836
C++ time to solve:  -0.033948421478271484
C++ time to solve:  -0.010495901107788086
C++ time to solve:  -0.01099538803100586
C++ time to solve:  -0.026398420333862305
C++ time to solve:  -0.0208282470703125
C++ time to solve:  -0.17648863792419434
C++ time to solve:  -0.015692710876464844
C++ time to solve:  -0.010905265808105469
C++ time to solve:  -0.01599907875061035
C++ time to solve:  -0.07436156272888184
C++ time to solve:  -0.010335683822631836
C++ time to solve:  -0.009522438049316406
C++ time to solve:  -0.030365943908691406
SHO: [1.0, 1.0, 1.0, 1.0, 1.0, 1.0, 1.0, 1.0, 1.0, 1.0, 1.0, 1.0, 1.0, 1.0, 1.0, 1.0, 1.0, 1.0]
STAT: [1.0, 1.0, 1.0, 1.0, 1.0, 1.0, 1.0, 1.0, 1.0, 1.0, 1.0, 1.0, 1.0, 1.0, 1.0, 1.0, 1.0, 1.0]
Clauses 72 took -1661.7554783821106
C++ time to solve:  -0.1764383316040039
C++ time to solve:  -0.05091071128845215
C++ time to solve:  -0.0441436767578125
C++ time to solve:  -0.11359310150146484
C++ time to solve:  -0.8242743015289307
C++ time to solve:  -0.019927263259887695
C++ time to solve:  -0.0076847076416015625
C++ time to solve:  -0.013679027557373047
C++ time to solve:  -0.02554011344909668
C++ time to solve:  -0.01616978645324707
C++ time to solve:  -0.11129069328308105
C++ time to solve:  -0.12563610076904297
C++ time to solve:  -0.13662433624267578
C++ time to solve:  -0.1406710147857666
C++ time to solve:  -8.743443965911865
C++ time to solve:  -0.11679959297180176
C++ time to solve:  -0.09308433532714844
C++ time to solve:  -0.46955347061157227
C++ time to solve:  -0.009495973587036133
C++ time to solve:  -0.06627058982849121
BPP: [1.0, 1.0, 1.0, 1.0, 1.0, 1.0, 1.0, 1.0, 1.0, 1.0, 1.0, 1.0, 1.0, 1.0, 1.0, 1.0, 1.0, 1.0, 0.95]
C++ time to solve:  -0.02218484878540039
C++ time to solve:  -0.02991962432861328
C++ time to solve:  -0.14980196952819824
C++ time to solve:  -0.030994176864624023
C++ time to solve:  -0.08798670768737793
C++ time to solve:  -0.04085350036621094
C++ time to solve:  -0.010302543640136719
C++ time to solve:  -0.016257047653198242
C++ time to solve:  -0.012012720108032227
C++ time to solve:  -0.07776927947998047
C++ time to solve:  -0.32347941398620605
C++ time to solve:  -0.023275375366210938
C++ time to solve:  -0.05032968521118164
C++ time to solve:  -0.009593725204467773
C++ time to solve:  -6.239844560623169
C++ time to solve:  -0.00814509391784668
C++ time to solve:  -0.03227424621582031
C++ time to solve:  -0.1450793743133545
C++ time to solve:  -0.01401066780090332
C++ time to solve:  -0.061068058013916016
SHO: [1.0, 1.0, 1.0, 1.0, 1.0, 1.0, 1.0, 1.0, 1.0, 1.0, 1.0, 1.0, 1.0, 1.0, 1.0, 1.0, 1.0, 1.0, 0.95]
slurmstepd: error: *** JOB 399507 ON cn073 CANCELLED AT 2023-03-25T03:20:42 DUE TO TIME LIMIT ***
