../BPPSAT/SATS/UF250.1065.100/uf250-01.cnf
250   1065
average flips:  34422.0
total time:  1.445979118347168
../BPPSAT/SATS/UF250.1065.100/uf250-02.cnf
250   1065
H 3
T 0.20033
dH 0
H 3
T 0.20234000000000002
dH 0
average flips:  699678.0
total time:  65.91888737678528
../BPPSAT/SATS/UF250.1065.100/uf250-03.cnf
250   1065
H 6
T 0.20446999999999999
dH 1
H 4
T 0.20494999999999997
dH 0
H 5
T 0.20492999999999997
dH 0
H 5
T 0.20284000000000002
dH 0
average flips:  1282539.6666666667
total time:  169.79471588134766
