Number of cpu :  80
BPP: [0.975]
BPP time to solve:  -3.5317811965942383
SHO: [0.975]
Shoning time to solve:  -2.4089646339416504
STAT: [1.0]
Stat time to solve:  -202.79696798324585
Clauses 30 took -202.79699969291687
BPP: [0.975, 1.0]
BPP time to solve:  -0.05179286003112793
SHO: [0.975, 1.0]
Shoning time to solve:  -0.03203225135803223
STAT: [1.0, 1.0]
Stat time to solve:  -2.9245810508728027
Clauses 32 took -2.924609899520874
BPP: [0.975, 1.0, 0.975]
BPP time to solve:  -4.426055431365967
SHO: [0.975, 1.0, 0.975]
Shoning time to solve:  -3.0505177974700928
STAT: [1.0, 1.0, 1.0]
Stat time to solve:  -213.4191837310791
Clauses 35 took -213.41923308372498
BPP: [0.975, 1.0, 0.975, 0.9125]
BPP time to solve:  -4.514750242233276
SHO: [0.975, 1.0, 0.975, 0.9125]
Shoning time to solve:  -3.38349986076355
STAT: [1.0, 1.0, 1.0, 1.0]
Stat time to solve:  -249.63417530059814
Clauses 37 took -249.6342010498047
BPP: [0.975, 1.0, 0.975, 0.9125, 0.8375]
BPP time to solve:  -5.226473569869995
SHO: [0.975, 1.0, 0.975, 0.9125, 0.8375]
Shoning time to solve:  -4.047682285308838
STAT: [1.0, 1.0, 1.0, 1.0, 1.0]
Stat time to solve:  -265.36482405662537
Clauses 40 took -265.3648464679718
BPP: [0.975, 1.0, 0.975, 0.9125, 0.8375, 0.675]
BPP time to solve:  -5.76706600189209
SHO: [0.975, 1.0, 0.975, 0.9125, 0.8375, 0.675]
Shoning time to solve:  -4.729476690292358
STAT: [1.0, 1.0, 1.0, 1.0, 1.0, 0.0]
Stat time to solve:  -320.0617973804474
Clauses 43 took -320.0618300437927
BPP: [0.975, 1.0, 0.975, 0.9125, 0.8375, 0.675, 0.6625]
BPP time to solve:  -6.333153009414673
SHO: [0.975, 1.0, 0.975, 0.9125, 0.8375, 0.675, 0.6625]
Shoning time to solve:  -4.843478202819824
STAT: [1.0, 1.0, 1.0, 1.0, 1.0, 0.0, 1.0]
Stat time to solve:  -337.27922773361206
Clauses 45 took -337.27925157546997
BPP: [0.975, 1.0, 0.975, 0.9125, 0.8375, 0.675, 0.6625, 0.5625]
BPP time to solve:  -6.825529098510742
SHO: [0.975, 1.0, 0.975, 0.9125, 0.8375, 0.675, 0.6625, 0.5625]
Shoning time to solve:  -6.116756439208984
STAT: [1.0, 1.0, 1.0, 1.0, 1.0, 0.0, 1.0, 1.0]
Stat time to solve:  -435.69041323661804
Clauses 48 took -435.6904411315918
BPP: [0.975, 1.0, 0.975, 0.9125, 0.8375, 0.675, 0.6625, 0.5625, 0.3875]
BPP time to solve:  -8.639350175857544
SHO: [0.975, 1.0, 0.975, 0.9125, 0.8375, 0.675, 0.6625, 0.5625, 0.3875]
Shoning time to solve:  -7.208585262298584
STAT: [1.0, 1.0, 1.0, 1.0, 1.0, 0.0, 1.0, 1.0, 0.0]
Stat time to solve:  -580.3475630283356
Clauses 51 took -580.3476612567902
BPP: [0.975, 1.0, 0.975, 0.9125, 0.8375, 0.675, 0.6625, 0.5625, 0.3875, 0.3375]
BPP time to solve:  -9.775754928588867
SHO: [0.975, 1.0, 0.975, 0.9125, 0.8375, 0.675, 0.6625, 0.5625, 0.3875, 0.3375]
Shoning time to solve:  -7.413780450820923
STAT: [1.0, 1.0, 1.0, 1.0, 1.0, 0.0, 1.0, 1.0, 0.0, 1.0]
Stat time to solve:  -598.3012869358063
Clauses 53 took -598.3013005256653
BPP: [0.975, 1.0, 0.975, 0.9125, 0.8375, 0.675, 0.6625, 0.5625, 0.3875, 0.3375, 0.2375]
BPP time to solve:  -10.188023567199707
SHO: [0.975, 1.0, 0.975, 0.9125, 0.8375, 0.675, 0.6625, 0.5625, 0.3875, 0.3375, 0.2375]
Shoning time to solve:  -8.796178102493286
slurmstepd: error: *** JOB 401587 ON cn055 CANCELLED AT 2023-03-30T10:40:10 DUE TO TIME LIMIT ***
