Number of cpu :  80
BPP: [1.0]
BPP time to solve:  -2.0614748001098633
SHO: [1.0]
Shoning time to solve:  -0.23688101768493652
STAT: [1.0]
Stat time to solve:  -1069.6009662151337
Clauses 75 took -1069.6009774208069
BPP: [1.0, 1.0]
BPP time to solve:  -0.46385979652404785
SHO: [1.0, 1.0]
Shoning time to solve:  -0.42214059829711914
STAT: [1.0, 1.0]
Stat time to solve:  -1170.8602056503296
Clauses 81 took -1170.8602271080017
BPP: [1.0, 1.0, 0.9875]
BPP time to solve:  -102.79665303230286
SHO: [1.0, 1.0, 0.9875]
Shoning time to solve:  -75.88851428031921
STAT: [1.0, 1.0, 1.0]
Stat time to solve:  -3959.0971236228943
Clauses 88 took -3959.097138404846
BPP: [1.0, 1.0, 0.9875, 0.925]
BPP time to solve:  -123.13553142547607
SHO: [1.0, 1.0, 0.9875, 0.925]
Shoning time to solve:  -93.59054327011108
STAT: [1.0, 1.0, 1.0, 1.0]
Stat time to solve:  -4603.98185133934
Clauses 94 took -4603.981862306595
BPP: [1.0, 1.0, 0.9875, 0.925, 0.825]
BPP time to solve:  -140.91567611694336
SHO: [1.0, 1.0, 0.9875, 0.925, 0.825]
Shoning time to solve:  -109.17694187164307
STAT: [1.0, 1.0, 1.0, 1.0, 0.0]
Stat time to solve:  -5503.726744651794
Clauses 101 took -5503.726983308792
BPP: [1.0, 1.0, 0.9875, 0.925, 0.825, 0.6]
BPP time to solve:  -154.0243217945099
SHO: [1.0, 1.0, 0.9875, 0.925, 0.825, 0.6]
Shoning time to solve:  -125.4551272392273
STAT: [1.0, 1.0, 1.0, 1.0, 0.0, 0.0]
Stat time to solve:  -7528.789506435394
Clauses 107 took -7528.7896201610565
BPP: [1.0, 1.0, 0.9875, 0.925, 0.825, 0.6, 0.4625]
BPP time to solve:  -187.04538536071777
SHO: [1.0, 1.0, 0.9875, 0.925, 0.825, 0.6, 0.4625]
Shoning time to solve:  -145.80492973327637
STAT: [1.0, 1.0, 1.0, 1.0, 0.0, 0.0, 0.0]
Stat time to solve:  -8844.230696201324
Clauses 114 took -8844.230712890625
BPP: [1.0, 1.0, 0.9875, 0.925, 0.825, 0.6, 0.4625, 0.275]
BPP time to solve:  -229.87613677978516
SHO: [1.0, 1.0, 0.9875, 0.925, 0.825, 0.6, 0.4625, 0.275]
Shoning time to solve:  -198.02043509483337
STAT: [1.0, 1.0, 1.0, 1.0, 0.0, 0.0, 0.0, 0.0]
Stat time to solve:  -11335.0781519413
Clauses 121 took -11335.078171491623
BPP: [1.0, 1.0, 0.9875, 0.925, 0.825, 0.6, 0.4625, 0.275, 0.3375]
BPP time to solve:  -237.87187004089355
SHO: [1.0, 1.0, 0.9875, 0.925, 0.825, 0.6, 0.4625, 0.275, 0.3375]
Shoning time to solve:  -199.4295039176941
STAT: [1.0, 1.0, 1.0, 1.0, 0.0, 0.0, 0.0, 0.0, 1.0]
Stat time to solve:  -12181.530202150345
Clauses 127 took -12181.530217409134
BPP: [1.0, 1.0, 0.9875, 0.925, 0.825, 0.6, 0.4625, 0.275, 0.3375, 0.075]
BPP time to solve:  -279.47137427330017
SHO: [1.0, 1.0, 0.9875, 0.925, 0.825, 0.6, 0.4625, 0.275, 0.3375, 0.075]
Shoning time to solve:  -236.95752429962158
STAT: [1.0, 1.0, 1.0, 1.0, 0.0, 0.0, 0.0, 0.0, 1.0, 0.0]
Stat time to solve:  -15097.06794834137
Clauses 134 took -15097.067962646484
BPP: [1.0, 1.0, 0.9875, 0.925, 0.825, 0.6, 0.4625, 0.275, 0.3375, 0.075, 0.0625]
BPP time to solve:  -286.4984452724457
SHO: [1.0, 1.0, 0.9875, 0.925, 0.825, 0.6, 0.4625, 0.275, 0.3375, 0.075, 0.0625]
Shoning time to solve:  -257.33945870399475
slurmstepd: error: *** JOB 400011 ON cn037 CANCELLED AT 2023-03-28T15:30:10 DUE TO TIME LIMIT ***
