Number of cpu :  80
C++ time to solve:  -0.01647186279296875
C++ time to solve:  -0.017348766326904297C++ time to solve: 
 C++ time to solve: -0.01612091064453125
 -0.015822172164916992
C++ time to solve:  -0.017235755920410156
C++ time to solve:  -0.016727447509765625
C++ time to solve:  -0.015557527542114258
C++ time to solve:  -0.016425609588623047
C++ time to solve:  -0.01731705665588379
C++ time to solve:  -0.016218185424804688
C++ time to solve:  -0.016164541244506836
C++ time to solve:  -0.0164029598236084
C++ time to solve:  -0.0172421932220459
C++ time to solve:  -0.017033815383911133
C++ time to solve:  -0.01717376708984375
C++ time to solve:  -0.01731419563293457
C++ time to solve:  -0.01745319366455078
C++ time to solve:  -0.0187685489654541
C++ time to solve:  -0.023303747177124023
C++ time to solve:  -0.02271556854248047
BPP: [1.0]
C++ time to solve:  -0.008045196533203125
C++ time to solve:  -0.006792306900024414
C++ time to solve:  -0.006788015365600586
C++ time to solve:  -0.007191181182861328
C++ time to solve:  -0.006865501403808594
C++ time to solve:  -0.0068302154541015625
C++ time to solve:  -0.006847381591796875
C++ time to solve:  -0.006821155548095703
C++ time to solve:  -0.006710529327392578
C++ time to solve:  -0.00697636604309082
C++ time to solve:  -0.006878376007080078
C++ time to solve:  -0.006760120391845703
C++ time to solve:  -0.006788015365600586
C++ time to solve:  -0.00672459602355957
C++ time to solve:  -0.006778240203857422
C++ time to solve:  -0.006699562072753906
C++ time to solve:  -0.006840705871582031
C++ time to solve:  -0.00680088996887207
C++ time to solve:  -0.006879329681396484
C++ time to solve:  -0.0070497989654541016
SHO: [1.0]
STAT: [1.0]
Clauses 4 took -1.2186458110809326
C++ time to solve:  -0.011819601058959961
C++ time to solve:  -0.012987613677978516
C++ time to solve:  -0.015650033950805664
C++ time to solve:  -0.013250112533569336
C++ time to solve:  -0.013757944107055664
C++ time to solve:  -0.016288042068481445
C++ time to solve:  -0.014130353927612305
C++ time to solve:  -0.014223098754882812
C++ time to solve:  -0.014714241027832031
C++ time to solve:  -0.015947341918945312C++ time to solve: 
 -0.01476907730102539
C++ time to solve:  -0.014807939529418945
C++ time to solve: C++ time to solve: C++ time to solve:    -0.014892339706420898-0.01481771469116211-0.018004894256591797C++ time to solve: 


 -0.01467585563659668
C++ time to solve:  -0.014938592910766602
C++ time to solve:  -0.01709890365600586
C++ time to solve:  C++ time to solve:  -0.02840590476989746-0.028250455856323242

BPP: [1.0, 1.0]
C++ time to solve:  -0.008675098419189453
C++ time to solve:  -0.009283781051635742
C++ time to solve:  -0.007004261016845703
C++ time to solve:  -0.007293701171875
C++ time to solve:  -0.007092952728271484
C++ time to solve:  -0.007093667984008789
C++ time to solve:  -0.007108926773071289
C++ time to solve:  -0.007002592086791992
C++ time to solve:  -0.0072803497314453125
C++ time to solve:  -0.006953716278076172
C++ time to solve:  -0.007352113723754883
C++ time to solve:  -0.006995439529418945
C++ time to solve:  -0.00717616081237793
C++ time to solve:  -0.0070002079010009766
C++ time to solve:  -0.007155418395996094
C++ time to solve:  -0.0074024200439453125
C++ time to solve:  -0.007145881652832031
C++ time to solve:  -0.00711822509765625
C++ time to solve:  -0.007111787796020508
C++ time to solve:  -0.007039785385131836
SHO: [1.0, 1.0]
STAT: [1.0, 1.0]
Clauses 8 took -2.3429718017578125
C++ time to solve:  -0.00797128677368164
C++ time to solve:  C++ time to solve: -0.008138656616210938 
-0.007828474044799805
C++ time to solve:  -0.00797414779663086
C++ time to solve:  -0.008103370666503906
C++ time to solve:  -0.008002758026123047
C++ time to solve:  -0.00994110107421875
C++ time to solve:  -0.007954120635986328
C++ time to solve:  C++ time to solve:  -0.010964393615722656
-0.010887622833251953
C++ time to solve:  -0.009900569915771484
C++ time to solve:  -0.010342836380004883
C++ time to solve:  -0.011059284210205078
C++ time to solve:  -0.011660099029541016
C++ time to solve:  -0.01116037368774414
C++ time to solve:  -0.011612176895141602
C++ time to solve:  -0.014993667602539062
C++ time to solve:  -0.016514301300048828
C++ time to solve:  -0.019067049026489258
C++ time to solve:  -0.01911616325378418
BPP: [1.0, 1.0, 1.0]
C++ time to solve:  -0.009555816650390625
C++ time to solve:  -0.00918436050415039
C++ time to solve:  -0.006976127624511719
C++ time to solve:  -0.006925106048583984
C++ time to solve:  -0.006955623626708984
C++ time to solve:  -0.006873369216918945
C++ time to solve:  -0.006659030914306641
C++ time to solve:  -0.007157564163208008
C++ time to solve:  -0.006630897521972656
C++ time to solve:  -0.006718635559082031
C++ time to solve:  -0.0067596435546875
C++ time to solve:  -0.006471157073974609
C++ time to solve:  -0.006800413131713867
C++ time to solve:  -0.006604433059692383
C++ time to solve:  -0.006614208221435547
C++ time to solve:  -0.006678342819213867
C++ time to solve:  -0.006651163101196289
C++ time to solve:  -0.007344484329223633
C++ time to solve:  -0.0066492557525634766
C++ time to solve:  -0.00656580924987793
SHO: [1.0, 1.0, 1.0]
STAT: [1.0, 1.0, 1.0]
Clauses 12 took -2.206383228302002
C++ time to solve:  -0.015463113784790039
C++ time to solve:  -0.015297651290893555
C++ time to solve:  -0.015450239181518555
C++ time to solve:  -0.01737809181213379
C++ time to solve:  -0.017499923706054688
C++ time to solve:  -0.016459941864013672
C++ time to solve:  -0.016453027725219727
C++ time to solve:  -0.016306400299072266C++ time to solve: 
 -0.016893625259399414
C++ time to solve:  C++ time to solve: -0.016152143478393555
 -0.016719818115234375
C++ time to solve:  -0.018272876739501953
C++ time to solve: C++ time to solve:   -0.016696691513061523-0.01872539520263672

C++ time to solve:  -0.018759489059448242
C++ time to solve:  -0.01662445068359375
C++ time to solve:  -0.018534183502197266
C++ time to solve:  -0.021982431411743164
C++ time to solve:  -0.02421712875366211
C++ time to solve:  -0.025547027587890625
BPP: [1.0, 1.0, 1.0, 1.0]
C++ time to solve:  -0.012495756149291992
C++ time to solve:  -0.007445573806762695
C++ time to solve:  -0.007775306701660156
C++ time to solve:  -0.007173299789428711
C++ time to solve:  -0.007070302963256836
C++ time to solve:  -0.008577823638916016
C++ time to solve:  -0.0070858001708984375
C++ time to solve:  -0.007027626037597656
C++ time to solve:  -0.009271621704101562
C++ time to solve:  -0.008032083511352539
C++ time to solve:  -0.006975650787353516
C++ time to solve:  -0.007002115249633789
C++ time to solve:  -0.0071675777435302734
C++ time to solve:  -0.007494688034057617
C++ time to solve:  -0.006978034973144531
C++ time to solve:  -0.0071353912353515625
C++ time to solve:  -0.0070950984954833984
C++ time to solve:  -0.0070722103118896484
C++ time to solve:  -0.008975744247436523
C++ time to solve:  -0.007190227508544922
SHO: [1.0, 1.0, 1.0, 1.0]
STAT: [1.0, 1.0, 1.0, 1.0]
Clauses 16 took -2.4456787109375
C++ time to solve:  -0.007950067520141602
C++ time to solve:  -0.007877588272094727
C++ time to solve:  C++ time to solve:  -0.008189201354980469
-0.007852554321289062
C++ time to solve:  -0.007827043533325195
C++ time to solve:  -0.008309364318847656
C++ time to solve:  -0.008736848831176758
C++ time to solve:  -0.00964808464050293
C++ time to solve: C++ time to solve:   -0.009317874908447266
-0.012775897979736328
C++ time to solve:  -0.010772705078125
C++ time to solve:  -0.013837814331054688
C++ time to solve:  -0.014918804168701172
C++ time to solve:  -0.012980222702026367
C++ time to solve:  -0.013619184494018555
C++ time to solve:  -0.016951560974121094
C++ time to solve:  -0.01758599281311035
C++ time to solve:  -0.018222808837890625
C++ time to solve:  -0.01974964141845703
C++ time to solve:  -0.01944255828857422
BPP: [1.0, 1.0, 1.0, 1.0, 1.0]
C++ time to solve:  -0.008264541625976562
C++ time to solve:  -0.00854945182800293
C++ time to solve:  -0.006915092468261719
C++ time to solve:  -0.006997585296630859
C++ time to solve:  -0.007007122039794922
C++ time to solve:  -0.0074350833892822266
C++ time to solve:  -0.006963491439819336
C++ time to solve:  -0.006775379180908203
C++ time to solve:  -0.0067806243896484375
C++ time to solve:  -0.006711483001708984
C++ time to solve:  -0.0068950653076171875
C++ time to solve:  -0.007073163986206055
C++ time to solve:  -0.00684666633605957
C++ time to solve:  -0.007508277893066406
C++ time to solve:  -0.006811380386352539
C++ time to solve:  -0.007066965103149414
C++ time to solve:  -0.0067424774169921875
C++ time to solve:  -0.007021188735961914
C++ time to solve:  -0.006749629974365234
C++ time to solve:  -0.007984638214111328
SHO: [1.0, 1.0, 1.0, 1.0, 1.0]
STAT: [1.0, 1.0, 1.0, 1.0, 1.0]
Clauses 20 took -2.5565531253814697
C++ time to solve:  -0.016282081604003906
C++ time to solve:  -0.01708674430847168
C++ time to solve:  -0.019213199615478516
C++ time to solve:  -0.018876075744628906
C++ time to solve:  -0.018767356872558594
C++ time to solve:  -0.021624326705932617
C++ time to solve:  -0.024265050888061523
C++ time to solve:  -0.024167776107788086
C++ time to solve:  -0.02288079261779785
C++ time to solve:  -0.023604631423950195
C++ time to solve:  -0.025283336639404297
C++ time to solve:  -0.02105712890625
C++ time to solve:  -0.0249176025390625
C++ time to solve:  -0.024112224578857422
C++ time to solve:  -0.027679443359375
C++ time to solve:  C++ time to solve: -0.02829885482788086 
-0.028287887573242188
C++ time to solve:  -0.027765512466430664
C++ time to solve:  -0.030308008193969727
C++ time to solve:  -0.025412797927856445
BPP: [1.0, 1.0, 1.0, 1.0, 1.0, 1.0]
C++ time to solve:  -0.009102106094360352
C++ time to solve:  -0.007635593414306641
C++ time to solve:  -0.010094165802001953
C++ time to solve:  -0.007584095001220703
C++ time to solve:  -0.007460832595825195
C++ time to solve:  -0.007966041564941406
C++ time to solve:  -0.007831811904907227
C++ time to solve:  -0.00851750373840332
C++ time to solve:  -0.007432699203491211
C++ time to solve:  -0.007349729537963867
C++ time to solve:  -0.007836580276489258
C++ time to solve:  -0.00713658332824707
C++ time to solve:  -0.009237051010131836
C++ time to solve:  -0.007295131683349609
C++ time to solve:  -0.007384538650512695
C++ time to solve:  -0.008333683013916016
C++ time to solve:  -0.007885932922363281
C++ time to solve:  -0.008421897888183594
C++ time to solve:  -0.007547140121459961
C++ time to solve:  -0.009167671203613281
SHO: [1.0, 1.0, 1.0, 1.0, 1.0, 1.0]
STAT: [1.0, 1.0, 1.0, 1.0, 1.0, 1.0]
Clauses 24 took -2.8935177326202393
C++ time to solve:  -0.03137636184692383
C++ time to solve:  -0.027524948120117188
C++ time to solve:  -0.03463244438171387
C++ time to solve:  -0.029094219207763672
C++ time to solve:  -0.03103780746459961
C++ time to solve:  -0.01960468292236328
C++ time to solve:  -0.0340428352355957
C++ time to solve:  -0.029408693313598633
C++ time to solve:  -0.033814430236816406
C++ time to solve: C++ time to solve:   -0.03384089469909668
-0.03480672836303711
C++ time to solve:  -0.03545856475830078
C++ time to solve:  -0.035562992095947266
C++ time to solve:  -0.03701210021972656
C++ time to solve:  -0.023691892623901367
C++ time to solve:  -0.037595510482788086
C++ time to solve:  -0.03927302360534668
C++ time to solve:  -0.03906512260437012
C++ time to solve:  -0.026240110397338867
C++ time to solve:  -0.026262760162353516
BPP: [1.0, 1.0, 1.0, 1.0, 1.0, 1.0, 1.0]
C++ time to solve:  -0.00951528549194336
C++ time to solve:  -0.008805274963378906
C++ time to solve:  -0.013161659240722656
C++ time to solve:  -0.007468700408935547
C++ time to solve:  -0.007218360900878906
C++ time to solve:  -0.0073108673095703125
C++ time to solve:  -0.007417201995849609
C++ time to solve:  -0.009141206741333008
C++ time to solve:  -0.007978439331054688
C++ time to solve:  -0.007486104965209961
C++ time to solve:  -0.008020877838134766
C++ time to solve:  -0.007300138473510742
C++ time to solve:  -0.007353305816650391
C++ time to solve:  -0.007838964462280273
C++ time to solve:  -0.008020401000976562
C++ time to solve:  -0.007353305816650391
C++ time to solve:  -0.007881641387939453
C++ time to solve:  -0.007867813110351562
C++ time to solve:  -0.008729219436645508
C++ time to solve:  -0.00893712043762207
SHO: [1.0, 1.0, 1.0, 1.0, 1.0, 1.0, 1.0]
STAT: [1.0, 1.0, 1.0, 1.0, 1.0, 1.0, 1.0]
Clauses 28 took -3.637230157852173
C++ time to solve:  -0.012552261352539062
C++ time to solve:  C++ time to solve: -0.014374971389770508 
-0.013080358505249023
C++ time to solve:  -0.014108419418334961
C++ time to solve:  -0.014846563339233398
C++ time to solve:  -0.013294458389282227
C++ time to solve:  -0.015322685241699219
C++ time to solve:  -0.014834403991699219
C++ time to solve:  -0.018926620483398438
C++ time to solve:  -0.019437551498413086
C++ time to solve:  -0.02038121223449707
C++ time to solve:  -0.019768714904785156
C++ time to solve:  -0.018803119659423828
C++ time to solve:  -0.019433259963989258
C++ time to solve:  -0.018664836883544922
C++ time to solve:  -0.020157814025878906
C++ time to solve:  -0.024564027786254883
C++ time to solve:  -0.025278329849243164
C++ time to solve:  -0.029823780059814453
C++ time to solve:  -0.03031134605407715
BPP: [1.0, 1.0, 1.0, 1.0, 1.0, 1.0, 1.0, 1.0]
C++ time to solve:  -0.011687278747558594
C++ time to solve:  -0.008294820785522461
C++ time to solve:  -0.008421897888183594
C++ time to solve:  -0.00754857063293457
C++ time to solve:  -0.01135563850402832
C++ time to solve:  -0.006988525390625
C++ time to solve:  -0.007358551025390625
C++ time to solve:  -0.008145570755004883
C++ time to solve:  -0.006914854049682617
C++ time to solve:  -0.0069293975830078125
C++ time to solve:  -0.007323026657104492
C++ time to solve:  -0.007620334625244141
C++ time to solve:  -0.007210731506347656
C++ time to solve:  -0.007923603057861328
C++ time to solve:  -0.007948875427246094
C++ time to solve:  -0.009625434875488281
C++ time to solve:  -0.0073337554931640625
C++ time to solve:  -0.006930112838745117
C++ time to solve:  -0.007148265838623047
C++ time to solve:  -0.007421255111694336
SHO: [1.0, 1.0, 1.0, 1.0, 1.0, 1.0, 1.0, 1.0]
STAT: [1.0, 1.0, 1.0, 1.0, 1.0, 1.0, 1.0, 1.0]
Clauses 32 took -3.648285388946533
C++ time to solve:  -0.008574962615966797
C++ time to solve:  -0.00897073745727539
C++ time to solve:  -0.009417533874511719
C++ time to solve:  -0.008672237396240234
C++ time to solve:  -0.01280975341796875
C++ time to solve:  -0.011264324188232422
C++ time to solve:  -0.013197660446166992
C++ time to solve:  -0.013781547546386719
C++ time to solve:  -0.017668724060058594C++ time to solve: 
 -0.015897274017333984
C++ time to solve:  -0.018963098526000977
C++ time to solve: C++ time to solve:   -0.017836570739746094
-0.017496109008789062
C++ time to solve:  -0.016297340393066406
C++ time to solve:  -0.017558574676513672C++ time to solve: 
 -0.017647743225097656
C++ time to solve:  -0.017251014709472656
C++ time to solve:  -0.019355058670043945
C++ time to solve:  -0.0195314884185791
C++ time to solve:  -0.020381450653076172
BPP: [1.0, 1.0, 1.0, 1.0, 1.0, 1.0, 1.0, 1.0, 1.0]
C++ time to solve:  -0.011826515197753906
C++ time to solve:  -0.007476091384887695
C++ time to solve:  -0.008463382720947266
C++ time to solve:  -0.008359909057617188
C++ time to solve:  -0.008562803268432617
C++ time to solve:  -0.007095813751220703
C++ time to solve:  -0.007524967193603516
C++ time to solve:  -0.00977635383605957
C++ time to solve:  -0.010698556900024414
C++ time to solve:  -0.007787942886352539
C++ time to solve:  -0.007487297058105469
C++ time to solve:  -0.006844520568847656
C++ time to solve:  -0.00938868522644043
C++ time to solve:  -0.008361339569091797
C++ time to solve:  -0.010076284408569336
C++ time to solve:  -0.010114431381225586
C++ time to solve:  -0.006580829620361328
C++ time to solve:  -0.007005453109741211
C++ time to solve:  -0.007558584213256836
C++ time to solve:  -0.008001565933227539
SHO: [1.0, 1.0, 1.0, 1.0, 1.0, 1.0, 1.0, 1.0, 1.0]
STAT: [1.0, 1.0, 1.0, 1.0, 1.0, 1.0, 1.0, 1.0, 1.0]
Clauses 36 took -4.6567933559417725
C++ time to solve:  -0.021251678466796875
C++ time to solve:  -0.020037174224853516
C++ time to solve:  -0.025256872177124023
C++ time to solve:  -0.023305416107177734
C++ time to solve:  -0.025098085403442383
C++ time to solve:  -0.024513721466064453
C++ time to solve:  -0.026093482971191406
C++ time to solve:  -0.026499509811401367
C++ time to solve:  -0.03333687782287598
C++ time to solve: C++ time to solve: C++ time to solve: C++ time to solve:     -0.04188203811645508-0.043982505798339844-0.041954755783081055-0.04272794723510742



C++ time to solve:  -0.043211936950683594
C++ time to solve:  -0.04329204559326172
C++ time to solve:  -0.045291900634765625
C++ time to solve:  -0.0462489128112793
C++ time to solve:  -0.04647684097290039
C++ time to solve:  -0.04905366897583008
C++ time to solve:  -0.04984474182128906
BPP: [1.0, 1.0, 1.0, 1.0, 1.0, 1.0, 1.0, 1.0, 1.0, 1.0]
C++ time to solve:  -0.010190963745117188
C++ time to solve:  -0.009908676147460938
C++ time to solve:  -0.009827613830566406
C++ time to solve:  -0.007875919342041016
C++ time to solve:  -0.008320808410644531
C++ time to solve:  -0.11632704734802246
C++ time to solve:  -0.0075490474700927734
C++ time to solve:  -0.007452487945556641
C++ time to solve:  -0.0077283382415771484
C++ time to solve:  -0.008730173110961914
C++ time to solve:  -0.007102251052856445
C++ time to solve:  -0.008831024169921875
C++ time to solve:  -0.007938861846923828
C++ time to solve:  -0.00875401496887207
C++ time to solve:  -0.007993459701538086
C++ time to solve:  -0.017803192138671875
C++ time to solve:  -0.008132696151733398
C++ time to solve:  -0.007848262786865234
C++ time to solve:  -0.007304668426513672
C++ time to solve:  -0.007565021514892578
SHO: [1.0, 1.0, 1.0, 1.0, 1.0, 1.0, 1.0, 1.0, 1.0, 1.0]
STAT: [1.0, 1.0, 1.0, 1.0, 1.0, 1.0, 1.0, 1.0, 1.0, 1.0]
Clauses 40 took -7.455941677093506
C++ time to solve:  -0.011980056762695312
C++ time to solve:  -0.011669635772705078
C++ time to solve:  -0.009227991104125977
C++ time to solve:  -0.012499332427978516
C++ time to solve:  -0.010972976684570312
C++ time to solve:  -0.014695167541503906
C++ time to solve:  -0.01398324966430664
C++ time to solve:  -0.013226985931396484
C++ time to solve:  -0.017410993576049805
C++ time to solve:  -0.020554065704345703
C++ time to solve:  -0.021053075790405273
C++ time to solve:  -0.021871566772460938
C++ time to solve:  -0.01953887939453125
C++ time to solve:  -0.021770715713500977
C++ time to solve:  -0.02174830436706543
C++ time to solve:  -0.02277827262878418
C++ time to solve:  -0.025054454803466797C++ time to solve: 
 -0.023497343063354492
C++ time to solve:  -0.028277158737182617
C++ time to solve:  -0.03018045425415039
BPP: [1.0, 1.0, 1.0, 1.0, 1.0, 1.0, 1.0, 1.0, 1.0, 1.0, 1.0]
C++ time to solve:  -0.013690948486328125
C++ time to solve:  -0.008104324340820312
C++ time to solve:  -0.012550830841064453
C++ time to solve:  -0.00860905647277832
C++ time to solve:  -0.012196063995361328
C++ time to solve:  -0.012166738510131836
C++ time to solve:  -0.012785673141479492
C++ time to solve:  -0.010689496994018555
C++ time to solve:  -0.007520437240600586
C++ time to solve:  -0.0088958740234375
C++ time to solve:  -0.008931636810302734
C++ time to solve:  -0.011841297149658203
C++ time to solve:  -0.007563114166259766
C++ time to solve:  -0.0101776123046875
C++ time to solve:  -0.010453224182128906
C++ time to solve:  -0.007893800735473633
C++ time to solve:  -0.010575056076049805
C++ time to solve:  -0.007299900054931641
C++ time to solve:  -0.01284933090209961
C++ time to solve:  -0.01080322265625
SHO: [1.0, 1.0, 1.0, 1.0, 1.0, 1.0, 1.0, 1.0, 1.0, 1.0, 1.0]
STAT: [1.0, 1.0, 1.0, 1.0, 1.0, 1.0, 1.0, 1.0, 1.0, 1.0, 1.0]
Clauses 44 took -10.163251161575317
C++ time to solve:  -0.010478019714355469
C++ time to solve:  -0.012386322021484375
C++ time to solve:  -0.011480093002319336
C++ time to solve:  -0.011396646499633789
C++ time to solve:  -0.013574838638305664
C++ time to solve:  C++ time to solve: -0.013342142105102539 
-0.015003681182861328
C++ time to solve:  -0.015079021453857422
C++ time to solve:  -0.0157773494720459
C++ time to solve:  -0.01607060432434082
C++ time to solve:  -0.016885995864868164
C++ time to solve:  -0.019298791885375977
C++ time to solve:  -0.019493579864501953
C++ time to solve:  -0.018509864807128906
C++ time to solve:  -0.019885540008544922
C++ time to solve:  -0.01967144012451172
C++ time to solve:  -0.022457599639892578
C++ time to solve:  -0.021899700164794922
C++ time to solve:  -0.0253450870513916
C++ time to solve:  -0.02858567237854004
BPP: [1.0, 1.0, 1.0, 1.0, 1.0, 1.0, 1.0, 1.0, 1.0, 1.0, 1.0, 1.0]
C++ time to solve:  -0.010529279708862305
C++ time to solve:  -0.011152267456054688
C++ time to solve:  -0.007895946502685547
C++ time to solve:  -0.00975799560546875
C++ time to solve:  -0.01133418083190918
C++ time to solve:  -0.008363008499145508
C++ time to solve:  -0.008445978164672852
C++ time to solve:  -0.0088653564453125
C++ time to solve:  -0.010561227798461914
C++ time to solve:  -0.011386632919311523
C++ time to solve:  -0.012649774551391602
C++ time to solve:  -0.007876873016357422
C++ time to solve:  -0.00808405876159668
C++ time to solve:  -0.007844924926757812
C++ time to solve:  -0.0201876163482666
C++ time to solve:  -0.010394573211669922
C++ time to solve:  -0.00921630859375
C++ time to solve:  -0.007669210433959961
C++ time to solve:  -0.007944822311401367
C++ time to solve:  -0.010012626647949219
SHO: [1.0, 1.0, 1.0, 1.0, 1.0, 1.0, 1.0, 1.0, 1.0, 1.0, 1.0, 1.0]
STAT: [1.0, 1.0, 1.0, 1.0, 1.0, 1.0, 1.0, 1.0, 1.0, 1.0, 1.0, 1.0]
Clauses 48 took -23.800652027130127
C++ time to solve:  -0.012165069580078125
C++ time to solve:  -0.012642383575439453
C++ time to solve:  -0.012721538543701172
C++ time to solve:  -0.013898372650146484
C++ time to solve:  -0.01450490951538086
C++ time to solve:  -0.013806581497192383
C++ time to solve:  -0.01409459114074707
C++ time to solve:  -0.01627802848815918
C++ time to solve:  -0.017590999603271484
C++ time to solve:  -0.018159866333007812
C++ time to solve:  -0.018895626068115234
C++ time to solve:  -0.018198251724243164
C++ time to solve:  -0.021039485931396484
C++ time to solve:  -0.02218008041381836
C++ time to solve:  -0.023021936416625977
C++ time to solve:  -0.0251617431640625
C++ time to solve:  -0.024886608123779297
C++ time to solve:  -0.0297849178314209
C++ time to solve:  -0.029541730880737305
C++ time to solve:  -0.030861616134643555
BPP: [1.0, 1.0, 1.0, 1.0, 1.0, 1.0, 1.0, 1.0, 1.0, 1.0, 1.0, 1.0, 1.0]
C++ time to solve:  -0.01262211799621582
C++ time to solve:  -0.01211404800415039
C++ time to solve:  -0.008081674575805664
C++ time to solve:  -0.016641855239868164
C++ time to solve:  -0.011113882064819336
C++ time to solve:  -0.007450103759765625
C++ time to solve:  -0.018419504165649414
C++ time to solve:  -0.007173299789428711
C++ time to solve:  -0.007439136505126953
C++ time to solve:  -0.007880926132202148
C++ time to solve:  -0.008409738540649414
C++ time to solve:  -0.00916910171508789
C++ time to solve:  -0.008033275604248047
C++ time to solve:  -0.01291036605834961
C++ time to solve:  -0.022806644439697266
C++ time to solve:  -0.00971364974975586
C++ time to solve:  -0.0071315765380859375
C++ time to solve:  -0.008301734924316406
C++ time to solve:  -0.0073544979095458984
C++ time to solve:  -0.007816076278686523
SHO: [1.0, 1.0, 1.0, 1.0, 1.0, 1.0, 1.0, 1.0, 1.0, 1.0, 1.0, 1.0, 1.0]
STAT: [1.0, 1.0, 1.0, 1.0, 1.0, 1.0, 1.0, 1.0, 1.0, 1.0, 1.0, 1.0, 1.0]
Clauses 52 took -38.74198627471924
C++ time to solve:  -0.010901212692260742
C++ time to solve:  -0.012401103973388672
C++ time to solve:  -0.011380910873413086
C++ time to solve:  -0.011759519577026367
C++ time to solve:  -0.014010906219482422
C++ time to solve:  -0.017419815063476562
C++ time to solve:  -0.017919063568115234
C++ time to solve:  -0.016621112823486328
C++ time to solve:  -0.016895294189453125
C++ time to solve:  -0.017007112503051758
C++ time to solve:  -0.020632028579711914
C++ time to solve:  -0.01869964599609375
C++ time to solve:  -0.020079374313354492
C++ time to solve:  -0.02110576629638672
C++ time to solve:  -0.019939422607421875
C++ time to solve:  -0.02312493324279785
C++ time to solve:  -0.02461409568786621
C++ time to solve:  -0.029805421829223633
C++ time to solve:  -0.0289309024810791
C++ time to solve:  -0.027264833450317383
BPP: [1.0, 1.0, 1.0, 1.0, 1.0, 1.0, 1.0, 1.0, 1.0, 1.0, 1.0, 1.0, 1.0, 1.0]
C++ time to solve:  -0.02063584327697754
C++ time to solve:  -0.014664649963378906
C++ time to solve:  -0.007959365844726562
C++ time to solve:  -0.011661052703857422
C++ time to solve:  -0.032540082931518555
C++ time to solve:  -0.010494709014892578
C++ time to solve:  -0.008878231048583984
C++ time to solve:  -0.01999497413635254
C++ time to solve:  -0.010924577713012695
C++ time to solve:  -0.009531736373901367
C++ time to solve:  -0.011627435684204102
C++ time to solve:  -0.008830547332763672
C++ time to solve:  -0.008215665817260742
C++ time to solve:  -0.01451253890991211
C++ time to solve:  -0.014664411544799805
C++ time to solve:  -0.00872039794921875
C++ time to solve:  -0.009132146835327148
C++ time to solve:  -0.015380859375
C++ time to solve:  -0.009911775588989258
C++ time to solve:  -0.023302316665649414
SHO: [1.0, 1.0, 1.0, 1.0, 1.0, 1.0, 1.0, 1.0, 1.0, 1.0, 1.0, 1.0, 1.0, 1.0]
STAT: [1.0, 1.0, 1.0, 1.0, 1.0, 1.0, 1.0, 1.0, 1.0, 1.0, 1.0, 1.0, 1.0, 1.0]
Clauses 56 took -90.98047709465027
C++ time to solve:  -0.012558221817016602
C++ time to solve:  -0.011455059051513672
C++ time to solve:  -0.013225793838500977
C++ time to solve:  -0.01454472541809082
C++ time to solve:  -0.0148773193359375
C++ time to solve:  -0.01762557029724121
C++ time to solve:  -0.01848006248474121
C++ time to solve:  -0.018033504486083984
C++ time to solve:  -0.019334077835083008
C++ time to solve:  -0.019312381744384766
C++ time to solve:  -0.02009439468383789
C++ time to solve:  -0.020848751068115234
C++ time to solve:  -0.022875070571899414
C++ time to solve:  -0.02264714241027832
C++ time to solve:  -0.03283524513244629
C++ time to solve:  -0.03459572792053223
C++ time to solve:  -0.034081220626831055
C++ time to solve:  -0.03573179244995117
C++ time to solve:  -0.035669803619384766
C++ time to solve:  -0.05110669136047363
BPP: [1.0, 1.0, 1.0, 1.0, 1.0, 1.0, 1.0, 1.0, 1.0, 1.0, 1.0, 1.0, 1.0, 1.0, 1.0]
C++ time to solve:  -0.020981311798095703
C++ time to solve:  -0.02509450912475586
C++ time to solve:  -0.012962102890014648
C++ time to solve:  -0.011145830154418945
C++ time to solve:  -0.012062788009643555
C++ time to solve:  -0.01761007308959961
C++ time to solve:  -0.02960515022277832
C++ time to solve:  -0.012195110321044922
C++ time to solve:  -0.01117563247680664
C++ time to solve:  -0.02006697654724121
C++ time to solve:  -0.008372306823730469
C++ time to solve:  -0.016970157623291016
C++ time to solve:  -0.012608766555786133
C++ time to solve:  -0.01056218147277832
C++ time to solve:  -0.009790420532226562
C++ time to solve:  -0.00852060317993164
C++ time to solve:  -0.057335853576660156
C++ time to solve:  -0.0214846134185791
C++ time to solve:  -0.016223430633544922
C++ time to solve:  -0.04621601104736328
SHO: [1.0, 1.0, 1.0, 1.0, 1.0, 1.0, 1.0, 1.0, 1.0, 1.0, 1.0, 1.0, 1.0, 1.0, 1.0]
slurmstepd: error: *** JOB 399852 ON cn073 CANCELLED AT 2023-03-26T21:54:28 ***
