../BPPSAT/SATS/UF250.1065.100/uf250-01.cnf
250   1065
Clauses 1065 took -165.8181676864624
0
BPP: [0.0]
SHO: [0.0]
STAT: [0.2]
../BPPSAT/SATS/UF250.1065.100/uf250-02.cnf
250   1065
Clauses 1065 took -192.66950821876526
1
BPP: [0.0, 0.0]
SHO: [0.0, 0.0]
STAT: [0.2, 0.0]
../BPPSAT/SATS/UF250.1065.100/uf250-03.cnf
250   1065
Clauses 1065 took -194.7469379901886
2
BPP: [0.0, 0.0, 0.0]
SHO: [0.0, 0.0, 0.0]
STAT: [0.2, 0.0, 0.0]
../BPPSAT/SATS/UF250.1065.100/uf250-04.cnf
250   1065
Clauses 1065 took -114.53814792633057
3
BPP: [0.0, 0.0, 0.0, 0.0]
SHO: [0.0, 0.0, 0.0, 0.0]
STAT: [0.2, 0.0, 0.0, 0.6]
../BPPSAT/SATS/UF250.1065.100/uf250-05.cnf
250   1065
Clauses 1065 took -194.49558019638062
4
BPP: [0.0, 0.0, 0.0, 0.0, 0.0]
SHO: [0.0, 0.0, 0.0, 0.0, 0.0]
STAT: [0.2, 0.0, 0.0, 0.6, 0.0]
../BPPSAT/SATS/UF250.1065.100/uf250-06.cnf
250   1065
Clauses 1065 took -178.68238592147827
5
BPP: [0.0, 0.0, 0.0, 0.0, 0.0, 0.0]
SHO: [0.0, 0.0, 0.0, 0.0, 0.0, 0.0]
STAT: [0.2, 0.0, 0.0, 0.6, 0.0, 0.2]
../BPPSAT/SATS/UF250.1065.100/uf250-07.cnf
250   1065
Clauses 1065 took -191.79749655723572
6
BPP: [0.0, 0.0, 0.0, 0.0, 0.0, 0.0, 0.0]
SHO: [0.0, 0.0, 0.0, 0.0, 0.0, 0.0, 0.0]
STAT: [0.2, 0.0, 0.0, 0.6, 0.0, 0.2, 0.0]
../BPPSAT/SATS/UF250.1065.100/uf250-08.cnf
250   1065
Clauses 1065 took -126.98948335647583
7
BPP: [0.0, 0.0, 0.0, 0.0, 0.0, 0.0, 0.0, 0.0]
SHO: [0.0, 0.0, 0.0, 0.0, 0.0, 0.0, 0.0, 0.0]
STAT: [0.2, 0.0, 0.0, 0.6, 0.0, 0.2, 0.0, 0.4]
../BPPSAT/SATS/UF250.1065.100/uf250-09.cnf
250   1065
Clauses 1065 took -193.56635999679565
8
BPP: [0.0, 0.0, 0.0, 0.0, 0.0, 0.0, 0.0, 0.0, 0.0]
SHO: [0.0, 0.0, 0.0, 0.0, 0.0, 0.0, 0.0, 0.0, 0.0]
STAT: [0.2, 0.0, 0.0, 0.6, 0.0, 0.2, 0.0, 0.4, 0.0]
../BPPSAT/SATS/UF250.1065.100/uf250-010.cnf
250   1065
Clauses 1065 took -162.3966360092163
9
BPP: [0.0, 0.0, 0.0, 0.0, 0.0, 0.0, 0.0, 0.0, 0.0, 0.0]
SHO: [0.0, 0.0, 0.0, 0.0, 0.0, 0.0, 0.0, 0.0, 0.0, 0.0]
STAT: [0.2, 0.0, 0.0, 0.6, 0.0, 0.2, 0.0, 0.4, 0.0, 0.2]
