C++ time to solve:  -0.0010678768157958984
C++ time to solve:  -0.0010340213775634766
C++ time to solve:  -0.0009999275207519531
C++ time to solve:  -0.0010166168212890625
C++ time to solve:  -0.0007579326629638672
C++ time to solve:  -0.0007197856903076172
C++ time to solve:  -0.0006861686706542969
C++ time to solve:  -0.0007421970367431641
C++ time to solve:  -0.0007236003875732422
C++ time to solve:  -0.0007278919219970703
C++ time to solve:  -0.0007102489471435547
C++ time to solve:  -0.0007505416870117188
C++ time to solve:  -0.0006821155548095703
C++ time to solve:  -0.0007390975952148438
C++ time to solve:  -0.0008099079132080078
C++ time to solve:  -0.0006918907165527344
C++ time to solve:  -0.0007035732269287109
C++ time to solve:  -0.0007076263427734375
C++ time to solve:  -0.0007658004760742188
C++ time to solve:  -0.0006847381591796875
BPP: [1.0]
C++ time to solve:  -0.0006871223449707031
C++ time to solve:  -0.0007154941558837891
C++ time to solve:  -0.0007781982421875
C++ time to solve:  -0.0007510185241699219
C++ time to solve:  -0.0006864070892333984
C++ time to solve:  -0.0006899833679199219
C++ time to solve:  -0.0007319450378417969
C++ time to solve:  -0.0007050037384033203
C++ time to solve:  -0.0007135868072509766
C++ time to solve:  -0.0006623268127441406
C++ time to solve:  -0.0007762908935546875
C++ time to solve:  -0.0007185935974121094
C++ time to solve:  -0.0007290840148925781
C++ time to solve:  -0.0007050037384033203
C++ time to solve:  -0.0007810592651367188
C++ time to solve:  -0.0006811618804931641
C++ time to solve:  -0.0007152557373046875
C++ time to solve:  -0.0006945133209228516
C++ time to solve:  -0.0007889270782470703
C++ time to solve:  -0.0006878376007080078
SHO: [1.0]
STAT: [1.0]
Clauses 4 took -0.11178231239318848
C++ time to solve:  -0.0007297992706298828
C++ time to solve:  -0.0007035732269287109
C++ time to solve:  -0.0007174015045166016
C++ time to solve:  -0.0007829666137695312
C++ time to solve:  -0.0006990432739257812
C++ time to solve:  -0.0006864070892333984
C++ time to solve:  -0.0006997585296630859
C++ time to solve:  -0.0007622241973876953
C++ time to solve:  -0.0006916522979736328
C++ time to solve:  -0.0007245540618896484
C++ time to solve:  -0.0007011890411376953
C++ time to solve:  -0.0007762908935546875
C++ time to solve:  -0.0007002353668212891
C++ time to solve:  -0.0007081031799316406
C++ time to solve:  -0.0007071495056152344
C++ time to solve:  -0.0007565021514892578
C++ time to solve:  -0.0007014274597167969
C++ time to solve:  -0.0006878376007080078
C++ time to solve:  -0.0006847381591796875
C++ time to solve:  -0.0007557868957519531
BPP: [1.0, 1.0]
C++ time to solve:  -0.0007033348083496094
C++ time to solve:  -0.0006918907165527344
C++ time to solve:  -0.0006740093231201172
C++ time to solve:  -0.0007843971252441406
C++ time to solve:  -0.0007035732269287109
C++ time to solve:  -0.000751495361328125
C++ time to solve:  -0.0007033348083496094
C++ time to solve:  -0.0010170936584472656
C++ time to solve:  -0.0006897449493408203
C++ time to solve:  -0.0007073879241943359
C++ time to solve:  -0.0007832050323486328
C++ time to solve:  -0.0007162094116210938
C++ time to solve:  -0.0007154941558837891
C++ time to solve:  -0.0006930828094482422
C++ time to solve:  -0.0007665157318115234
C++ time to solve:  -0.0007042884826660156
C++ time to solve:  -0.0007278919219970703
C++ time to solve:  -0.0006978511810302734
C++ time to solve:  -0.0007574558258056641
C++ time to solve:  -0.0006945133209228516
SHO: [1.0, 1.0]
STAT: [1.0, 1.0]
Clauses 8 took -0.13962626457214355
C++ time to solve:  -0.0007424354553222656
C++ time to solve:  -0.0007178783416748047
C++ time to solve:  -0.000732421875
C++ time to solve:  -0.0008180141448974609
C++ time to solve:  -0.0007033348083496094
C++ time to solve:  -0.0007078647613525391
C++ time to solve:  -0.0006947517395019531
C++ time to solve:  -0.001312255859375
C++ time to solve:  -0.0007214546203613281
C++ time to solve:  -0.0007212162017822266
C++ time to solve:  -0.0007214546203613281
C++ time to solve:  -0.0007631778717041016
C++ time to solve:  -0.0007042884826660156
C++ time to solve:  -0.0007193088531494141
C++ time to solve:  -0.0006926059722900391
C++ time to solve:  -0.0008115768432617188
C++ time to solve:  -0.0007336139678955078
C++ time to solve:  -0.0007116794586181641
C++ time to solve:  -0.00070953369140625
C++ time to solve:  -0.0008246898651123047
BPP: [1.0, 1.0, 1.0]
C++ time to solve:  -0.0007119178771972656
C++ time to solve:  -0.0007071495056152344
C++ time to solve:  -0.0007088184356689453
C++ time to solve:  -0.0007803440093994141
C++ time to solve:  -0.0007123947143554688
C++ time to solve:  -0.0006771087646484375
C++ time to solve:  -0.0007145404815673828
C++ time to solve:  -0.0008025169372558594
C++ time to solve:  -0.0007226467132568359
C++ time to solve:  -0.00070953369140625
C++ time to solve:  -0.0007874965667724609
C++ time to solve:  -0.0007829666137695312
C++ time to solve:  -0.0006926059722900391
C++ time to solve:  -0.0007252693176269531
C++ time to solve:  -0.00077056884765625
C++ time to solve:  -0.0007715225219726562
C++ time to solve:  -0.0007483959197998047
C++ time to solve:  -0.0007159709930419922
C++ time to solve:  -0.0007691383361816406
C++ time to solve:  -0.0007121562957763672
SHO: [1.0, 1.0, 1.0]
STAT: [1.0, 1.0, 1.0]
Clauses 12 took -0.17013788223266602
C++ time to solve:  -0.0007648468017578125
C++ time to solve:  -0.0007274150848388672
C++ time to solve:  -0.0007243156433105469
C++ time to solve:  -0.0008058547973632812
C++ time to solve:  -0.000759124755859375
C++ time to solve:  -0.0007214546203613281
C++ time to solve:  -0.0007474422454833984
C++ time to solve:  -0.0007941722869873047
C++ time to solve:  -0.000713348388671875
C++ time to solve:  -0.0007207393646240234
C++ time to solve:  -0.0007164478302001953
C++ time to solve:  -0.0013022422790527344
C++ time to solve:  -0.0007309913635253906
C++ time to solve:  -0.000743865966796875
C++ time to solve:  -0.0007200241088867188
C++ time to solve:  -0.0007719993591308594
C++ time to solve:  -0.0007224082946777344
C++ time to solve:  -0.0007138252258300781
C++ time to solve:  -0.0007367134094238281
C++ time to solve:  -0.0007872581481933594
BPP: [1.0, 1.0, 1.0, 1.0]
C++ time to solve:  -0.0007200241088867188
C++ time to solve:  -0.0007383823394775391
C++ time to solve:  -0.0007193088531494141
C++ time to solve:  -0.00079345703125
C++ time to solve:  -0.0007483959197998047
C++ time to solve:  -0.0007379055023193359
C++ time to solve:  -0.0008108615875244141
C++ time to solve:  -0.0008089542388916016
C++ time to solve:  -0.0007278919219970703
C++ time to solve:  -0.0007236003875732422
C++ time to solve:  -0.0008115768432617188
C++ time to solve:  -0.0007109642028808594
C++ time to solve:  -0.0007572174072265625
C++ time to solve:  -0.0007448196411132812
C++ time to solve:  -0.0008153915405273438
C++ time to solve:  -0.000705718994140625
C++ time to solve:  -0.0007455348968505859
C++ time to solve:  -0.0007297992706298828
C++ time to solve:  -0.0008213520050048828
C++ time to solve:  -0.0007293224334716797
SHO: [1.0, 1.0, 1.0, 1.0]
STAT: [1.0, 1.0, 1.0, 1.0]
Clauses 16 took -0.19827866554260254
C++ time to solve:  -0.0007615089416503906
C++ time to solve:  -0.0007445812225341797
C++ time to solve:  -0.0007169246673583984
C++ time to solve:  -0.0008404254913330078
C++ time to solve:  -0.000751495361328125
C++ time to solve:  -0.0007412433624267578
C++ time to solve:  -0.0007328987121582031
C++ time to solve:  -0.0007822513580322266
C++ time to solve:  -0.0007150173187255859
C++ time to solve:  -0.0007369518280029297
C++ time to solve:  -0.0007228851318359375
C++ time to solve:  -0.0007791519165039062
C++ time to solve:  -0.0007884502410888672
C++ time to solve:  -0.000762939453125
C++ time to solve:  -0.0007476806640625
C++ time to solve:  -0.0008137226104736328
C++ time to solve:  -0.0007200241088867188
C++ time to solve:  -0.0007464885711669922
C++ time to solve:  -0.0008199214935302734
C++ time to solve:  -0.0008411407470703125
BPP: [1.0, 1.0, 1.0, 1.0, 1.0]
C++ time to solve:  -0.0007457733154296875
C++ time to solve:  -0.000759124755859375
C++ time to solve:  -0.000804901123046875
C++ time to solve:  -0.0008153915405273438
C++ time to solve:  -0.0007810592651367188
C++ time to solve:  -0.0006806850433349609
C++ time to solve:  -0.0007724761962890625
C++ time to solve:  -0.0007770061492919922
C++ time to solve:  -0.0007586479187011719
C++ time to solve:  -0.0007598400115966797
C++ time to solve:  -0.0007231235504150391
C++ time to solve:  -0.0008287429809570312
C++ time to solve:  -0.0007631778717041016
C++ time to solve:  -0.0007183551788330078
C++ time to solve:  -0.0007221698760986328
C++ time to solve:  -0.0007662773132324219
C++ time to solve:  -0.0007100105285644531
C++ time to solve:  -0.0008063316345214844
C++ time to solve:  -0.0010383129119873047
C++ time to solve:  -0.0007176399230957031
SHO: [1.0, 1.0, 1.0, 1.0, 1.0]
STAT: [1.0, 1.0, 1.0, 1.0, 1.0]
Clauses 20 took -0.29753851890563965
C++ time to solve:  -0.0007987022399902344
C++ time to solve:  -0.0007321834564208984
C++ time to solve:  -0.0007836818695068359
C++ time to solve:  -0.0008599758148193359
C++ time to solve:  -0.0007607936859130859
C++ time to solve:  -0.0007789134979248047
C++ time to solve:  -0.0007228851318359375
C++ time to solve:  -0.0007948875427246094
C++ time to solve:  -0.0007522106170654297
C++ time to solve:  -0.0007419586181640625
C++ time to solve:  -0.0007510185241699219
C++ time to solve:  -0.0008060932159423828
C++ time to solve:  -0.0007674694061279297
C++ time to solve:  -0.0007188320159912109
C++ time to solve:  -0.0007455348968505859
C++ time to solve:  -0.0007958412170410156
C++ time to solve:  -0.0007486343383789062
C++ time to solve:  -0.0007200241088867188
C++ time to solve:  -0.0007295608520507812
C++ time to solve:  -0.0008213520050048828
BPP: [1.0, 1.0, 1.0, 1.0, 1.0, 1.0]
C++ time to solve:  -0.0007402896881103516
C++ time to solve:  -0.00072479248046875
C++ time to solve:  -0.0007500648498535156
C++ time to solve:  -0.0008754730224609375
C++ time to solve:  -0.0007405281066894531
C++ time to solve:  -0.0007212162017822266
C++ time to solve:  -0.0008027553558349609
C++ time to solve:  -0.0008323192596435547
C++ time to solve:  -0.0007905960083007812
C++ time to solve:  -0.0007567405700683594
C++ time to solve:  -0.0008068084716796875
C++ time to solve:  -0.0007617473602294922
C++ time to solve:  -0.0008339881896972656
C++ time to solve:  -0.0007905960083007812
C++ time to solve:  -0.0010213851928710938
C++ time to solve:  -0.0007970333099365234
C++ time to solve:  -0.0007510185241699219
C++ time to solve:  -0.0007793903350830078
C++ time to solve:  -0.0008432865142822266
C++ time to solve:  -0.0007507801055908203
SHO: [1.0, 1.0, 1.0, 1.0, 1.0, 1.0]
STAT: [1.0, 1.0, 1.0, 1.0, 1.0, 1.0]
Clauses 24 took -0.2586557865142822
C++ time to solve:  -0.0007891654968261719
C++ time to solve:  -0.0007774829864501953
C++ time to solve:  -0.0007312297821044922
C++ time to solve:  -0.0008578300476074219
C++ time to solve:  -0.0008668899536132812
C++ time to solve:  -0.000820159912109375
C++ time to solve:  -0.0007627010345458984
C++ time to solve:  -0.001436471939086914
C++ time to solve:  -0.0007257461547851562
C++ time to solve:  -0.0007526874542236328
C++ time to solve:  -0.0007266998291015625
C++ time to solve:  -0.0008478164672851562
C++ time to solve:  -0.0007901191711425781
C++ time to solve:  -0.0007824897766113281
C++ time to solve:  -0.0007886886596679688
C++ time to solve:  -0.0008218288421630859
C++ time to solve:  -0.0007243156433105469
C++ time to solve:  -0.0007238388061523438
C++ time to solve:  -0.0007624626159667969
C++ time to solve:  -0.0009052753448486328
BPP: [1.0, 1.0, 1.0, 1.0, 1.0, 1.0, 1.0]
C++ time to solve:  -0.0007932186126708984
C++ time to solve:  -0.0007536411285400391
C++ time to solve:  -0.0008158683776855469
C++ time to solve:  -0.0007922649383544922
C++ time to solve:  -0.0008950233459472656
C++ time to solve:  -0.0008149147033691406
C++ time to solve:  -0.0008392333984375
C++ time to solve:  -0.000888824462890625
C++ time to solve:  -0.0007870197296142578
C++ time to solve:  -0.0007483959197998047
C++ time to solve:  -0.0008184909820556641
C++ time to solve:  -0.0008349418640136719
C++ time to solve:  -0.000759124755859375
C++ time to solve:  -0.0008094310760498047
C++ time to solve:  -0.0009052753448486328
C++ time to solve:  -0.0007531642913818359
C++ time to solve:  -0.0008244514465332031
C++ time to solve:  -0.0007193088531494141
C++ time to solve:  -0.0008795261383056641
C++ time to solve:  -0.0008289813995361328
SHO: [1.0, 1.0, 1.0, 1.0, 1.0, 1.0, 1.0]
STAT: [1.0, 1.0, 1.0, 1.0, 1.0, 1.0, 1.0]
Clauses 28 took -0.3077387809753418
C++ time to solve:  -0.0007834434509277344
C++ time to solve:  -0.0008447170257568359
C++ time to solve:  -0.0008096694946289062
C++ time to solve:  -0.0015094280242919922
C++ time to solve:  -0.0007481575012207031
C++ time to solve:  -0.0007271766662597656
C++ time to solve:  -0.0007648468017578125
C++ time to solve:  -0.0008015632629394531
C++ time to solve:  -0.0007505416870117188
C++ time to solve:  -0.0007617473602294922
C++ time to solve:  -0.0007815361022949219
C++ time to solve:  -0.0008270740509033203
C++ time to solve:  -0.0007331371307373047
C++ time to solve:  -0.0007750988006591797
C++ time to solve:  -0.0007266998291015625
C++ time to solve:  -0.0008718967437744141
C++ time to solve:  -0.0007839202880859375
C++ time to solve:  -0.0007891654968261719
C++ time to solve:  -0.0007982254028320312
C++ time to solve:  -0.0009014606475830078
BPP: [1.0, 1.0, 1.0, 1.0, 1.0, 1.0, 1.0, 1.0]
C++ time to solve:  -0.0008134841918945312
C++ time to solve:  -0.0008444786071777344
C++ time to solve:  -0.0008792877197265625
C++ time to solve:  -0.0008463859558105469
C++ time to solve:  -0.0007584095001220703
C++ time to solve:  -0.0008051395416259766
C++ time to solve:  -0.0007343292236328125
C++ time to solve:  -0.0009665489196777344
C++ time to solve:  -0.0007827281951904297
C++ time to solve:  -0.0009875297546386719
C++ time to solve:  -0.0007498264312744141
C++ time to solve:  -0.0008721351623535156
C++ time to solve:  -0.0008556842803955078
C++ time to solve:  -0.0007653236389160156
C++ time to solve:  -0.0007450580596923828
C++ time to solve:  -0.0009589195251464844
C++ time to solve:  -0.0008816719055175781
C++ time to solve:  -0.0007669925689697266
C++ time to solve:  -0.000980377197265625
C++ time to solve:  -0.0008828639984130859
SHO: [1.0, 1.0, 1.0, 1.0, 1.0, 1.0, 1.0, 1.0]
STAT: [1.0, 1.0, 1.0, 1.0, 1.0, 1.0, 1.0, 1.0]
Clauses 32 took -0.43777036666870117
C++ time to solve:  -0.0007708072662353516
C++ time to solve:  -0.0008213520050048828
C++ time to solve:  -0.0008096694946289062
C++ time to solve:  -0.0008604526519775391
C++ time to solve:  -0.0008714199066162109
C++ time to solve:  -0.00074005126953125
C++ time to solve:  -0.0007867813110351562
C++ time to solve:  -0.0008988380432128906
C++ time to solve:  -0.0008654594421386719
C++ time to solve:  -0.0008075237274169922
C++ time to solve:  -0.0008063316345214844
C++ time to solve:  -0.0008544921875
C++ time to solve:  -0.0007255077362060547
C++ time to solve:  -0.0007622241973876953
C++ time to solve:  -0.0008115768432617188
C++ time to solve:  -0.0008664131164550781
C++ time to solve:  -0.0007562637329101562
C++ time to solve:  -0.0007219314575195312
C++ time to solve:  -0.0007486343383789062
C++ time to solve:  -0.0008091926574707031
BPP: [1.0, 1.0, 1.0, 1.0, 1.0, 1.0, 1.0, 1.0, 1.0]
C++ time to solve:  -0.0007586479187011719
C++ time to solve:  -0.0008978843688964844
C++ time to solve:  -0.0007810592651367188
C++ time to solve:  -0.0013651847839355469
C++ time to solve:  -0.0011487007141113281
C++ time to solve:  -0.0007665157318115234
C++ time to solve:  -0.0007426738739013672
C++ time to solve:  -0.0011093616485595703
C++ time to solve:  -0.0008511543273925781
C++ time to solve:  -0.0007939338684082031
C++ time to solve:  -0.0008130073547363281
C++ time to solve:  -0.0008985996246337891
C++ time to solve:  -0.0007748603820800781
C++ time to solve:  -0.0007920265197753906
C++ time to solve:  -0.0011508464813232422
C++ time to solve:  -0.0009047985076904297
C++ time to solve:  -0.0007877349853515625
C++ time to solve:  -0.0007433891296386719
C++ time to solve:  -0.0008666515350341797
C++ time to solve:  -0.0008213520050048828
SHO: [1.0, 1.0, 1.0, 1.0, 1.0, 1.0, 1.0, 1.0, 1.0]
STAT: [1.0, 1.0, 1.0, 1.0, 1.0, 1.0, 1.0, 1.0, 1.0]
Clauses 36 took -0.5205638408660889
C++ time to solve:  -0.0007860660552978516
C++ time to solve:  -0.0008344650268554688
C++ time to solve:  -0.0008656978607177734
C++ time to solve:  -0.0010745525360107422
C++ time to solve:  -0.0008287429809570312
C++ time to solve:  -0.0008952617645263672
C++ time to solve:  -0.0007588863372802734
C++ time to solve:  -0.0009007453918457031
C++ time to solve:  -0.0007314682006835938
C++ time to solve:  -0.0007748603820800781
C++ time to solve:  -0.0008137226104736328
C++ time to solve:  -0.00083160400390625
C++ time to solve:  -0.0008118152618408203
C++ time to solve:  -0.0007746219635009766
C++ time to solve:  -0.0007343292236328125
C++ time to solve:  -0.0009462833404541016
C++ time to solve:  -0.0009305477142333984
C++ time to solve:  -0.0008132457733154297
C++ time to solve:  -0.0007610321044921875
C++ time to solve:  -0.0008199214935302734
BPP: [1.0, 1.0, 1.0, 1.0, 1.0, 1.0, 1.0, 1.0, 1.0, 1.0]
C++ time to solve:  -0.0008068084716796875
C++ time to solve:  -0.0009839534759521484
C++ time to solve:  -0.0007560253143310547
C++ time to solve:  -0.0010116100311279297
C++ time to solve:  -0.0012958049774169922
C++ time to solve:  -0.0010654926300048828
C++ time to solve:  -0.0007755756378173828
C++ time to solve:  -0.001302480697631836
C++ time to solve:  -0.0007221698760986328
C++ time to solve:  -0.0008776187896728516
C++ time to solve:  -0.0008080005645751953
C++ time to solve:  -0.0009505748748779297
C++ time to solve:  -0.000759124755859375
C++ time to solve:  -0.0010836124420166016
C++ time to solve:  -0.0007371902465820312
C++ time to solve:  -0.0007867813110351562
C++ time to solve:  -0.0010142326354980469
C++ time to solve:  -0.0008521080017089844
C++ time to solve:  -0.0008087158203125
C++ time to solve:  -0.0008018016815185547
SHO: [1.0, 1.0, 1.0, 1.0, 1.0, 1.0, 1.0, 1.0, 1.0, 1.0]
STAT: [1.0, 1.0, 1.0, 1.0, 1.0, 1.0, 1.0, 1.0, 1.0, 1.0]
Clauses 40 took -0.5222117900848389
C++ time to solve:  -0.0008046627044677734
C++ time to solve:  -0.0011963844299316406
C++ time to solve:  -0.0008683204650878906
C++ time to solve:  -0.0008885860443115234
C++ time to solve:  -0.0008416175842285156
C++ time to solve:  -0.0010101795196533203
C++ time to solve:  -0.0008864402770996094
C++ time to solve:  -0.0018465518951416016
C++ time to solve:  -0.000988006591796875
C++ time to solve:  -0.0008652210235595703
C++ time to solve:  -0.0008907318115234375
C++ time to solve:  -0.0015387535095214844
C++ time to solve:  -0.0007481575012207031
C++ time to solve:  -0.0014679431915283203
C++ time to solve:  -0.0010085105895996094
C++ time to solve:  -0.0008397102355957031
C++ time to solve:  -0.0009534358978271484
C++ time to solve:  -0.0007736682891845703
C++ time to solve:  -0.0007567405700683594
C++ time to solve:  -0.0008471012115478516
BPP: [1.0, 1.0, 1.0, 1.0, 1.0, 1.0, 1.0, 1.0, 1.0, 1.0, 1.0]
C++ time to solve:  -0.0009372234344482422
C++ time to solve:  -0.0009772777557373047
C++ time to solve:  -0.0008420944213867188
C++ time to solve:  -0.0008800029754638672
C++ time to solve:  -0.0009715557098388672
C++ time to solve:  -0.0008070468902587891
C++ time to solve:  -0.0010852813720703125
C++ time to solve:  -0.0016283988952636719
C++ time to solve:  -0.0009751319885253906
C++ time to solve:  -0.0008792877197265625
C++ time to solve:  -0.0008444786071777344
C++ time to solve:  -0.0009822845458984375
C++ time to solve:  -0.0007688999176025391
C++ time to solve:  -0.0019216537475585938
C++ time to solve:  -0.0009877681732177734
C++ time to solve:  -0.0009205341339111328
C++ time to solve:  -0.0015871524810791016
C++ time to solve:  -0.0016345977783203125
C++ time to solve:  -0.0008554458618164062
C++ time to solve:  -0.0008006095886230469
SHO: [1.0, 1.0, 1.0, 1.0, 1.0, 1.0, 1.0, 1.0, 1.0, 1.0, 1.0]
STAT: [1.0, 1.0, 1.0, 1.0, 1.0, 1.0, 1.0, 1.0, 1.0, 1.0, 1.0]
Clauses 44 took -2.1441502571105957
C++ time to solve:  -0.0011496543884277344
C++ time to solve:  -0.0011806488037109375
C++ time to solve:  -0.00131988525390625
C++ time to solve:  -0.0011515617370605469
C++ time to solve:  -0.001054525375366211
C++ time to solve:  -0.0009818077087402344
C++ time to solve:  -0.0009348392486572266
C++ time to solve:  -0.0009818077087402344
C++ time to solve:  -0.0009903907775878906
C++ time to solve:  -0.0011324882507324219
C++ time to solve:  -0.0009298324584960938
C++ time to solve:  -0.0012650489807128906
C++ time to solve:  -0.0009357929229736328
C++ time to solve:  -0.0013332366943359375
C++ time to solve:  -0.0021512508392333984
C++ time to solve:  -0.0010616779327392578
C++ time to solve:  -0.0013210773468017578
C++ time to solve:  -0.0009622573852539062
C++ time to solve:  -0.001009225845336914
C++ time to solve:  -0.001096487045288086
BPP: [1.0, 1.0, 1.0, 1.0, 1.0, 1.0, 1.0, 1.0, 1.0, 1.0, 1.0, 1.0]
C++ time to solve:  -0.0010821819305419922
C++ time to solve:  -0.0010933876037597656
C++ time to solve:  -0.000989675521850586
C++ time to solve:  -0.0011630058288574219
C++ time to solve:  -0.0010464191436767578
C++ time to solve:  -0.001009225845336914
C++ time to solve:  -0.001068115234375
C++ time to solve:  -0.001275777816772461
C++ time to solve:  -0.001009225845336914
C++ time to solve:  -0.0011668205261230469
C++ time to solve:  -0.0011873245239257812
C++ time to solve:  -0.0012235641479492188
C++ time to solve:  -0.0009176731109619141
C++ time to solve:  -0.001163482666015625
C++ time to solve:  -0.0009167194366455078
C++ time to solve:  -0.0009067058563232422
C++ time to solve:  -0.0009326934814453125
C++ time to solve:  -0.0018887519836425781
C++ time to solve:  -0.0014188289642333984
C++ time to solve:  -0.0010378360748291016
SHO: [1.0, 1.0, 1.0, 1.0, 1.0, 1.0, 1.0, 1.0, 1.0, 1.0, 1.0, 1.0]
STAT: [1.0, 1.0, 1.0, 1.0, 1.0, 1.0, 1.0, 1.0, 1.0, 1.0, 1.0, 1.0]
Clauses 48 took -1.610079050064087
C++ time to solve:  -0.0009393692016601562
C++ time to solve:  -0.0020449161529541016
C++ time to solve:  -0.00106048583984375
C++ time to solve:  -0.0013186931610107422
C++ time to solve:  -0.0011391639709472656
C++ time to solve:  -0.0007894039154052734
C++ time to solve:  -0.0009586811065673828
C++ time to solve:  -0.0011014938354492188
C++ time to solve:  -0.0009706020355224609
C++ time to solve:  -0.0010249614715576172
C++ time to solve:  -0.0009024143218994141
C++ time to solve:  -0.0008854866027832031
C++ time to solve:  -0.0009436607360839844
C++ time to solve:  -0.0008487701416015625
C++ time to solve:  -0.0007674694061279297
C++ time to solve:  -0.001062154769897461
C++ time to solve:  -0.0008680820465087891
C++ time to solve:  -0.0010526180267333984
C++ time to solve:  -0.0009584426879882812
C++ time to solve:  -0.0010061264038085938
BPP: [1.0, 1.0, 1.0, 1.0, 1.0, 1.0, 1.0, 1.0, 1.0, 1.0, 1.0, 1.0, 1.0]
C++ time to solve:  -0.0017976760864257812
C++ time to solve:  -0.0013418197631835938
C++ time to solve:  -0.0010595321655273438
C++ time to solve:  -0.0013659000396728516
C++ time to solve:  -0.0017240047454833984
C++ time to solve:  -0.0009377002716064453
C++ time to solve:  -0.0009391307830810547
C++ time to solve:  -0.0010242462158203125
C++ time to solve:  -0.0009915828704833984
C++ time to solve:  -0.0009331703186035156
C++ time to solve:  -0.0013854503631591797
C++ time to solve:  -0.0017290115356445312
C++ time to solve:  -0.0010287761688232422
C++ time to solve:  -0.0015246868133544922
C++ time to solve:  -0.0011203289031982422
C++ time to solve:  -0.0013239383697509766
C++ time to solve:  -0.0010383129119873047
C++ time to solve:  -0.0012526512145996094
C++ time to solve:  -0.0011086463928222656
C++ time to solve:  -0.0012693405151367188
SHO: [1.0, 1.0, 1.0, 1.0, 1.0, 1.0, 1.0, 1.0, 1.0, 1.0, 1.0, 1.0, 1.0]
STAT: [1.0, 1.0, 1.0, 1.0, 1.0, 1.0, 1.0, 1.0, 1.0, 1.0, 1.0, 1.0, 1.0]
Clauses 52 took -2.8802554607391357
C++ time to solve:  -0.001157522201538086
C++ time to solve:  -0.0011582374572753906
C++ time to solve:  -0.001192331314086914
C++ time to solve:  -0.0017406940460205078
C++ time to solve:  -0.001112222671508789
C++ time to solve:  -0.0010340213775634766
C++ time to solve:  -0.0009715557098388672
C++ time to solve:  -0.0011487007141113281
C++ time to solve:  -0.0011458396911621094
C++ time to solve:  -0.000942230224609375
C++ time to solve:  -0.0012040138244628906
C++ time to solve:  -0.0011174678802490234
C++ time to solve:  -0.001192331314086914
C++ time to solve:  -0.0011174678802490234
C++ time to solve:  -0.0009684562683105469
C++ time to solve:  -0.0018641948699951172
C++ time to solve:  -0.0018482208251953125
C++ time to solve:  -0.0009799003601074219
C++ time to solve:  -0.0010862350463867188
C++ time to solve:  -0.0023565292358398438
BPP: [1.0, 1.0, 1.0, 1.0, 1.0, 1.0, 1.0, 1.0, 1.0, 1.0, 1.0, 1.0, 1.0, 1.0]
C++ time to solve:  -0.0025429725646972656
C++ time to solve:  -0.0011181831359863281
C++ time to solve:  -0.001125335693359375
C++ time to solve:  -0.0010919570922851562
C++ time to solve:  -0.0015521049499511719
C++ time to solve:  -0.0011463165283203125
C++ time to solve:  -0.0013799667358398438
C++ time to solve:  -0.0014781951904296875
C++ time to solve:  -0.0013113021850585938
C++ time to solve:  -0.0018241405487060547
C++ time to solve:  -0.0013461112976074219
C++ time to solve:  -0.0013453960418701172
C++ time to solve:  -0.0011703968048095703
C++ time to solve:  -0.0010082721710205078
C++ time to solve:  -0.0010771751403808594
C++ time to solve:  -0.001068115234375
C++ time to solve:  -0.0016167163848876953
C++ time to solve:  -0.0012025833129882812
C++ time to solve:  -0.0016987323760986328
C++ time to solve:  -0.0016281604766845703
SHO: [1.0, 1.0, 1.0, 1.0, 1.0, 1.0, 1.0, 1.0, 1.0, 1.0, 1.0, 1.0, 1.0, 1.0]
STAT: [1.0, 1.0, 1.0, 1.0, 1.0, 1.0, 1.0, 1.0, 1.0, 1.0, 1.0, 1.0, 1.0, 1.0]
Clauses 56 took -3.807443618774414
C++ time to solve:  -0.012030363082885742
C++ time to solve:  -0.0010712146759033203
C++ time to solve:  -0.002192974090576172
C++ time to solve:  -0.0011909008026123047
C++ time to solve:  -0.0013778209686279297
C++ time to solve:  -0.0022945404052734375
C++ time to solve:  -0.0011420249938964844
C++ time to solve:  -0.0012683868408203125
C++ time to solve:  -0.0032613277435302734
C++ time to solve:  -0.002544879913330078
C++ time to solve:  -0.0012743473052978516
C++ time to solve:  -0.002477407455444336
C++ time to solve:  -0.0013034343719482422
C++ time to solve:  -0.0012161731719970703
C++ time to solve:  -0.0011119842529296875
C++ time to solve:  -0.0017743110656738281
C++ time to solve:  -0.0010561943054199219
C++ time to solve:  -0.0017058849334716797
C++ time to solve:  -0.0011758804321289062
C++ time to solve:  -0.0010974407196044922
BPP: [1.0, 1.0, 1.0, 1.0, 1.0, 1.0, 1.0, 1.0, 1.0, 1.0, 1.0, 1.0, 1.0, 1.0, 1.0]
C++ time to solve:  -0.0029325485229492188
C++ time to solve:  -0.001180410385131836
C++ time to solve:  -0.0018689632415771484
C++ time to solve:  -0.0013840198516845703
C++ time to solve:  -0.0014755725860595703
C++ time to solve:  -0.001422882080078125
C++ time to solve:  -0.0012636184692382812
C++ time to solve:  -0.0011115074157714844
C++ time to solve:  -0.001695394515991211
C++ time to solve:  -0.0012483596801757812
C++ time to solve:  -0.0012540817260742188
C++ time to solve:  -0.001275777816772461
C++ time to solve:  -0.0015377998352050781
C++ time to solve:  -0.0009403228759765625
C++ time to solve:  -0.0011410713195800781
C++ time to solve:  -0.0012857913970947266
C++ time to solve:  -0.0015728473663330078
C++ time to solve:  -0.0024459362030029297
C++ time to solve:  -0.0010409355163574219
C++ time to solve:  -0.0012900829315185547
SHO: [1.0, 1.0, 1.0, 1.0, 1.0, 1.0, 1.0, 1.0, 1.0, 1.0, 1.0, 1.0, 1.0, 1.0, 1.0]
STAT: [1.0, 1.0, 1.0, 1.0, 1.0, 1.0, 1.0, 1.0, 1.0, 1.0, 1.0, 1.0, 1.0, 1.0, 1.0]
Clauses 60 took -8.228092908859253
C++ time to solve:  -0.003968477249145508
C++ time to solve:  -0.012398242950439453
C++ time to solve:  -0.0034253597259521484
C++ time to solve:  -0.002574443817138672
C++ time to solve:  -0.0009183883666992188
C++ time to solve:  -0.0022449493408203125
C++ time to solve:  -0.0009052753448486328
C++ time to solve:  -0.002352476119995117
C++ time to solve:  -0.002947568893432617
C++ time to solve:  -0.0010936260223388672
C++ time to solve:  -0.007474422454833984
C++ time to solve:  -0.0009031295776367188
C++ time to solve:  -0.0009510517120361328
C++ time to solve:  -0.00208282470703125
C++ time to solve:  -0.0017161369323730469
C++ time to solve:  -0.0011582374572753906
C++ time to solve:  -0.0009350776672363281
C++ time to solve:  -0.00084686279296875
C++ time to solve:  -0.004472255706787109
C++ time to solve:  -0.0011806488037109375
BPP: [1.0, 1.0, 1.0, 1.0, 1.0, 1.0, 1.0, 1.0, 1.0, 1.0, 1.0, 1.0, 1.0, 1.0, 1.0, 1.0]
C++ time to solve:  -0.007814407348632812
C++ time to solve:  -0.001046895980834961
C++ time to solve:  -0.000980377197265625
C++ time to solve:  -0.0024602413177490234
C++ time to solve:  -0.0009121894836425781
C++ time to solve:  -0.0020895004272460938
C++ time to solve:  -0.0009138584136962891
C++ time to solve:  -0.0015664100646972656
C++ time to solve:  -0.0011017322540283203
C++ time to solve:  -0.0019006729125976562
C++ time to solve:  -0.002698659896850586
C++ time to solve:  -0.0010197162628173828
C++ time to solve:  -0.0017938613891601562
C++ time to solve:  -0.0012171268463134766
C++ time to solve:  -0.0014452934265136719
C++ time to solve:  -0.0009036064147949219
C++ time to solve:  -0.0013654232025146484
C++ time to solve:  -0.0009169578552246094
C++ time to solve:  -0.004418611526489258
C++ time to solve:  -0.0010218620300292969
SHO: [1.0, 1.0, 1.0, 1.0, 1.0, 1.0, 1.0, 1.0, 1.0, 1.0, 1.0, 1.0, 1.0, 1.0, 1.0, 1.0]
STAT: [1.0, 1.0, 1.0, 1.0, 1.0, 1.0, 1.0, 1.0, 1.0, 1.0, 1.0, 1.0, 1.0, 1.0, 1.0, 1.0]
Clauses 64 took -13.925631999969482
C++ time to solve:  -0.0009717941284179688
C++ time to solve:  -0.024142742156982422
C++ time to solve:  -0.001369476318359375
C++ time to solve:  -0.0011065006256103516
C++ time to solve:  -0.004413127899169922
C++ time to solve:  -0.0010390281677246094
C++ time to solve:  -0.0018842220306396484
C++ time to solve:  -0.0029296875
C++ time to solve:  -0.0015075206756591797
C++ time to solve:  -0.010738134384155273
C++ time to solve:  -0.0013318061828613281
C++ time to solve:  -0.0011720657348632812
C++ time to solve:  -0.0012640953063964844
C++ time to solve:  -0.0017955303192138672
C++ time to solve:  -0.0010313987731933594
C++ time to solve:  -0.0806121826171875
C++ time to solve:  -0.0013217926025390625
C++ time to solve:  -0.003365755081176758
C++ time to solve:  -0.0008199214935302734
C++ time to solve:  -0.007244110107421875
BPP: [1.0, 1.0, 1.0, 1.0, 1.0, 1.0, 1.0, 1.0, 1.0, 1.0, 1.0, 1.0, 1.0, 1.0, 1.0, 1.0, 0.95]
C++ time to solve:  -0.0011985301971435547
C++ time to solve:  -0.0019690990447998047
C++ time to solve:  -0.001222848892211914
C++ time to solve:  -0.0015783309936523438
C++ time to solve:  -0.0024602413177490234
C++ time to solve:  -0.0009598731994628906
C++ time to solve:  -0.0011255741119384766
C++ time to solve:  -0.0016622543334960938
C++ time to solve:  -0.0012450218200683594
C++ time to solve:  -0.008663654327392578
C++ time to solve:  -0.0016281604766845703
C++ time to solve:  -0.0017528533935546875
C++ time to solve:  -0.003601551055908203
C++ time to solve:  -0.0015017986297607422
C++ time to solve:  -0.0010647773742675781
C++ time to solve:  -0.05322980880737305
C++ time to solve:  -0.0009601116180419922
C++ time to solve:  -0.0013422966003417969
C++ time to solve:  -0.0011324882507324219
C++ time to solve:  -0.0038056373596191406
SHO: [1.0, 1.0, 1.0, 1.0, 1.0, 1.0, 1.0, 1.0, 1.0, 1.0, 1.0, 1.0, 1.0, 1.0, 1.0, 1.0, 0.95]
STAT: [1.0, 1.0, 1.0, 1.0, 1.0, 1.0, 1.0, 1.0, 1.0, 1.0, 1.0, 1.0, 1.0, 1.0, 1.0, 1.0, 1.0]
Clauses 68 took -17.404016733169556
C++ time to solve:  -0.00402379035949707
C++ time to solve:  -0.001073598861694336
C++ time to solve:  -0.05623579025268555
C++ time to solve:  -0.0011668205261230469
C++ time to solve:  -0.0032815933227539062
C++ time to solve:  -0.002367258071899414
C++ time to solve:  -0.0013918876647949219
C++ time to solve:  -0.046283721923828125
C++ time to solve:  -0.0015535354614257812
C++ time to solve:  -0.001276254653930664
C++ time to solve:  -0.013959407806396484
C++ time to solve:  -0.012122154235839844
C++ time to solve:  -0.004480838775634766
C++ time to solve:  -0.001486063003540039
C++ time to solve:  -0.0042536258697509766
C++ time to solve:  -0.0019447803497314453
C++ time to solve:  -0.0024263858795166016
C++ time to solve:  -0.004441261291503906
C++ time to solve:  -0.000934600830078125
C++ time to solve:  -0.001451253890991211
BPP: [1.0, 1.0, 1.0, 1.0, 1.0, 1.0, 1.0, 1.0, 1.0, 1.0, 1.0, 1.0, 1.0, 1.0, 1.0, 1.0, 0.95, 1.0]
C++ time to solve:  -0.009117841720581055
C++ time to solve:  -0.002786874771118164
C++ time to solve:  -0.0013964176177978516
C++ time to solve:  -0.001178741455078125
C++ time to solve:  -0.024169921875
C++ time to solve:  -0.0020096302032470703
C++ time to solve:  -0.0014140605926513672
C++ time to solve:  -0.004843950271606445
C++ time to solve:  -0.0009191036224365234
C++ time to solve:  -0.0020155906677246094
C++ time to solve:  -0.030141353607177734
C++ time to solve:  -0.01590895652770996
C++ time to solve:  -0.002406597137451172
C++ time to solve:  -0.0015687942504882812
C++ time to solve:  -0.001054525375366211
C++ time to solve:  -0.0019996166229248047
C++ time to solve:  -0.016027450561523438
C++ time to solve:  -0.009601831436157227
C++ time to solve:  -0.0013570785522460938
C++ time to solve:  -0.011476993560791016
SHO: [1.0, 1.0, 1.0, 1.0, 1.0, 1.0, 1.0, 1.0, 1.0, 1.0, 1.0, 1.0, 1.0, 1.0, 1.0, 1.0, 0.95, 1.0]
STAT: [1.0, 1.0, 1.0, 1.0, 1.0, 1.0, 1.0, 1.0, 1.0, 1.0, 1.0, 1.0, 1.0, 1.0, 1.0, 1.0, 1.0, 1.0]
Clauses 72 took -23.020829916000366
C++ time to solve:  -0.015186786651611328
C++ time to solve:  -0.0014081001281738281
C++ time to solve:  -0.010101795196533203
C++ time to solve:  -0.006329059600830078
C++ time to solve:  -0.0017287731170654297
C++ time to solve:  -0.0013954639434814453
C++ time to solve:  -0.02112889289855957
C++ time to solve:  -0.04152035713195801
C++ time to solve:  -0.09686112403869629
C++ time to solve:  -0.0031485557556152344
C++ time to solve:  -0.0038127899169921875
C++ time to solve:  -0.00197601318359375
C++ time to solve:  -0.0011532306671142578
C++ time to solve:  -0.0010802745819091797
C++ time to solve:  -0.013614892959594727
C++ time to solve:  -0.0046405792236328125
C++ time to solve:  -0.007889986038208008
C++ time to solve:  -0.0022690296173095703
C++ time to solve:  -0.006860494613647461
C++ time to solve:  -0.10167765617370605
BPP: [1.0, 1.0, 1.0, 1.0, 1.0, 1.0, 1.0, 1.0, 1.0, 1.0, 1.0, 1.0, 1.0, 1.0, 1.0, 1.0, 0.95, 1.0, 0.9]
C++ time to solve:  -0.008370399475097656
C++ time to solve:  -0.001669168472290039
C++ time to solve:  -0.005155324935913086
C++ time to solve:  -0.002538442611694336
C++ time to solve:  -0.0010428428649902344
C++ time to solve:  -0.001056671142578125
C++ time to solve:  -0.0030715465545654297
C++ time to solve:  -0.02050042152404785
C++ time to solve:  -0.0606694221496582
C++ time to solve:  -0.011580944061279297
C++ time to solve:  -0.002425670623779297
C++ time to solve:  -0.0018115043640136719
C++ time to solve:  -0.0022106170654296875
C++ time to solve:  -0.001363992691040039
C++ time to solve:  -0.003350496292114258
C++ time to solve:  -0.00847625732421875
C++ time to solve:  -0.0029439926147460938
C++ time to solve:  -0.0017485618591308594
C++ time to solve:  -0.0015361309051513672
C++ time to solve:  -0.0709679126739502
SHO: [1.0, 1.0, 1.0, 1.0, 1.0, 1.0, 1.0, 1.0, 1.0, 1.0, 1.0, 1.0, 1.0, 1.0, 1.0, 1.0, 0.95, 1.0, 0.9]
STAT: [1.0, 1.0, 1.0, 1.0, 1.0, 1.0, 1.0, 1.0, 1.0, 1.0, 1.0, 1.0, 1.0, 1.0, 1.0, 1.0, 1.0, 1.0, 0.0]
Clauses 76 took -28.118772506713867
C++ time to solve:  -0.0017576217651367188
C++ time to solve:  -0.00912022590637207
C++ time to solve:  -0.004615306854248047
C++ time to solve:  -0.003332853317260742
C++ time to solve:  -0.0026946067810058594
C++ time to solve:  -0.0016632080078125
C++ time to solve:  -0.0010714530944824219
C++ time to solve:  -0.09303879737854004
C++ time to solve:  -0.00609898567199707
C++ time to solve:  -0.09633851051330566
C++ time to solve:  -0.09262204170227051
C++ time to solve:  -0.0012142658233642578
C++ time to solve:  -0.003573894500732422
C++ time to solve:  -0.010610580444335938
C++ time to solve:  -0.0032396316528320312
C++ time to solve:  -0.0009465217590332031
C++ time to solve:  -0.07981014251708984
C++ time to solve:  -0.008388042449951172
C++ time to solve:  -0.005838155746459961
C++ time to solve:  -0.017904996871948242
BPP: [1.0, 1.0, 1.0, 1.0, 1.0, 1.0, 1.0, 1.0, 1.0, 1.0, 1.0, 1.0, 1.0, 1.0, 1.0, 1.0, 0.95, 1.0, 0.9, 0.8]
C++ time to solve:  -0.0033953189849853516
C++ time to solve:  -0.003501415252685547
C++ time to solve:  -0.021091699600219727
C++ time to solve:  -0.0047779083251953125
C++ time to solve:  -0.0015726089477539062
C++ time to solve:  -0.02866339683532715
C++ time to solve:  -0.0012292861938476562
C++ time to solve:  -0.06757688522338867
C++ time to solve:  -0.00917816162109375
C++ time to solve:  -0.06990909576416016
C++ time to solve:  -0.07566094398498535
C++ time to solve:  -0.0016798973083496094
C++ time to solve:  -0.0014657974243164062
C++ time to solve:  -0.0085601806640625
C++ time to solve:  -0.008498668670654297
C++ time to solve:  -0.005611419677734375
C++ time to solve:  -0.060634613037109375
C++ time to solve:  -0.0036110877990722656
C++ time to solve:  -0.0017027854919433594
C++ time to solve:  -0.014838933944702148
SHO: [1.0, 1.0, 1.0, 1.0, 1.0, 1.0, 1.0, 1.0, 1.0, 1.0, 1.0, 1.0, 1.0, 1.0, 1.0, 1.0, 0.95, 1.0, 0.9, 0.8]
STAT: [1.0, 1.0, 1.0, 1.0, 1.0, 1.0, 1.0, 1.0, 1.0, 1.0, 1.0, 1.0, 1.0, 1.0, 1.0, 1.0, 1.0, 1.0, 0.0, 1.0]
Clauses 80 took -40.11143374443054
C++ time to solve:  -0.09467172622680664
C++ time to solve:  -0.007482290267944336
C++ time to solve:  -0.0012764930725097656
C++ time to solve:  -0.006360769271850586
C++ time to solve:  -0.10689473152160645
C++ time to solve:  -0.022004365921020508
C++ time to solve:  -0.009433984756469727
C++ time to solve:  -0.10556268692016602
C++ time to solve:  -0.0010292530059814453
C++ time to solve:  -0.09853768348693848
C++ time to solve:  -0.004294395446777344
C++ time to solve:  -0.0017664432525634766
C++ time to solve:  -0.0031595230102539062
C++ time to solve:  -0.014400959014892578
C++ time to solve:  -0.09621572494506836
C++ time to solve:  -0.0981299877166748
C++ time to solve:  -0.006304502487182617
C++ time to solve:  -0.0024471282958984375
C++ time to solve:  -0.0025277137756347656
C++ time to solve:  -0.003691434860229492
BPP: [1.0, 1.0, 1.0, 1.0, 1.0, 1.0, 1.0, 1.0, 1.0, 1.0, 1.0, 1.0, 1.0, 1.0, 1.0, 1.0, 0.95, 1.0, 0.9, 0.8, 0.7]
C++ time to solve:  -0.06734395027160645
C++ time to solve:  -0.0007789134979248047
C++ time to solve:  -0.009780645370483398
C++ time to solve:  -0.0038089752197265625
C++ time to solve:  -0.07785677909851074
C++ time to solve:  -0.0013384819030761719
C++ time to solve:  -0.028069734573364258
C++ time to solve:  -0.08690142631530762
C++ time to solve:  -0.0015819072723388672
C++ time to solve:  -0.06672120094299316
C++ time to solve:  -0.009021759033203125
C++ time to solve:  -0.08369827270507812
C++ time to solve:  -0.0011622905731201172
C++ time to solve:  -0.005415439605712891
C++ time to solve:  -0.06870150566101074
C++ time to solve:  -0.07513284683227539
C++ time to solve:  -0.007332801818847656
C++ time to solve:  -0.001668691635131836
C++ time to solve:  -0.001714944839477539
C++ time to solve:  -0.0012807846069335938
SHO: [1.0, 1.0, 1.0, 1.0, 1.0, 1.0, 1.0, 1.0, 1.0, 1.0, 1.0, 1.0, 1.0, 1.0, 1.0, 1.0, 0.95, 1.0, 0.9, 0.8, 0.7]
STAT: [1.0, 1.0, 1.0, 1.0, 1.0, 1.0, 1.0, 1.0, 1.0, 1.0, 1.0, 1.0, 1.0, 1.0, 1.0, 1.0, 1.0, 1.0, 0.0, 1.0, 1.0]
Clauses 84 took -52.616901874542236
testStatistics.py:101: RuntimeWarning: More than 20 figures have been opened. Figures created through the pyplot interface (`matplotlib.pyplot.figure`) are retained until explicitly closed and may consume too much memory. (To control this warning, see the rcParam `figure.max_open_warning`).
  fig = plt.figure(figsize=(9, 5), facecolor='lightskyblue')
C++ time to solve:  -0.012622594833374023
C++ time to solve:  -0.09047532081604004
C++ time to solve:  -0.1091008186340332
C++ time to solve:  -0.001953601837158203
C++ time to solve:  -0.11881899833679199
C++ time to solve:  -0.010196208953857422
C++ time to solve:  -0.10668492317199707
C++ time to solve:  -0.10206198692321777
C++ time to solve:  -0.11345386505126953
C++ time to solve:  -0.0034227371215820312
C++ time to solve:  -0.01196908950805664
C++ time to solve:  -0.11524033546447754
C++ time to solve:  -0.0024459362030029297
C++ time to solve:  -0.0073451995849609375
C++ time to solve:  -0.029581546783447266
C++ time to solve:  -0.003134489059448242
C++ time to solve:  -0.02830815315246582
C++ time to solve:  -0.004235982894897461
C++ time to solve:  -0.042316436767578125
C++ time to solve:  -0.001772165298461914
BPP: [1.0, 1.0, 1.0, 1.0, 1.0, 1.0, 1.0, 1.0, 1.0, 1.0, 1.0, 1.0, 1.0, 1.0, 1.0, 1.0, 0.95, 1.0, 0.9, 0.8, 0.7, 0.7]
C++ time to solve:  -0.004574775695800781
C++ time to solve:  -0.06167149543762207
C++ time to solve:  -0.07873106002807617
C++ time to solve:  -0.002155303955078125
C++ time to solve:  -0.0882713794708252
C++ time to solve:  -0.003008127212524414
C++ time to solve:  -0.08920550346374512
C++ time to solve:  -0.07407236099243164
C++ time to solve:  -0.07958602905273438
C++ time to solve:  -0.001934051513671875
C++ time to solve:  -0.007914304733276367
C++ time to solve:  -0.08412766456604004
C++ time to solve:  -0.002202749252319336
C++ time to solve:  -0.025299549102783203
C++ time to solve:  -0.003537893295288086
C++ time to solve:  -0.0012688636779785156
C++ time to solve:  -0.015430450439453125
C++ time to solve:  -0.006338357925415039
C++ time to solve:  -0.015273809432983398
C++ time to solve:  -0.0016608238220214844
SHO: [1.0, 1.0, 1.0, 1.0, 1.0, 1.0, 1.0, 1.0, 1.0, 1.0, 1.0, 1.0, 1.0, 1.0, 1.0, 1.0, 0.95, 1.0, 0.9, 0.8, 0.7, 0.7]
STAT: [1.0, 1.0, 1.0, 1.0, 1.0, 1.0, 1.0, 1.0, 1.0, 1.0, 1.0, 1.0, 1.0, 1.0, 1.0, 1.0, 1.0, 1.0, 0.0, 1.0, 1.0, 1.0]
Clauses 88 took -51.940873861312866
C++ time to solve:  -0.001165151596069336
C++ time to solve:  -0.0028634071350097656
C++ time to solve:  -0.10042381286621094
C++ time to solve:  -0.009537220001220703
C++ time to solve:  -0.10995268821716309
C++ time to solve:  -0.0032472610473632812
C++ time to solve:  -0.10673189163208008
C++ time to solve:  -0.09395742416381836
C++ time to solve:  -0.10052680969238281
C++ time to solve:  -0.09772801399230957
C++ time to solve:  -0.0015952587127685547
C++ time to solve:  -0.10509586334228516
C++ time to solve:  -0.0019502639770507812
C++ time to solve:  -0.10536408424377441
C++ time to solve:  -0.11069345474243164
C++ time to solve:  -0.11015748977661133
C++ time to solve:  -0.029760360717773438
C++ time to solve:  -0.004057884216308594
C++ time to solve:  -0.10275554656982422
C++ time to solve:  -0.10416841506958008
BPP: [1.0, 1.0, 1.0, 1.0, 1.0, 1.0, 1.0, 1.0, 1.0, 1.0, 1.0, 1.0, 1.0, 1.0, 1.0, 1.0, 0.95, 1.0, 0.9, 0.8, 0.7, 0.7, 0.4]
C++ time to solve:  -0.015587806701660156
C++ time to solve:  -0.015409708023071289
C++ time to solve:  -0.0842137336730957
C++ time to solve:  -0.012554645538330078
C++ time to solve:  -0.08745098114013672
C++ time to solve:  -0.010775089263916016
C++ time to solve:  -0.0892174243927002
C++ time to solve:  -0.0691215991973877
C++ time to solve:  -0.08203458786010742
C++ time to solve:  -0.07536673545837402
C++ time to solve:  -0.009740352630615234
C++ time to solve:  -0.07593941688537598
C++ time to solve:  -0.005182027816772461
C++ time to solve:  -0.08940434455871582
C++ time to solve:  -0.089752197265625
C++ time to solve:  -0.08170247077941895
C++ time to solve:  -0.00683903694152832
C++ time to solve:  -0.014566659927368164
C++ time to solve:  -0.0819387435913086
C++ time to solve:  -0.08195018768310547
SHO: [1.0, 1.0, 1.0, 1.0, 1.0, 1.0, 1.0, 1.0, 1.0, 1.0, 1.0, 1.0, 1.0, 1.0, 1.0, 1.0, 0.95, 1.0, 0.9, 0.8, 0.7, 0.7, 0.4]
STAT: [1.0, 1.0, 1.0, 1.0, 1.0, 1.0, 1.0, 1.0, 1.0, 1.0, 1.0, 1.0, 1.0, 1.0, 1.0, 1.0, 1.0, 1.0, 0.0, 1.0, 1.0, 1.0, 0.0]
Clauses 92 took -71.86882829666138
C++ time to solve:  -0.10741591453552246
C++ time to solve:  -0.0012295246124267578
C++ time to solve:  -0.10502266883850098
C++ time to solve:  -0.11242151260375977
C++ time to solve:  -0.013608932495117188
C++ time to solve:  -0.1006464958190918
C++ time to solve:  -0.11715102195739746
C++ time to solve:  -0.09765148162841797
C++ time to solve:  -0.09782004356384277
C++ time to solve:  -0.009923934936523438
C++ time to solve:  -0.0032482147216796875
C++ time to solve:  -0.005417823791503906
C++ time to solve:  -0.002676725387573242
C++ time to solve:  -0.1051640510559082
C++ time to solve:  -0.012164115905761719
C++ time to solve:  -0.10643863677978516
C++ time to solve:  -0.0017139911651611328
C++ time to solve:  -0.0009808540344238281
C++ time to solve:  -0.09355306625366211
C++ time to solve:  -0.10052299499511719
BPP: [1.0, 1.0, 1.0, 1.0, 1.0, 1.0, 1.0, 1.0, 1.0, 1.0, 1.0, 1.0, 1.0, 1.0, 1.0, 1.0, 0.95, 1.0, 0.9, 0.8, 0.7, 0.7, 0.4, 0.45]
C++ time to solve:  -0.0929419994354248
C++ time to solve:  -0.004060029983520508
C++ time to solve:  -0.08778619766235352
C++ time to solve:  -0.09142494201660156
C++ time to solve:  -0.002814054489135742
C++ time to solve:  -0.08395767211914062
C++ time to solve:  -0.09914231300354004
C++ time to solve:  -0.07574868202209473
C++ time to solve:  -0.07463192939758301
C++ time to solve:  -0.010746240615844727
C++ time to solve:  -0.005608797073364258
C++ time to solve:  -0.0009133815765380859
C++ time to solve:  -0.0021131038665771484
C++ time to solve:  -0.08596086502075195
C++ time to solve:  -0.0242154598236084
C++ time to solve:  -0.08230853080749512
C++ time to solve:  -0.004788875579833984
C++ time to solve:  -0.002880573272705078
C++ time to solve:  -0.07669496536254883
C++ time to solve:  -0.08072757720947266
SHO: [1.0, 1.0, 1.0, 1.0, 1.0, 1.0, 1.0, 1.0, 1.0, 1.0, 1.0, 1.0, 1.0, 1.0, 1.0, 1.0, 0.95, 1.0, 0.9, 0.8, 0.7, 0.7, 0.4, 0.45]
STAT: [1.0, 1.0, 1.0, 1.0, 1.0, 1.0, 1.0, 1.0, 1.0, 1.0, 1.0, 1.0, 1.0, 1.0, 1.0, 1.0, 1.0, 1.0, 0.0, 1.0, 1.0, 1.0, 0.0, 0.0]
Clauses 96 took -70.22471189498901
C++ time to solve:  -0.004340410232543945
C++ time to solve:  -0.1088707447052002
C++ time to solve:  -0.1093587875366211
C++ time to solve:  -0.11254739761352539
C++ time to solve:  -0.018584728240966797
C++ time to solve:  -0.013158559799194336
C++ time to solve:  -0.11346745491027832
C++ time to solve:  -0.011262655258178711
C++ time to solve:  -0.11107635498046875
C++ time to solve:  -0.11265873908996582
C++ time to solve:  -0.01609969139099121
C++ time to solve:  -0.1154928207397461
C++ time to solve:  -0.041719675064086914
C++ time to solve:  -0.09745550155639648
C++ time to solve:  -0.004492282867431641
C++ time to solve:  -0.07964658737182617
C++ time to solve:  -0.12134790420532227
C++ time to solve:  -0.10686278343200684
C++ time to solve:  -0.10884261131286621
C++ time to solve:  -0.0012166500091552734
BPP: [1.0, 1.0, 1.0, 1.0, 1.0, 1.0, 1.0, 1.0, 1.0, 1.0, 1.0, 1.0, 1.0, 1.0, 1.0, 1.0, 0.95, 1.0, 0.9, 0.8, 0.7, 0.7, 0.4, 0.45, 0.45]
C++ time to solve:  -0.004869699478149414
C++ time to solve:  -0.09312295913696289
C++ time to solve:  -0.08941411972045898
C++ time to solve:  -0.09055423736572266
C++ time to solve:  -0.01667022705078125
C++ time to solve:  -0.027054309844970703
C++ time to solve:  -0.08128666877746582
C++ time to solve:  -0.011827707290649414
C++ time to solve:  -0.09295845031738281
C++ time to solve:  -0.08800554275512695
C++ time to solve:  -0.0009601116180419922
C++ time to solve:  -0.09832286834716797
C++ time to solve:  -0.01316380500793457
C++ time to solve:  -0.0894472599029541
C++ time to solve:  -0.003169536590576172
C++ time to solve:  -0.004393339157104492
C++ time to solve:  -0.0987398624420166
C++ time to solve:  -0.09459280967712402
C++ time to solve:  -0.0897684097290039
C++ time to solve:  -0.0023658275604248047
SHO: [1.0, 1.0, 1.0, 1.0, 1.0, 1.0, 1.0, 1.0, 1.0, 1.0, 1.0, 1.0, 1.0, 1.0, 1.0, 1.0, 0.95, 1.0, 0.9, 0.8, 0.7, 0.7, 0.4, 0.45, 0.45]
STAT: [1.0, 1.0, 1.0, 1.0, 1.0, 1.0, 1.0, 1.0, 1.0, 1.0, 1.0, 1.0, 1.0, 1.0, 1.0, 1.0, 1.0, 1.0, 0.0, 1.0, 1.0, 1.0, 0.0, 0.0, 1.0]
Clauses 100 took -81.32618832588196
C++ time to solve:  -0.11503171920776367
C++ time to solve:  -0.10930156707763672
C++ time to solve:  -0.05818939208984375
C++ time to solve:  -0.11916351318359375
C++ time to solve:  -0.10512852668762207
C++ time to solve:  -0.1039886474609375
C++ time to solve:  -0.11027264595031738
C++ time to solve:  -0.10929179191589355
C++ time to solve:  -0.11304807662963867
C++ time to solve:  -0.10851836204528809
C++ time to solve:  -0.013199329376220703
C++ time to solve:  -0.11381006240844727
C++ time to solve:  -0.11333656311035156
C++ time to solve:  -0.12452816963195801
C++ time to solve:  -0.11273312568664551
C++ time to solve:  -0.11487531661987305
C++ time to solve:  -0.12389206886291504
C++ time to solve:  -0.11046719551086426
C++ time to solve:  -0.11715435981750488
C++ time to solve:  -0.09990811347961426
BPP: [1.0, 1.0, 1.0, 1.0, 1.0, 1.0, 1.0, 1.0, 1.0, 1.0, 1.0, 1.0, 1.0, 1.0, 1.0, 1.0, 0.95, 1.0, 0.9, 0.8, 0.7, 0.7, 0.4, 0.45, 0.45, 0.1]
C++ time to solve:  -0.10048675537109375
C++ time to solve:  -0.10145139694213867
C++ time to solve:  -0.0054738521575927734
C++ time to solve:  -0.09765863418579102
C++ time to solve:  -0.08186841011047363
C++ time to solve:  -0.09164619445800781
C++ time to solve:  -0.09807920455932617
C++ time to solve:  -0.09570169448852539
C++ time to solve:  -0.09952664375305176
C++ time to solve:  -0.05777382850646973
C++ time to solve:  -0.06499576568603516
C++ time to solve:  -0.10088229179382324
C++ time to solve:  -0.1016700267791748
C++ time to solve:  -0.1049187183380127
C++ time to solve:  -0.10210323333740234
C++ time to solve:  -0.10584259033203125
C++ time to solve:  -0.1089029312133789
C++ time to solve:  -0.09845566749572754
C++ time to solve:  -0.09585690498352051
C++ time to solve:  -0.07464027404785156
SHO: [1.0, 1.0, 1.0, 1.0, 1.0, 1.0, 1.0, 1.0, 1.0, 1.0, 1.0, 1.0, 1.0, 1.0, 1.0, 1.0, 0.95, 1.0, 0.9, 0.8, 0.7, 0.7, 0.4, 0.45, 0.45, 0.15]
STAT: [1.0, 1.0, 1.0, 1.0, 1.0, 1.0, 1.0, 1.0, 1.0, 1.0, 1.0, 1.0, 1.0, 1.0, 1.0, 1.0, 1.0, 1.0, 0.0, 1.0, 1.0, 1.0, 0.0, 0.0, 1.0, 0.0]
Clauses 104 took -102.94534158706665
C++ time to solve:  -0.11605238914489746
C++ time to solve:  -0.0640721321105957
C++ time to solve:  -0.11286282539367676
C++ time to solve:  -0.12337040901184082
C++ time to solve:  -0.10827207565307617
C++ time to solve:  -0.11829090118408203
C++ time to solve:  -0.12054133415222168
C++ time to solve:  -0.12056589126586914
C++ time to solve:  -0.047782182693481445
C++ time to solve:  -0.11110877990722656
C++ time to solve:  -0.015284061431884766
C++ time to solve:  -0.0049326419830322266
C++ time to solve:  -0.0942225456237793
C++ time to solve:  -0.12788081169128418
C++ time to solve:  -0.11868023872375488
C++ time to solve:  -0.1144554615020752
C++ time to solve:  -0.0011200904846191406
C++ time to solve:  -0.11272025108337402
C++ time to solve:  -0.1221303939819336
C++ time to solve:  -0.11330986022949219
BPP: [1.0, 1.0, 1.0, 1.0, 1.0, 1.0, 1.0, 1.0, 1.0, 1.0, 1.0, 1.0, 1.0, 1.0, 1.0, 1.0, 0.95, 1.0, 0.9, 0.8, 0.7, 0.7, 0.4, 0.45, 0.45, 0.1, 0.25]
C++ time to solve:  -0.1012108325958252
C++ time to solve:  -0.006383180618286133
C++ time to solve:  -0.0868215560913086
C++ time to solve:  -0.10943031311035156
C++ time to solve:  -0.09036755561828613
C++ time to solve:  -0.09641385078430176
C++ time to solve:  -0.10866928100585938
C++ time to solve:  -0.10786676406860352
C++ time to solve:  -0.002269268035888672
C++ time to solve:  -0.09278225898742676
C++ time to solve:  -0.008594036102294922
C++ time to solve:  -0.008814334869384766
C++ time to solve:  -0.07977437973022461
C++ time to solve:  -0.10834503173828125
C++ time to solve:  -0.10348773002624512
C++ time to solve:  -0.09668612480163574
C++ time to solve:  -0.0036711692810058594
C++ time to solve:  -0.09709048271179199
C++ time to solve:  -0.10416769981384277
C++ time to solve:  -0.09644532203674316
SHO: [1.0, 1.0, 1.0, 1.0, 1.0, 1.0, 1.0, 1.0, 1.0, 1.0, 1.0, 1.0, 1.0, 1.0, 1.0, 1.0, 0.95, 1.0, 0.9, 0.8, 0.7, 0.7, 0.4, 0.45, 0.45, 0.15, 0.25]
STAT: [1.0, 1.0, 1.0, 1.0, 1.0, 1.0, 1.0, 1.0, 1.0, 1.0, 1.0, 1.0, 1.0, 1.0, 1.0, 1.0, 1.0, 1.0, 0.0, 1.0, 1.0, 1.0, 0.0, 0.0, 1.0, 0.0, 0.0]
Clauses 108 took -94.3501136302948
C++ time to solve:  -0.11140203475952148
C++ time to solve:  -0.12002015113830566
C++ time to solve:  -0.13105988502502441
C++ time to solve:  -0.11031794548034668
C++ time to solve:  -0.12921786308288574
C++ time to solve:  -0.12144660949707031
C++ time to solve:  -0.12560749053955078
C++ time to solve:  -0.11774277687072754
C++ time to solve:  -0.11671137809753418
C++ time to solve:  -0.1294548511505127
C++ time to solve:  -0.04421591758728027
C++ time to solve:  -0.11891913414001465
C++ time to solve:  -0.13238096237182617
C++ time to solve:  -0.13161683082580566
C++ time to solve:  -0.10341405868530273
C++ time to solve:  -0.13360214233398438
C++ time to solve:  -0.13275694847106934
C++ time to solve:  -0.13496184349060059
C++ time to solve:  -0.14971470832824707
C++ time to solve:  -0.13393950462341309
BPP: [1.0, 1.0, 1.0, 1.0, 1.0, 1.0, 1.0, 1.0, 1.0, 1.0, 1.0, 1.0, 1.0, 1.0, 1.0, 1.0, 0.95, 1.0, 0.9, 0.8, 0.7, 0.7, 0.4, 0.45, 0.45, 0.1, 0.25, 0.05]
C++ time to solve:  -0.1114189624786377
C++ time to solve:  -0.12045168876647949
C++ time to solve:  -0.11877155303955078
C++ time to solve:  -0.11803555488586426
C++ time to solve:  -0.12572884559631348
C++ time to solve:  -0.12161469459533691
C++ time to solve:  -0.046845436096191406
C++ time to solve:  -0.11773204803466797
C++ time to solve:  -0.12539052963256836
C++ time to solve:  -0.129441499710083
C++ time to solve:  -0.0016837120056152344
C++ time to solve:  -0.12151241302490234
C++ time to solve:  -0.13075542449951172
C++ time to solve:  -0.11290478706359863
C++ time to solve:  -0.09260892868041992
C++ time to solve:  -0.12226510047912598
C++ time to solve:  -0.11907505989074707
C++ time to solve:  -0.11160755157470703
C++ time to solve:  -0.13177180290222168
C++ time to solve:  -0.12060189247131348
SHO: [1.0, 1.0, 1.0, 1.0, 1.0, 1.0, 1.0, 1.0, 1.0, 1.0, 1.0, 1.0, 1.0, 1.0, 1.0, 1.0, 0.95, 1.0, 0.9, 0.8, 0.7, 0.7, 0.4, 0.45, 0.45, 0.15, 0.25, 0.1]
STAT: [1.0, 1.0, 1.0, 1.0, 1.0, 1.0, 1.0, 1.0, 1.0, 1.0, 1.0, 1.0, 1.0, 1.0, 1.0, 1.0, 1.0, 1.0, 0.0, 1.0, 1.0, 1.0, 0.0, 0.0, 1.0, 0.0, 0.0, 0.0]
Clauses 112 took -115.29728102684021
C++ time to solve:  -0.07367229461669922
C++ time to solve:  -0.13437652587890625
C++ time to solve:  -0.12967562675476074
C++ time to solve:  -0.13243579864501953
C++ time to solve:  -0.10738635063171387
C++ time to solve:  -0.12827825546264648
C++ time to solve:  -0.1124277114868164
C++ time to solve:  -0.13819432258605957
C++ time to solve:  -0.13023090362548828
C++ time to solve:  -0.12477278709411621
C++ time to solve:  -0.12088489532470703
C++ time to solve:  -0.1326124668121338
C++ time to solve:  -0.1113424301147461
C++ time to solve:  -0.10716772079467773
C++ time to solve:  -0.1092522144317627
C++ time to solve:  -0.11216330528259277
C++ time to solve:  -0.14138293266296387
C++ time to solve:  -0.12549185752868652
C++ time to solve:  -0.12004828453063965
C++ time to solve:  -0.12731003761291504
BPP: [1.0, 1.0, 1.0, 1.0, 1.0, 1.0, 1.0, 1.0, 1.0, 1.0, 1.0, 1.0, 1.0, 1.0, 1.0, 1.0, 0.95, 1.0, 0.9, 0.8, 0.7, 0.7, 0.4, 0.45, 0.45, 0.1, 0.25, 0.05, 0.05]
C++ time to solve:  -0.06860017776489258
C++ time to solve:  -0.11970925331115723
C++ time to solve:  -0.11381912231445312
C++ time to solve:  -0.12247681617736816
C++ time to solve:  -0.10675692558288574
C++ time to solve:  -0.11881756782531738
C++ time to solve:  -0.10675644874572754
C++ time to solve:  -0.12449002265930176
C++ time to solve:  -0.11393427848815918
C++ time to solve:  -0.11178016662597656
C++ time to solve:  -0.10629653930664062
C++ time to solve:  -0.11427855491638184
C++ time to solve:  -0.1018362045288086
C++ time to solve:  -0.09509778022766113
C++ time to solve:  -0.09927177429199219
C++ time to solve:  -0.09812259674072266
C++ time to solve:  -0.12644124031066895
C++ time to solve:  -0.11359333992004395
C++ time to solve:  -0.11479449272155762
C++ time to solve:  -0.12368035316467285
SHO: [1.0, 1.0, 1.0, 1.0, 1.0, 1.0, 1.0, 1.0, 1.0, 1.0, 1.0, 1.0, 1.0, 1.0, 1.0, 1.0, 0.95, 1.0, 0.9, 0.8, 0.7, 0.7, 0.4, 0.45, 0.45, 0.15, 0.25, 0.1, 0.05]
STAT: [1.0, 1.0, 1.0, 1.0, 1.0, 1.0, 1.0, 1.0, 1.0, 1.0, 1.0, 1.0, 1.0, 1.0, 1.0, 1.0, 1.0, 1.0, 0.0, 1.0, 1.0, 1.0, 0.0, 0.0, 1.0, 0.0, 0.0, 0.0, 0.0]
Clauses 116 took -125.49068832397461
C++ time to solve:  -0.12910842895507812
C++ time to solve:  -0.14953017234802246
C++ time to solve:  -0.0010251998901367188
C++ time to solve:  -0.13428735733032227
C++ time to solve:  -0.16280078887939453
C++ time to solve:  -0.150651216506958
C++ time to solve:  -0.16470551490783691
C++ time to solve:  -0.16596007347106934
C++ time to solve:  -0.1323680877685547
C++ time to solve:  -0.13901901245117188
C++ time to solve:  -0.12528014183044434
C++ time to solve:  -0.1436448097229004
C++ time to solve:  -0.13291454315185547
C++ time to solve:  -0.14251446723937988
C++ time to solve:  -0.13654518127441406
C++ time to solve:  -0.036379337310791016
C++ time to solve:  -0.13871073722839355
C++ time to solve:  -0.15306663513183594
C++ time to solve:  -0.14123797416687012
C++ time to solve:  -0.13732481002807617
BPP: [1.0, 1.0, 1.0, 1.0, 1.0, 1.0, 1.0, 1.0, 1.0, 1.0, 1.0, 1.0, 1.0, 1.0, 1.0, 1.0, 0.95, 1.0, 0.9, 0.8, 0.7, 0.7, 0.4, 0.45, 0.45, 0.1, 0.25, 0.05, 0.05, 0.1]
C++ time to solve:  -0.11802983283996582
C++ time to solve:  -0.14478158950805664
C++ time to solve:  -0.007460355758666992
C++ time to solve:  -0.13139557838439941
C++ time to solve:  -0.13579845428466797
C++ time to solve:  -0.12404608726501465
C++ time to solve:  -0.13240385055541992
C++ time to solve:  -0.13669943809509277
C++ time to solve:  -0.11354851722717285
C++ time to solve:  -0.12381458282470703
C++ time to solve:  -0.10442566871643066
C++ time to solve:  -0.12212538719177246
C++ time to solve:  -0.12418150901794434
C++ time to solve:  -0.11867833137512207
C++ time to solve:  -0.12873578071594238
C++ time to solve:  -0.10745072364807129
C++ time to solve:  -0.12047576904296875
C++ time to solve:  -0.13149809837341309
C++ time to solve:  -0.13100767135620117
C++ time to solve:  -0.12674689292907715
SHO: [1.0, 1.0, 1.0, 1.0, 1.0, 1.0, 1.0, 1.0, 1.0, 1.0, 1.0, 1.0, 1.0, 1.0, 1.0, 1.0, 0.95, 1.0, 0.9, 0.8, 0.7, 0.7, 0.4, 0.45, 0.45, 0.15, 0.25, 0.1, 0.05, 0.05]
STAT: [1.0, 1.0, 1.0, 1.0, 1.0, 1.0, 1.0, 1.0, 1.0, 1.0, 1.0, 1.0, 1.0, 1.0, 1.0, 1.0, 1.0, 1.0, 0.0, 1.0, 1.0, 1.0, 0.0, 0.0, 1.0, 0.0, 0.0, 0.0, 0.0, 0.0]
Clauses 120 took -127.05600118637085
C++ time to solve:  -0.12407517433166504
C++ time to solve:  -0.12025070190429688
C++ time to solve:  -0.1298990249633789
C++ time to solve:  -0.1282811164855957
C++ time to solve:  -0.11913228034973145
C++ time to solve:  -0.12976527214050293
C++ time to solve:  -0.12087798118591309
C++ time to solve:  -0.13976764678955078
C++ time to solve:  -0.13504314422607422
C++ time to solve:  -0.13097047805786133
C++ time to solve:  -0.14292240142822266
C++ time to solve:  -0.12798404693603516
C++ time to solve:  -0.11510062217712402
C++ time to solve:  -0.12010908126831055
C++ time to solve:  -0.11568737030029297
C++ time to solve:  -0.11172819137573242
C++ time to solve:  -0.13819575309753418
C++ time to solve:  -0.1432342529296875
C++ time to solve:  -0.1325550079345703
C++ time to solve:  -0.13727712631225586
BPP: [1.0, 1.0, 1.0, 1.0, 1.0, 1.0, 1.0, 1.0, 1.0, 1.0, 1.0, 1.0, 1.0, 1.0, 1.0, 1.0, 0.95, 1.0, 0.9, 0.8, 0.7, 0.7, 0.4, 0.45, 0.45, 0.1, 0.25, 0.05, 0.05, 0.1, 0.0]
C++ time to solve:  -0.09889745712280273
C++ time to solve:  -0.09841799736022949
C++ time to solve:  -0.12820720672607422
C++ time to solve:  -0.1165473461151123
C++ time to solve:  -0.1139976978302002
C++ time to solve:  -0.11970758438110352
C++ time to solve:  -0.11986565589904785
C++ time to solve:  -0.132033109664917
C++ time to solve:  -0.13213324546813965
C++ time to solve:  -0.12732458114624023
C++ time to solve:  -0.1330430507659912
C++ time to solve:  -0.11874818801879883
C++ time to solve:  -0.10724353790283203
C++ time to solve:  -0.11201834678649902
C++ time to solve:  -0.11715030670166016
C++ time to solve:  -0.10816454887390137
C++ time to solve:  -0.11274480819702148
C++ time to solve:  -0.13369965553283691
C++ time to solve:  -0.12363314628601074
C++ time to solve:  -0.12556910514831543
SHO: [1.0, 1.0, 1.0, 1.0, 1.0, 1.0, 1.0, 1.0, 1.0, 1.0, 1.0, 1.0, 1.0, 1.0, 1.0, 1.0, 0.95, 1.0, 0.9, 0.8, 0.7, 0.7, 0.4, 0.45, 0.45, 0.15, 0.25, 0.1, 0.05, 0.05, 0.0]
STAT: [1.0, 1.0, 1.0, 1.0, 1.0, 1.0, 1.0, 1.0, 1.0, 1.0, 1.0, 1.0, 1.0, 1.0, 1.0, 1.0, 1.0, 1.0, 0.0, 1.0, 1.0, 1.0, 0.0, 0.0, 1.0, 0.0, 0.0, 0.0, 0.0, 0.0, 0.0]
Clauses 124 took -141.3230321407318
C++ time to solve:  -0.14312195777893066
C++ time to solve:  -0.13520550727844238
C++ time to solve:  -0.13548707962036133
C++ time to solve:  -0.13448882102966309
C++ time to solve:  -0.13115620613098145
C++ time to solve:  -0.1312265396118164
C++ time to solve:  -0.1331477165222168
C++ time to solve:  -0.14523720741271973
C++ time to solve:  -0.13811326026916504
C++ time to solve:  -0.13046979904174805
C++ time to solve:  -0.12816762924194336
C++ time to solve:  -0.1349186897277832
C++ time to solve:  -0.13863730430603027
C++ time to solve:  -0.1343216896057129
C++ time to solve:  -0.11687874794006348
C++ time to solve:  -0.13720941543579102
C++ time to solve:  -0.1393742561340332
C++ time to solve:  -0.14144682884216309
C++ time to solve:  -0.14368009567260742
C++ time to solve:  -0.1359694004058838
BPP: [1.0, 1.0, 1.0, 1.0, 1.0, 1.0, 1.0, 1.0, 1.0, 1.0, 1.0, 1.0, 1.0, 1.0, 1.0, 1.0, 0.95, 1.0, 0.9, 0.8, 0.7, 0.7, 0.4, 0.45, 0.45, 0.1, 0.25, 0.05, 0.05, 0.1, 0.0, 0.0]
C++ time to solve:  -0.14046716690063477
C++ time to solve:  -0.1263585090637207
C++ time to solve:  -0.12093734741210938
C++ time to solve:  -0.1283884048461914
C++ time to solve:  -0.12908148765563965
C++ time to solve:  -0.11756062507629395
C++ time to solve:  -0.12464213371276855
C++ time to solve:  -0.13402009010314941
C++ time to solve:  -0.13013958930969238
C++ time to solve:  -0.11403107643127441
C++ time to solve:  -0.12207579612731934
C++ time to solve:  -0.12532496452331543
C++ time to solve:  -0.13361072540283203
C++ time to solve:  -0.11985111236572266
C++ time to solve:  -0.10865926742553711
C++ time to solve:  -0.12417197227478027
C++ time to solve:  -0.12791705131530762
C++ time to solve:  -0.13127803802490234
C++ time to solve:  -0.13462162017822266
C++ time to solve:  -0.1268482208251953
SHO: [1.0, 1.0, 1.0, 1.0, 1.0, 1.0, 1.0, 1.0, 1.0, 1.0, 1.0, 1.0, 1.0, 1.0, 1.0, 1.0, 0.95, 1.0, 0.9, 0.8, 0.7, 0.7, 0.4, 0.45, 0.45, 0.15, 0.25, 0.1, 0.05, 0.05, 0.0, 0.0]
STAT: [1.0, 1.0, 1.0, 1.0, 1.0, 1.0, 1.0, 1.0, 1.0, 1.0, 1.0, 1.0, 1.0, 1.0, 1.0, 1.0, 1.0, 1.0, 0.0, 1.0, 1.0, 1.0, 0.0, 0.0, 1.0, 0.0, 0.0, 0.0, 0.0, 0.0, 0.0, 0.0]
Clauses 128 took -147.32310152053833
C++ time to solve:  -0.1262972354888916
C++ time to solve:  -0.1400458812713623
C++ time to solve:  -0.12982797622680664
C++ time to solve:  -0.14317989349365234
C++ time to solve:  -0.13916826248168945
C++ time to solve:  -0.13849663734436035
C++ time to solve:  -0.13580560684204102
C++ time to solve:  -0.13871240615844727
C++ time to solve:  -0.12283635139465332
C++ time to solve:  -0.13218021392822266
C++ time to solve:  -0.13965177536010742
C++ time to solve:  -0.12385916709899902
C++ time to solve:  -0.145127534866333
C++ time to solve:  -0.13715291023254395
C++ time to solve:  -0.14142608642578125
C++ time to solve:  -0.13933348655700684
C++ time to solve:  -0.13028526306152344
C++ time to solve:  -0.13643288612365723
C++ time to solve:  -0.12566065788269043
C++ time to solve:  -0.13334250450134277
BPP: [1.0, 1.0, 1.0, 1.0, 1.0, 1.0, 1.0, 1.0, 1.0, 1.0, 1.0, 1.0, 1.0, 1.0, 1.0, 1.0, 0.95, 1.0, 0.9, 0.8, 0.7, 0.7, 0.4, 0.45, 0.45, 0.1, 0.25, 0.05, 0.05, 0.1, 0.0, 0.0, 0.0]
C++ time to solve:  -0.11579680442810059
C++ time to solve:  -0.13861441612243652
C++ time to solve:  -0.12776684761047363
C++ time to solve:  -0.13630318641662598
C++ time to solve:  -0.11901378631591797
C++ time to solve:  -0.13518142700195312
C++ time to solve:  -0.12761521339416504
C++ time to solve:  -0.11980724334716797
C++ time to solve:  -0.12230324745178223
C++ time to solve:  -0.12853384017944336
C++ time to solve:  -0.13594770431518555
C++ time to solve:  -0.12862396240234375
C++ time to solve:  -0.13768792152404785
C++ time to solve:  -0.12918496131896973
C++ time to solve:  -0.142258882522583
C++ time to solve:  -0.13110852241516113
C++ time to solve:  -0.12581396102905273
C++ time to solve:  -0.12922286987304688
C++ time to solve:  -0.11842107772827148
C++ time to solve:  -0.12293004989624023
SHO: [1.0, 1.0, 1.0, 1.0, 1.0, 1.0, 1.0, 1.0, 1.0, 1.0, 1.0, 1.0, 1.0, 1.0, 1.0, 1.0, 0.95, 1.0, 0.9, 0.8, 0.7, 0.7, 0.4, 0.45, 0.45, 0.15, 0.25, 0.1, 0.05, 0.05, 0.0, 0.0, 0.0]
STAT: [1.0, 1.0, 1.0, 1.0, 1.0, 1.0, 1.0, 1.0, 1.0, 1.0, 1.0, 1.0, 1.0, 1.0, 1.0, 1.0, 1.0, 1.0, 0.0, 1.0, 1.0, 1.0, 0.0, 0.0, 1.0, 0.0, 0.0, 0.0, 0.0, 0.0, 0.0, 0.0, 0.0]
Clauses 132 took -155.92653608322144
C++ time to solve:  -0.13013911247253418
C++ time to solve:  -0.13954663276672363
C++ time to solve:  -0.1531679630279541
C++ time to solve:  -0.14371657371520996
C++ time to solve:  -0.1386575698852539
C++ time to solve:  -0.13684678077697754
C++ time to solve:  -0.13485121726989746
C++ time to solve:  -0.13797688484191895
C++ time to solve:  -0.12552404403686523
C++ time to solve:  -0.14602375030517578
C++ time to solve:  -0.14472317695617676
C++ time to solve:  -0.1385211944580078
C++ time to solve:  -0.14293146133422852
C++ time to solve:  -0.1377260684967041
C++ time to solve:  -0.13626861572265625
C++ time to solve:  -0.14210724830627441
C++ time to solve:  -0.13278889656066895
C++ time to solve:  -0.13645267486572266
C++ time to solve:  -0.14061331748962402
C++ time to solve:  -0.13826417922973633
BPP: [1.0, 1.0, 1.0, 1.0, 1.0, 1.0, 1.0, 1.0, 1.0, 1.0, 1.0, 1.0, 1.0, 1.0, 1.0, 1.0, 0.95, 1.0, 0.9, 0.8, 0.7, 0.7, 0.4, 0.45, 0.45, 0.1, 0.25, 0.05, 0.05, 0.1, 0.0, 0.0, 0.0, 0.0]
C++ time to solve:  -0.1317892074584961
C++ time to solve:  -0.1391441822052002
C++ time to solve:  -0.1459050178527832
C++ time to solve:  -0.1402437686920166
C++ time to solve:  -0.13606500625610352
C++ time to solve:  -0.1319279670715332
C++ time to solve:  -0.12859797477722168
C++ time to solve:  -0.13445782661437988
C++ time to solve:  -0.12693428993225098
C++ time to solve:  -0.13659119606018066
C++ time to solve:  -0.14211130142211914
C++ time to solve:  -0.14296507835388184
C++ time to solve:  -0.1393601894378662
C++ time to solve:  -0.13503646850585938
C++ time to solve:  -0.13566350936889648
C++ time to solve:  -0.13313603401184082
C++ time to solve:  -0.12506675720214844
C++ time to solve:  -0.13314414024353027
C++ time to solve:  -0.14019560813903809
C++ time to solve:  -0.13135981559753418
SHO: [1.0, 1.0, 1.0, 1.0, 1.0, 1.0, 1.0, 1.0, 1.0, 1.0, 1.0, 1.0, 1.0, 1.0, 1.0, 1.0, 0.95, 1.0, 0.9, 0.8, 0.7, 0.7, 0.4, 0.45, 0.45, 0.15, 0.25, 0.1, 0.05, 0.05, 0.0, 0.0, 0.0, 0.0]
STAT: [1.0, 1.0, 1.0, 1.0, 1.0, 1.0, 1.0, 1.0, 1.0, 1.0, 1.0, 1.0, 1.0, 1.0, 1.0, 1.0, 1.0, 1.0, 0.0, 1.0, 1.0, 1.0, 0.0, 0.0, 1.0, 0.0, 0.0, 0.0, 0.0, 0.0, 0.0, 0.0, 0.0, 0.0]
Clauses 136 took -165.62418293952942
C++ time to solve:  -0.14941072463989258
C++ time to solve:  -0.14305329322814941
C++ time to solve:  -0.1453237533569336
C++ time to solve:  -0.14523887634277344
C++ time to solve:  -0.13380908966064453
C++ time to solve:  -0.14815664291381836
C++ time to solve:  -0.1412355899810791
C++ time to solve:  -0.13900399208068848
C++ time to solve:  -0.1411447525024414
C++ time to solve:  -0.12766361236572266
C++ time to solve:  -0.13254904747009277
C++ time to solve:  -0.1477344036102295
C++ time to solve:  -0.13949942588806152
C++ time to solve:  -0.13370919227600098
C++ time to solve:  -0.1543903350830078
C++ time to solve:  -0.1400599479675293
C++ time to solve:  -0.16347312927246094
C++ time to solve:  -0.12372589111328125
C++ time to solve:  -0.13179349899291992
C++ time to solve:  -0.13921380043029785
BPP: [1.0, 1.0, 1.0, 1.0, 1.0, 1.0, 1.0, 1.0, 1.0, 1.0, 1.0, 1.0, 1.0, 1.0, 1.0, 1.0, 0.95, 1.0, 0.9, 0.8, 0.7, 0.7, 0.4, 0.45, 0.45, 0.1, 0.25, 0.05, 0.05, 0.1, 0.0, 0.0, 0.0, 0.0, 0.0]
C++ time to solve:  -0.14851903915405273
C++ time to solve:  -0.13130521774291992
C++ time to solve:  -0.1455855369567871
C++ time to solve:  -0.13998770713806152
C++ time to solve:  -0.13633227348327637
C++ time to solve:  -0.14325356483459473
C++ time to solve:  -0.13139605522155762
C++ time to solve:  -0.13875174522399902
C++ time to solve:  -0.13292932510375977
C++ time to solve:  -0.12444281578063965
C++ time to solve:  -0.12985849380493164
C++ time to solve:  -0.15120363235473633
C++ time to solve:  -0.14505982398986816
C++ time to solve:  -0.13639354705810547
C++ time to solve:  -0.1481761932373047
C++ time to solve:  -0.13461899757385254
C++ time to solve:  -0.15535783767700195
C++ time to solve:  -0.1190183162689209
C++ time to solve:  -0.12206578254699707
C++ time to solve:  -0.13096332550048828
SHO: [1.0, 1.0, 1.0, 1.0, 1.0, 1.0, 1.0, 1.0, 1.0, 1.0, 1.0, 1.0, 1.0, 1.0, 1.0, 1.0, 0.95, 1.0, 0.9, 0.8, 0.7, 0.7, 0.4, 0.45, 0.45, 0.15, 0.25, 0.1, 0.05, 0.05, 0.0, 0.0, 0.0, 0.0, 0.0]
STAT: [1.0, 1.0, 1.0, 1.0, 1.0, 1.0, 1.0, 1.0, 1.0, 1.0, 1.0, 1.0, 1.0, 1.0, 1.0, 1.0, 1.0, 1.0, 0.0, 1.0, 1.0, 1.0, 0.0, 0.0, 1.0, 0.0, 0.0, 0.0, 0.0, 0.0, 0.0, 0.0, 0.0, 0.0, 0.0]
Clauses 140 took -168.42486214637756
C++ time to solve:  -0.14373469352722168
C++ time to solve:  -0.12983369827270508
C++ time to solve:  -0.14698290824890137
C++ time to solve:  -0.14778971672058105
C++ time to solve:  -0.13722825050354004
C++ time to solve:  -0.14952993392944336
C++ time to solve:  -0.15778374671936035
C++ time to solve:  -0.14176702499389648
C++ time to solve:  -0.13750410079956055
C++ time to solve:  -0.1487290859222412
C++ time to solve:  -0.15050292015075684
C++ time to solve:  -0.13272643089294434
C++ time to solve:  -0.1345837116241455
C++ time to solve:  -0.14018774032592773
C++ time to solve:  -0.15483736991882324
C++ time to solve:  -0.1355583667755127
C++ time to solve:  -0.1487741470336914
C++ time to solve:  -0.14895105361938477
C++ time to solve:  -0.14206695556640625
C++ time to solve:  -0.1502823829650879
BPP: [1.0, 1.0, 1.0, 1.0, 1.0, 1.0, 1.0, 1.0, 1.0, 1.0, 1.0, 1.0, 1.0, 1.0, 1.0, 1.0, 0.95, 1.0, 0.9, 0.8, 0.7, 0.7, 0.4, 0.45, 0.45, 0.1, 0.25, 0.05, 0.05, 0.1, 0.0, 0.0, 0.0, 0.0, 0.0, 0.0]
C++ time to solve:  -0.14321660995483398
C++ time to solve:  -0.11454296112060547
C++ time to solve:  -0.14623379707336426
C++ time to solve:  -0.145463228225708
C++ time to solve:  -0.13251447677612305
C++ time to solve:  -0.14331960678100586
C++ time to solve:  -0.1557636260986328
C++ time to solve:  -0.1399686336517334
C++ time to solve:  -0.1404249668121338
C++ time to solve:  -0.1513979434967041
C++ time to solve:  -0.15083074569702148
C++ time to solve:  -0.13450956344604492
C++ time to solve:  -0.1366291046142578
C++ time to solve:  -0.1368732452392578
C++ time to solve:  -0.1529688835144043
C++ time to solve:  -0.13876104354858398
C++ time to solve:  -0.14423370361328125
C++ time to solve:  -0.14728283882141113
C++ time to solve:  -0.14174628257751465
C++ time to solve:  -0.13767433166503906
SHO: [1.0, 1.0, 1.0, 1.0, 1.0, 1.0, 1.0, 1.0, 1.0, 1.0, 1.0, 1.0, 1.0, 1.0, 1.0, 1.0, 0.95, 1.0, 0.9, 0.8, 0.7, 0.7, 0.4, 0.45, 0.45, 0.15, 0.25, 0.1, 0.05, 0.05, 0.0, 0.0, 0.0, 0.0, 0.0, 0.0]
STAT: [1.0, 1.0, 1.0, 1.0, 1.0, 1.0, 1.0, 1.0, 1.0, 1.0, 1.0, 1.0, 1.0, 1.0, 1.0, 1.0, 1.0, 1.0, 0.0, 1.0, 1.0, 1.0, 0.0, 0.0, 1.0, 0.0, 0.0, 0.0, 0.0, 0.0, 0.0, 0.0, 0.0, 0.0, 0.0, 0.0]
Clauses 144 took -173.72651648521423
C++ time to solve:  -0.16106152534484863
C++ time to solve:  -0.1690530776977539
C++ time to solve:  -0.16019439697265625
C++ time to solve:  -0.1804509162902832
C++ time to solve:  -0.1750621795654297
C++ time to solve:  -0.16640448570251465
C++ time to solve:  -0.15962433815002441
C++ time to solve:  -0.16377472877502441
C++ time to solve:  -0.16170215606689453
C++ time to solve:  -0.16061139106750488
C++ time to solve:  -0.17167973518371582
C++ time to solve:  -0.16391801834106445
C++ time to solve:  -0.16294169425964355
C++ time to solve:  -0.15649747848510742
C++ time to solve:  -0.1495680809020996
C++ time to solve:  -0.16085433959960938
C++ time to solve:  -0.1525411605834961
C++ time to solve:  -0.1595449447631836
C++ time to solve:  -0.14578938484191895
C++ time to solve:  -0.15791797637939453
BPP: [1.0, 1.0, 1.0, 1.0, 1.0, 1.0, 1.0, 1.0, 1.0, 1.0, 1.0, 1.0, 1.0, 1.0, 1.0, 1.0, 0.95, 1.0, 0.9, 0.8, 0.7, 0.7, 0.4, 0.45, 0.45, 0.1, 0.25, 0.05, 0.05, 0.1, 0.0, 0.0, 0.0, 0.0, 0.0, 0.0, 0.0]
C++ time to solve:  -0.1536405086517334
C++ time to solve:  -0.1603679656982422
C++ time to solve:  -0.15785598754882812
C++ time to solve:  -0.17631244659423828
C++ time to solve:  -0.1703777313232422
C++ time to solve:  -0.16743159294128418
C++ time to solve:  -0.15338397026062012
C++ time to solve:  -0.1597278118133545
C++ time to solve:  -0.1633589267730713
C++ time to solve:  -0.16099810600280762
C++ time to solve:  -0.17203092575073242
C++ time to solve:  -0.1742870807647705
C++ time to solve:  -0.15088129043579102
C++ time to solve:  -0.1411149501800537
C++ time to solve:  -0.139296293258667
C++ time to solve:  -0.1394026279449463
C++ time to solve:  -0.1446988582611084
C++ time to solve:  -0.14359068870544434
C++ time to solve:  -0.1464231014251709
C++ time to solve:  -0.14409661293029785
SHO: [1.0, 1.0, 1.0, 1.0, 1.0, 1.0, 1.0, 1.0, 1.0, 1.0, 1.0, 1.0, 1.0, 1.0, 1.0, 1.0, 0.95, 1.0, 0.9, 0.8, 0.7, 0.7, 0.4, 0.45, 0.45, 0.15, 0.25, 0.1, 0.05, 0.05, 0.0, 0.0, 0.0, 0.0, 0.0, 0.0, 0.0]
STAT: [1.0, 1.0, 1.0, 1.0, 1.0, 1.0, 1.0, 1.0, 1.0, 1.0, 1.0, 1.0, 1.0, 1.0, 1.0, 1.0, 1.0, 1.0, 0.0, 1.0, 1.0, 1.0, 0.0, 0.0, 1.0, 0.0, 0.0, 0.0, 0.0, 0.0, 0.0, 0.0, 0.0, 0.0, 0.0, 0.0, 0.0]
Clauses 148 took -190.32788276672363
C++ time to solve:  -0.13792085647583008
C++ time to solve:  -0.1516103744506836
C++ time to solve:  -0.13763737678527832
C++ time to solve:  -0.1507120132446289
C++ time to solve:  -0.14797759056091309
C++ time to solve:  -0.14801502227783203
C++ time to solve:  -0.15456676483154297
C++ time to solve:  -0.15251517295837402
C++ time to solve:  -0.146653413772583
C++ time to solve:  -0.14966154098510742
C++ time to solve:  -0.1529834270477295
C++ time to solve:  -0.12490725517272949
C++ time to solve:  -0.14586663246154785
C++ time to solve:  -0.1410844326019287
C++ time to solve:  -0.1473240852355957
C++ time to solve:  -0.15909552574157715
C++ time to solve:  -0.14343690872192383
C++ time to solve:  -0.15870118141174316
C++ time to solve:  -0.14687347412109375
C++ time to solve:  -0.1580655574798584
BPP: [1.0, 1.0, 1.0, 1.0, 1.0, 1.0, 1.0, 1.0, 1.0, 1.0, 1.0, 1.0, 1.0, 1.0, 1.0, 1.0, 0.95, 1.0, 0.9, 0.8, 0.7, 0.7, 0.4, 0.45, 0.45, 0.1, 0.25, 0.05, 0.05, 0.1, 0.0, 0.0, 0.0, 0.0, 0.0, 0.0, 0.0, 0.0]
C++ time to solve:  -0.1422863006591797
C++ time to solve:  -0.15748143196105957
C++ time to solve:  -0.14794254302978516
C++ time to solve:  -0.15342092514038086
C++ time to solve:  -0.15299248695373535
C++ time to solve:  -0.15154004096984863
C++ time to solve:  -0.15405797958374023
C++ time to solve:  -0.15732097625732422
C++ time to solve:  -0.14222002029418945
C++ time to solve:  -0.14739274978637695
C++ time to solve:  -0.15239810943603516
C++ time to solve:  -0.12816143035888672
C++ time to solve:  -0.15217852592468262
C++ time to solve:  -0.1394815444946289
C++ time to solve:  -0.14639878273010254
C++ time to solve:  -0.16219234466552734
C++ time to solve:  -0.14386916160583496
C++ time to solve:  -0.16179966926574707
C++ time to solve:  -0.14737439155578613
C++ time to solve:  -0.15368366241455078
SHO: [1.0, 1.0, 1.0, 1.0, 1.0, 1.0, 1.0, 1.0, 1.0, 1.0, 1.0, 1.0, 1.0, 1.0, 1.0, 1.0, 0.95, 1.0, 0.9, 0.8, 0.7, 0.7, 0.4, 0.45, 0.45, 0.15, 0.25, 0.1, 0.05, 0.05, 0.0, 0.0, 0.0, 0.0, 0.0, 0.0, 0.0, 0.0]
STAT: [1.0, 1.0, 1.0, 1.0, 1.0, 1.0, 1.0, 1.0, 1.0, 1.0, 1.0, 1.0, 1.0, 1.0, 1.0, 1.0, 1.0, 1.0, 0.0, 1.0, 1.0, 1.0, 0.0, 0.0, 1.0, 0.0, 0.0, 0.0, 0.0, 0.0, 0.0, 0.0, 0.0, 0.0, 0.0, 0.0, 0.0, 0.0]
Clauses 152 took -196.8680865764618
C++ time to solve:  -0.13502240180969238
C++ time to solve:  -0.16066527366638184
C++ time to solve:  -0.15549755096435547
C++ time to solve:  -0.15737295150756836
C++ time to solve:  -0.15569138526916504
C++ time to solve:  -0.14783000946044922
C++ time to solve:  -0.15524935722351074
C++ time to solve:  -0.15370750427246094
C++ time to solve:  -0.16146636009216309
C++ time to solve:  -0.14501047134399414
C++ time to solve:  -0.13693737983703613
C++ time to solve:  -0.15757489204406738
C++ time to solve:  -0.13997578620910645
C++ time to solve:  -0.1465473175048828
C++ time to solve:  -0.1524808406829834
C++ time to solve:  -0.1493699550628662
C++ time to solve:  -0.1633622646331787
C++ time to solve:  -0.1410984992980957
C++ time to solve:  -0.15573334693908691
C++ time to solve:  -0.153853178024292
BPP: [1.0, 1.0, 1.0, 1.0, 1.0, 1.0, 1.0, 1.0, 1.0, 1.0, 1.0, 1.0, 1.0, 1.0, 1.0, 1.0, 0.95, 1.0, 0.9, 0.8, 0.7, 0.7, 0.4, 0.45, 0.45, 0.1, 0.25, 0.05, 0.05, 0.1, 0.0, 0.0, 0.0, 0.0, 0.0, 0.0, 0.0, 0.0, 0.0]
C++ time to solve:  -0.14108753204345703
C++ time to solve:  -0.15876102447509766
C++ time to solve:  -0.1515519618988037
C++ time to solve:  -0.15514612197875977
C++ time to solve:  -0.16039538383483887
C++ time to solve:  -0.15086698532104492
C++ time to solve:  -0.15721869468688965
C++ time to solve:  -0.160292387008667
C++ time to solve:  -0.16902422904968262
C++ time to solve:  -0.15381503105163574
C++ time to solve:  -0.13754963874816895
C++ time to solve:  -0.16182827949523926
C++ time to solve:  -0.1449296474456787
C++ time to solve:  -0.15395832061767578
C++ time to solve:  -0.1548609733581543
C++ time to solve:  -0.15867257118225098
C++ time to solve:  -0.1614522933959961
C++ time to solve:  -0.14600324630737305
C++ time to solve:  -0.15806913375854492
C++ time to solve:  -0.1580977439880371
SHO: [1.0, 1.0, 1.0, 1.0, 1.0, 1.0, 1.0, 1.0, 1.0, 1.0, 1.0, 1.0, 1.0, 1.0, 1.0, 1.0, 0.95, 1.0, 0.9, 0.8, 0.7, 0.7, 0.4, 0.45, 0.45, 0.15, 0.25, 0.1, 0.05, 0.05, 0.0, 0.0, 0.0, 0.0, 0.0, 0.0, 0.0, 0.0, 0.0]
STAT: [1.0, 1.0, 1.0, 1.0, 1.0, 1.0, 1.0, 1.0, 1.0, 1.0, 1.0, 1.0, 1.0, 1.0, 1.0, 1.0, 1.0, 1.0, 0.0, 1.0, 1.0, 1.0, 0.0, 0.0, 1.0, 0.0, 0.0, 0.0, 0.0, 0.0, 0.0, 0.0, 0.0, 0.0, 0.0, 0.0, 0.0, 0.0, 0.0]
Clauses 156 took -207.77589321136475
C++ time to solve:  -0.1617121696472168
C++ time to solve:  -0.1569676399230957
C++ time to solve:  -0.14799880981445312
C++ time to solve:  -0.14818024635314941
C++ time to solve:  -0.1317915916442871
C++ time to solve:  -0.15834951400756836
C++ time to solve:  -0.1588430404663086
C++ time to solve:  -0.14411449432373047
C++ time to solve:  -0.15679121017456055
C++ time to solve:  -0.14776110649108887
C++ time to solve:  -0.1609020233154297
C++ time to solve:  -0.14996695518493652
C++ time to solve:  -0.14351820945739746
C++ time to solve:  -0.14536356925964355
C++ time to solve:  -0.1466655731201172
C++ time to solve:  -0.17284655570983887
C++ time to solve:  -0.1592872142791748
C++ time to solve:  -0.1632988452911377
C++ time to solve:  -0.152634859085083
C++ time to solve:  -0.15597844123840332
BPP: [1.0, 1.0, 1.0, 1.0, 1.0, 1.0, 1.0, 1.0, 1.0, 1.0, 1.0, 1.0, 1.0, 1.0, 1.0, 1.0, 0.95, 1.0, 0.9, 0.8, 0.7, 0.7, 0.4, 0.45, 0.45, 0.1, 0.25, 0.05, 0.05, 0.1, 0.0, 0.0, 0.0, 0.0, 0.0, 0.0, 0.0, 0.0, 0.0, 0.0]
C++ time to solve:  -0.1733391284942627
C++ time to solve:  -0.17678594589233398
C++ time to solve:  -0.17813515663146973
C++ time to solve:  -0.17610502243041992
C++ time to solve:  -0.15781927108764648
C++ time to solve:  -0.19221949577331543
C++ time to solve:  -0.18436956405639648
C++ time to solve:  -0.17324566841125488
C++ time to solve:  -0.17584514617919922
C++ time to solve:  -0.17448115348815918
C++ time to solve:  -0.18664169311523438
C++ time to solve:  -0.17237591743469238
C++ time to solve:  -0.16310763359069824
C++ time to solve:  -0.1696460247039795
C++ time to solve:  -0.1668992042541504
C++ time to solve:  -0.1862645149230957
C++ time to solve:  -0.18642950057983398
C++ time to solve:  -0.17740654945373535
C++ time to solve:  -0.15913844108581543
C++ time to solve:  -0.1676192283630371
SHO: [1.0, 1.0, 1.0, 1.0, 1.0, 1.0, 1.0, 1.0, 1.0, 1.0, 1.0, 1.0, 1.0, 1.0, 1.0, 1.0, 0.95, 1.0, 0.9, 0.8, 0.7, 0.7, 0.4, 0.45, 0.45, 0.15, 0.25, 0.1, 0.05, 0.05, 0.0, 0.0, 0.0, 0.0, 0.0, 0.0, 0.0, 0.0, 0.0, 0.0]
STAT: [1.0, 1.0, 1.0, 1.0, 1.0, 1.0, 1.0, 1.0, 1.0, 1.0, 1.0, 1.0, 1.0, 1.0, 1.0, 1.0, 1.0, 1.0, 0.0, 1.0, 1.0, 1.0, 0.0, 0.0, 1.0, 0.0, 0.0, 0.0, 0.0, 0.0, 0.0, 0.0, 0.0, 0.0, 0.0, 0.0, 0.0, 0.0, 0.0, 0.0]
Clauses 160 took -215.64807438850403
C++ time to solve:  -0.1516878604888916
C++ time to solve:  -0.15610647201538086
C++ time to solve:  -0.15811848640441895
C++ time to solve:  -0.14444422721862793
C++ time to solve:  -0.15790033340454102
C++ time to solve:  -0.15119314193725586
C++ time to solve:  -0.16908907890319824
C++ time to solve:  -0.16783905029296875
C++ time to solve:  -0.16486287117004395
C++ time to solve:  -0.14685869216918945
C++ time to solve:  -0.15466785430908203
C++ time to solve:  -0.16893815994262695
C++ time to solve:  -0.1678156852722168
C++ time to solve:  -0.15000462532043457
C++ time to solve:  -0.1586148738861084
C++ time to solve:  -0.16542959213256836
C++ time to solve:  -0.1656191349029541
C++ time to solve:  -0.1555953025817871
C++ time to solve:  -0.15893173217773438
C++ time to solve:  -0.15503191947937012
BPP: [1.0, 1.0, 1.0, 1.0, 1.0, 1.0, 1.0, 1.0, 1.0, 1.0, 1.0, 1.0, 1.0, 1.0, 1.0, 1.0, 0.95, 1.0, 0.9, 0.8, 0.7, 0.7, 0.4, 0.45, 0.45, 0.1, 0.25, 0.05, 0.05, 0.1, 0.0, 0.0, 0.0, 0.0, 0.0, 0.0, 0.0, 0.0, 0.0, 0.0, 0.0]
C++ time to solve:  -0.15993237495422363
C++ time to solve:  -0.16460251808166504
C++ time to solve:  -0.16568994522094727
C++ time to solve:  -0.15250277519226074
C++ time to solve:  -0.16448330879211426
C++ time to solve:  -0.15620660781860352
C++ time to solve:  -0.1761646270751953
C++ time to solve:  -0.17537188529968262
C++ time to solve:  -0.17188191413879395
C++ time to solve:  -0.14452552795410156
C++ time to solve:  -0.16173768043518066
C++ time to solve:  -0.1777052879333496
C++ time to solve:  -0.167863130569458
C++ time to solve:  -0.15626835823059082
C++ time to solve:  -0.17286038398742676
C++ time to solve:  -0.1727149486541748
C++ time to solve:  -0.17580246925354004
C++ time to solve:  -0.16481685638427734
C++ time to solve:  -0.1606614589691162
C++ time to solve:  -0.16573238372802734
SHO: [1.0, 1.0, 1.0, 1.0, 1.0, 1.0, 1.0, 1.0, 1.0, 1.0, 1.0, 1.0, 1.0, 1.0, 1.0, 1.0, 0.95, 1.0, 0.9, 0.8, 0.7, 0.7, 0.4, 0.45, 0.45, 0.15, 0.25, 0.1, 0.05, 0.05, 0.0, 0.0, 0.0, 0.0, 0.0, 0.0, 0.0, 0.0, 0.0, 0.0, 0.0]
STAT: [1.0, 1.0, 1.0, 1.0, 1.0, 1.0, 1.0, 1.0, 1.0, 1.0, 1.0, 1.0, 1.0, 1.0, 1.0, 1.0, 1.0, 1.0, 0.0, 1.0, 1.0, 1.0, 0.0, 0.0, 1.0, 0.0, 0.0, 0.0, 0.0, 0.0, 0.0, 0.0, 0.0, 0.0, 0.0, 0.0, 0.0, 0.0, 0.0, 0.0, 0.0]
Clauses 164 took -227.92198705673218
C++ time to solve:  -0.1553652286529541
C++ time to solve:  -0.1562795639038086
C++ time to solve:  -0.169752836227417
C++ time to solve:  -0.16705060005187988
C++ time to solve:  -0.17297792434692383
C++ time to solve:  -0.14959120750427246
C++ time to solve:  -0.15517640113830566
C++ time to solve:  -0.1657731533050537
C++ time to solve:  -0.14438605308532715
C++ time to solve:  -0.15584659576416016
C++ time to solve:  -0.1602795124053955
C++ time to solve:  -0.1488513946533203
C++ time to solve:  -0.1609957218170166
C++ time to solve:  -0.15299081802368164
C++ time to solve:  -0.1610703468322754
C++ time to solve:  -0.1615293025970459
C++ time to solve:  -0.16300439834594727
C++ time to solve:  -0.1571180820465088
C++ time to solve:  -0.159745454788208
C++ time to solve:  -0.1625666618347168
BPP: [1.0, 1.0, 1.0, 1.0, 1.0, 1.0, 1.0, 1.0, 1.0, 1.0, 1.0, 1.0, 1.0, 1.0, 1.0, 1.0, 0.95, 1.0, 0.9, 0.8, 0.7, 0.7, 0.4, 0.45, 0.45, 0.1, 0.25, 0.05, 0.05, 0.1, 0.0, 0.0, 0.0, 0.0, 0.0, 0.0, 0.0, 0.0, 0.0, 0.0, 0.0, 0.0]
C++ time to solve:  -0.1647942066192627
C++ time to solve:  -0.17042016983032227
C++ time to solve:  -0.18103504180908203
C++ time to solve:  -0.17005610466003418
C++ time to solve:  -0.17819952964782715
C++ time to solve:  -0.1622178554534912
C++ time to solve:  -0.16106915473937988
C++ time to solve:  -0.1736125946044922
C++ time to solve:  -0.15194296836853027
C++ time to solve:  -0.16443181037902832
C++ time to solve:  -0.17186999320983887
C++ time to solve:  -0.16385221481323242
C++ time to solve:  -0.16587257385253906
C++ time to solve:  -0.17071247100830078
C++ time to solve:  -0.16971588134765625
C++ time to solve:  -0.17425894737243652
C++ time to solve:  -0.1665048599243164
C++ time to solve:  -0.16358232498168945
C++ time to solve:  -0.16730928421020508
C++ time to solve:  -0.17382216453552246
SHO: [1.0, 1.0, 1.0, 1.0, 1.0, 1.0, 1.0, 1.0, 1.0, 1.0, 1.0, 1.0, 1.0, 1.0, 1.0, 1.0, 0.95, 1.0, 0.9, 0.8, 0.7, 0.7, 0.4, 0.45, 0.45, 0.15, 0.25, 0.1, 0.05, 0.05, 0.0, 0.0, 0.0, 0.0, 0.0, 0.0, 0.0, 0.0, 0.0, 0.0, 0.0, 0.0]
STAT: [1.0, 1.0, 1.0, 1.0, 1.0, 1.0, 1.0, 1.0, 1.0, 1.0, 1.0, 1.0, 1.0, 1.0, 1.0, 1.0, 1.0, 1.0, 0.0, 1.0, 1.0, 1.0, 0.0, 0.0, 1.0, 0.0, 0.0, 0.0, 0.0, 0.0, 0.0, 0.0, 0.0, 0.0, 0.0, 0.0, 0.0, 0.0, 0.0, 0.0, 0.0, 0.0]
Clauses 168 took -236.49330806732178
C++ time to solve:  -0.163588285446167
C++ time to solve:  -0.1592850685119629
C++ time to solve:  -0.16417860984802246
C++ time to solve:  -0.15350556373596191
C++ time to solve:  -0.16577792167663574
C++ time to solve:  -0.1663346290588379
C++ time to solve:  -0.16665887832641602
C++ time to solve:  -0.16515731811523438
C++ time to solve:  -0.16492891311645508
C++ time to solve:  -0.17671990394592285
C++ time to solve:  -0.16889262199401855
C++ time to solve:  -0.1652083396911621
C++ time to solve:  -0.1657099723815918
C++ time to solve:  -0.16713380813598633
C++ time to solve:  -0.16576910018920898
C++ time to solve:  -0.15732860565185547
C++ time to solve:  -0.1692490577697754
C++ time to solve:  -0.16139554977416992
C++ time to solve:  -0.16472554206848145
C++ time to solve:  -0.16018009185791016
BPP: [1.0, 1.0, 1.0, 1.0, 1.0, 1.0, 1.0, 1.0, 1.0, 1.0, 1.0, 1.0, 1.0, 1.0, 1.0, 1.0, 0.95, 1.0, 0.9, 0.8, 0.7, 0.7, 0.4, 0.45, 0.45, 0.1, 0.25, 0.05, 0.05, 0.1, 0.0, 0.0, 0.0, 0.0, 0.0, 0.0, 0.0, 0.0, 0.0, 0.0, 0.0, 0.0, 0.0]
C++ time to solve:  -0.17596697807312012
C++ time to solve:  -0.16773056983947754
C++ time to solve:  -0.16416358947753906
C++ time to solve:  -0.17013883590698242
C++ time to solve:  -0.1781771183013916
C++ time to solve:  -0.18005609512329102
C++ time to solve:  -0.17630505561828613
C++ time to solve:  -0.1667335033416748
C++ time to solve:  -0.17070412635803223
C++ time to solve:  -0.18108749389648438
C++ time to solve:  -0.17796063423156738
C++ time to solve:  -0.17635631561279297
C++ time to solve:  -0.17082548141479492
C++ time to solve:  -0.17616033554077148
C++ time to solve:  -0.17969107627868652
C++ time to solve:  -0.16690516471862793
C++ time to solve:  -0.17775774002075195
C++ time to solve:  -0.17229604721069336
C++ time to solve:  -0.17452764511108398
C++ time to solve:  -0.17769598960876465
SHO: [1.0, 1.0, 1.0, 1.0, 1.0, 1.0, 1.0, 1.0, 1.0, 1.0, 1.0, 1.0, 1.0, 1.0, 1.0, 1.0, 0.95, 1.0, 0.9, 0.8, 0.7, 0.7, 0.4, 0.45, 0.45, 0.15, 0.25, 0.1, 0.05, 0.05, 0.0, 0.0, 0.0, 0.0, 0.0, 0.0, 0.0, 0.0, 0.0, 0.0, 0.0, 0.0, 0.0]
STAT: [1.0, 1.0, 1.0, 1.0, 1.0, 1.0, 1.0, 1.0, 1.0, 1.0, 1.0, 1.0, 1.0, 1.0, 1.0, 1.0, 1.0, 1.0, 0.0, 1.0, 1.0, 1.0, 0.0, 0.0, 1.0, 0.0, 0.0, 0.0, 0.0, 0.0, 0.0, 0.0, 0.0, 0.0, 0.0, 0.0, 0.0, 0.0, 0.0, 0.0, 0.0, 0.0, 0.0]
Clauses 172 took -245.97415804862976
C++ time to solve:  -0.15832304954528809
C++ time to solve:  -0.17520856857299805
C++ time to solve:  -0.16220784187316895
C++ time to solve:  -0.1474926471710205
C++ time to solve:  -0.15738463401794434
C++ time to solve:  -0.15837311744689941
C++ time to solve:  -0.17430424690246582
C++ time to solve:  -0.23219895362854004
C++ time to solve:  -0.16741609573364258
C++ time to solve:  -0.16574621200561523
C++ time to solve:  -0.16967558860778809
C++ time to solve:  -0.16954493522644043
C++ time to solve:  -0.15781259536743164
C++ time to solve:  -0.16962194442749023
C++ time to solve:  -0.16474080085754395
C++ time to solve:  -0.16684389114379883
C++ time to solve:  -0.1544489860534668
C++ time to solve:  -0.16937851905822754
C++ time to solve:  -0.16608595848083496
C++ time to solve:  -0.16661405563354492
BPP: [1.0, 1.0, 1.0, 1.0, 1.0, 1.0, 1.0, 1.0, 1.0, 1.0, 1.0, 1.0, 1.0, 1.0, 1.0, 1.0, 0.95, 1.0, 0.9, 0.8, 0.7, 0.7, 0.4, 0.45, 0.45, 0.1, 0.25, 0.05, 0.05, 0.1, 0.0, 0.0, 0.0, 0.0, 0.0, 0.0, 0.0, 0.0, 0.0, 0.0, 0.0, 0.0, 0.0, 0.0]
C++ time to solve:  -0.17210173606872559
C++ time to solve:  -0.18471336364746094
C++ time to solve:  -0.173781156539917
C++ time to solve:  -0.1653892993927002
C++ time to solve:  -0.17727947235107422
C++ time to solve:  -0.17143845558166504
C++ time to solve:  -0.1875920295715332
C++ time to solve:  -0.18154478073120117
C++ time to solve:  -0.17823123931884766
C++ time to solve:  -0.17978692054748535
C++ time to solve:  -0.18661928176879883
C++ time to solve:  -0.18131041526794434
C++ time to solve:  -0.17255282402038574
C++ time to solve:  -0.18765902519226074
C++ time to solve:  -0.17659878730773926
C++ time to solve:  -0.17776060104370117
C++ time to solve:  -0.15849900245666504
C++ time to solve:  -0.1823868751525879
C++ time to solve:  -0.18154048919677734
C++ time to solve:  -0.17310190200805664
SHO: [1.0, 1.0, 1.0, 1.0, 1.0, 1.0, 1.0, 1.0, 1.0, 1.0, 1.0, 1.0, 1.0, 1.0, 1.0, 1.0, 0.95, 1.0, 0.9, 0.8, 0.7, 0.7, 0.4, 0.45, 0.45, 0.15, 0.25, 0.1, 0.05, 0.05, 0.0, 0.0, 0.0, 0.0, 0.0, 0.0, 0.0, 0.0, 0.0, 0.0, 0.0, 0.0, 0.0, 0.0]
slurmstepd: error: *** JOB 399506 ON cn076 CANCELLED AT 2023-03-25T03:08:42 DUE TO TIME LIMIT ***
