C++ time to solve:  -0.001119375228881836
C++ time to solve:  -0.0010585784912109375
BPP: [1.0]
C++ time to solve:  -0.0010225772857666016
C++ time to solve:  -0.001190185546875
SHO: [1.0]
STAT: [1.0]
Clauses 10 took -0.018328428268432617
C++ time to solve:  -0.0007231235504150391
C++ time to solve:  -0.0007152557373046875
BPP: [1.0, 1.0]
C++ time to solve:  -0.0007419586181640625
C++ time to solve:  -0.000804901123046875
SHO: [1.0, 1.0]
STAT: [1.0, 1.0]
Clauses 20 took -0.023171186447143555
C++ time to solve:  -0.0007991790771484375
C++ time to solve:  -0.00090789794921875
BPP: [1.0, 1.0, 1.0]
C++ time to solve:  -0.0007948875427246094
C++ time to solve:  -0.0010852813720703125
SHO: [1.0, 1.0, 1.0]
STAT: [1.0, 1.0, 1.0]
Clauses 30 took -0.03291654586791992
C++ time to solve:  -0.0007584095001220703
C++ time to solve:  -0.0007851123809814453
BPP: [1.0, 1.0, 1.0, 1.0]
C++ time to solve:  -0.0008313655853271484
C++ time to solve:  -0.001341104507446289
SHO: [1.0, 1.0, 1.0, 1.0]
STAT: [1.0, 1.0, 1.0, 1.0]
Clauses 40 took -0.05310463905334473
C++ time to solve:  -0.0008394718170166016
C++ time to solve:  -0.0008094310760498047
BPP: [1.0, 1.0, 1.0, 1.0, 1.0]
C++ time to solve:  -0.0012674331665039062
C++ time to solve:  -0.0009224414825439453
SHO: [1.0, 1.0, 1.0, 1.0, 1.0]
STAT: [1.0, 1.0, 1.0, 1.0, 1.0]
Clauses 50 took -0.08132696151733398
C++ time to solve:  -0.00160980224609375
C++ time to solve:  -0.0009458065032958984
BPP: [1.0, 1.0, 1.0, 1.0, 1.0, 1.0]
C++ time to solve:  -0.0010945796966552734
C++ time to solve:  -0.001422882080078125
SHO: [1.0, 1.0, 1.0, 1.0, 1.0, 1.0]
STAT: [1.0, 1.0, 1.0, 1.0, 1.0, 1.0]
Clauses 60 took -0.10337543487548828
C++ time to solve:  -0.0011911392211914062
C++ time to solve:  -0.0009114742279052734
BPP: [1.0, 1.0, 1.0, 1.0, 1.0, 1.0, 1.0]
C++ time to solve:  -0.0022420883178710938
C++ time to solve:  -0.0011723041534423828
SHO: [1.0, 1.0, 1.0, 1.0, 1.0, 1.0, 1.0]
STAT: [1.0, 1.0, 1.0, 1.0, 1.0, 1.0, 1.0]
Clauses 70 took -0.18677401542663574
C++ time to solve:  -0.00805974006652832
C++ time to solve:  -0.008491039276123047
BPP: [1.0, 1.0, 1.0, 1.0, 1.0, 1.0, 1.0, 0.5]
C++ time to solve:  -0.0010035037994384766
C++ time to solve:  -0.003274679183959961
SHO: [1.0, 1.0, 1.0, 1.0, 1.0, 1.0, 1.0, 1.0]
STAT: [1.0, 1.0, 1.0, 1.0, 1.0, 1.0, 1.0, 1.0]
Clauses 80 took -0.7706432342529297
C++ time to solve:  -0.005487918853759766
C++ time to solve:  -0.01069784164428711
BPP: [1.0, 1.0, 1.0, 1.0, 1.0, 1.0, 1.0, 0.5, 0.5]
C++ time to solve:  -0.003771543502807617
C++ time to solve:  -0.008577823638916016
SHO: [1.0, 1.0, 1.0, 1.0, 1.0, 1.0, 1.0, 1.0, 0.5]
STAT: [1.0, 1.0, 1.0, 1.0, 1.0, 1.0, 1.0, 1.0, 0.0]
Clauses 90 took -0.7844200134277344
C++ time to solve:  -0.010573625564575195
C++ time to solve:  -0.012549638748168945
BPP: [1.0, 1.0, 1.0, 1.0, 1.0, 1.0, 1.0, 0.5, 0.5, 0.0]
C++ time to solve:  -0.0011119842529296875
C++ time to solve:  -0.009547948837280273
SHO: [1.0, 1.0, 1.0, 1.0, 1.0, 1.0, 1.0, 1.0, 0.5, 0.5]
STAT: [1.0, 1.0, 1.0, 1.0, 1.0, 1.0, 1.0, 1.0, 0.0, 0.0]
Clauses 100 took -0.983687162399292
C++ time to solve:  -0.011776447296142578
C++ time to solve:  -0.013072013854980469
BPP: [1.0, 1.0, 1.0, 1.0, 1.0, 1.0, 1.0, 0.5, 0.5, 0.0, 0.0]
C++ time to solve:  -0.008341789245605469
C++ time to solve:  -0.011751413345336914
SHO: [1.0, 1.0, 1.0, 1.0, 1.0, 1.0, 1.0, 1.0, 0.5, 0.5, 0.0]
STAT: [1.0, 1.0, 1.0, 1.0, 1.0, 1.0, 1.0, 1.0, 0.0, 0.0, 0.0]
Clauses 110 took -1.1781082153320312
C++ time to solve:  -0.012267827987670898
C++ time to solve:  -0.013607501983642578
BPP: [1.0, 1.0, 1.0, 1.0, 1.0, 1.0, 1.0, 0.5, 0.5, 0.0, 0.0, 0.0]
C++ time to solve:  -0.011268377304077148
C++ time to solve:  -0.013970613479614258
SHO: [1.0, 1.0, 1.0, 1.0, 1.0, 1.0, 1.0, 1.0, 0.5, 0.5, 0.0, 0.0]
STAT: [1.0, 1.0, 1.0, 1.0, 1.0, 1.0, 1.0, 1.0, 0.0, 0.0, 0.0, 0.0]
Clauses 120 took -1.4159018993377686
C++ time to solve:  -0.014082670211791992
C++ time to solve:  -0.014734506607055664
BPP: [1.0, 1.0, 1.0, 1.0, 1.0, 1.0, 1.0, 0.5, 0.5, 0.0, 0.0, 0.0, 0.0]
C++ time to solve:  -0.012226581573486328
C++ time to solve:  -0.013902425765991211
SHO: [1.0, 1.0, 1.0, 1.0, 1.0, 1.0, 1.0, 1.0, 0.5, 0.5, 0.0, 0.0, 0.0]
STAT: [1.0, 1.0, 1.0, 1.0, 1.0, 1.0, 1.0, 1.0, 0.0, 0.0, 0.0, 0.0, 0.0]
Clauses 130 took -1.6981236934661865
C++ time to solve:  -0.014298439025878906
C++ time to solve:  -0.014780282974243164
BPP: [1.0, 1.0, 1.0, 1.0, 1.0, 1.0, 1.0, 0.5, 0.5, 0.0, 0.0, 0.0, 0.0, 0.0]
C++ time to solve:  -0.01449441909790039
C++ time to solve:  -0.014561653137207031
SHO: [1.0, 1.0, 1.0, 1.0, 1.0, 1.0, 1.0, 1.0, 0.5, 0.5, 0.0, 0.0, 0.0, 0.0]
STAT: [1.0, 1.0, 1.0, 1.0, 1.0, 1.0, 1.0, 1.0, 0.0, 0.0, 0.0, 0.0, 0.0, 0.0]
Clauses 140 took -1.8031411170959473
C++ time to solve:  -0.014308691024780273
C++ time to solve:  -0.014365196228027344
BPP: [1.0, 1.0, 1.0, 1.0, 1.0, 1.0, 1.0, 0.5, 0.5, 0.0, 0.0, 0.0, 0.0, 0.0, 0.0]
C++ time to solve:  -0.015071630477905273
C++ time to solve:  -0.016190290451049805
SHO: [1.0, 1.0, 1.0, 1.0, 1.0, 1.0, 1.0, 1.0, 0.5, 0.5, 0.0, 0.0, 0.0, 0.0, 0.0]
STAT: [1.0, 1.0, 1.0, 1.0, 1.0, 1.0, 1.0, 1.0, 0.0, 0.0, 0.0, 0.0, 0.0, 0.0, 0.0]
Clauses 150 took -2.12270450592041
C++ time to solve:  -0.01502680778503418
C++ time to solve:  -0.018004417419433594
BPP: [1.0, 1.0, 1.0, 1.0, 1.0, 1.0, 1.0, 0.5, 0.5, 0.0, 0.0, 0.0, 0.0, 0.0, 0.0, 0.0]
C++ time to solve:  -0.013841629028320312
C++ time to solve:  -0.016458988189697266
SHO: [1.0, 1.0, 1.0, 1.0, 1.0, 1.0, 1.0, 1.0, 0.5, 0.5, 0.0, 0.0, 0.0, 0.0, 0.0, 0.0]
STAT: [1.0, 1.0, 1.0, 1.0, 1.0, 1.0, 1.0, 1.0, 0.0, 0.0, 0.0, 0.0, 0.0, 0.0, 0.0, 0.0]
Clauses 160 took -1.9152395725250244
C++ time to solve:  -0.016221046447753906
C++ time to solve:  -0.01691603660583496
BPP: [1.0, 1.0, 1.0, 1.0, 1.0, 1.0, 1.0, 0.5, 0.5, 0.0, 0.0, 0.0, 0.0, 0.0, 0.0, 0.0, 0.0]
C++ time to solve:  -0.01868152618408203
C++ time to solve:  -0.018890380859375
SHO: [1.0, 1.0, 1.0, 1.0, 1.0, 1.0, 1.0, 1.0, 0.5, 0.5, 0.0, 0.0, 0.0, 0.0, 0.0, 0.0, 0.0]
STAT: [1.0, 1.0, 1.0, 1.0, 1.0, 1.0, 1.0, 1.0, 0.0, 0.0, 0.0, 0.0, 0.0, 0.0, 0.0, 0.0, 0.0]
Clauses 170 took -2.772674322128296
C++ time to solve:  -0.017007112503051758
C++ time to solve:  -0.018053531646728516
BPP: [1.0, 1.0, 1.0, 1.0, 1.0, 1.0, 1.0, 0.5, 0.5, 0.0, 0.0, 0.0, 0.0, 0.0, 0.0, 0.0, 0.0, 0.0]
C++ time to solve:  -0.01805281639099121
C++ time to solve:  -0.01986384391784668
SHO: [1.0, 1.0, 1.0, 1.0, 1.0, 1.0, 1.0, 1.0, 0.5, 0.5, 0.0, 0.0, 0.0, 0.0, 0.0, 0.0, 0.0, 0.0]
STAT: [1.0, 1.0, 1.0, 1.0, 1.0, 1.0, 1.0, 1.0, 0.0, 0.0, 0.0, 0.0, 0.0, 0.0, 0.0, 0.0, 0.0, 0.0]
Clauses 180 took -2.8880629539489746
C++ time to solve:  -0.01738429069519043
C++ time to solve:  -0.018838882446289062
BPP: [1.0, 1.0, 1.0, 1.0, 1.0, 1.0, 1.0, 0.5, 0.5, 0.0, 0.0, 0.0, 0.0, 0.0, 0.0, 0.0, 0.0, 0.0, 0.0]
C++ time to solve:  -0.018973827362060547
C++ time to solve:  -0.02091360092163086
SHO: [1.0, 1.0, 1.0, 1.0, 1.0, 1.0, 1.0, 1.0, 0.5, 0.5, 0.0, 0.0, 0.0, 0.0, 0.0, 0.0, 0.0, 0.0, 0.0]
STAT: [1.0, 1.0, 1.0, 1.0, 1.0, 1.0, 1.0, 1.0, 0.0, 0.0, 0.0, 0.0, 0.0, 0.0, 0.0, 0.0, 0.0, 0.0, 0.0]
Clauses 190 took -2.8707098960876465
C++ time to solve:  -0.017400264739990234
C++ time to solve:  -0.018442153930664062
BPP: [1.0, 1.0, 1.0, 1.0, 1.0, 1.0, 1.0, 0.5, 0.5, 0.0, 0.0, 0.0, 0.0, 0.0, 0.0, 0.0, 0.0, 0.0, 0.0, 0.0]
C++ time to solve:  -0.02049851417541504
C++ time to solve:  -0.021808624267578125
SHO: [1.0, 1.0, 1.0, 1.0, 1.0, 1.0, 1.0, 1.0, 0.5, 0.5, 0.0, 0.0, 0.0, 0.0, 0.0, 0.0, 0.0, 0.0, 0.0, 0.0]
STAT: [1.0, 1.0, 1.0, 1.0, 1.0, 1.0, 1.0, 1.0, 0.0, 0.0, 0.0, 0.0, 0.0, 0.0, 0.0, 0.0, 0.0, 0.0, 0.0, 0.0]
Clauses 200 took -3.1652891635894775
C++ time to solve:  -0.018608570098876953
C++ time to solve:  -0.01893138885498047
BPP: [1.0, 1.0, 1.0, 1.0, 1.0, 1.0, 1.0, 0.5, 0.5, 0.0, 0.0, 0.0, 0.0, 0.0, 0.0, 0.0, 0.0, 0.0, 0.0, 0.0, 0.0]
C++ time to solve:  -0.020623445510864258
C++ time to solve:  -0.02101898193359375
SHO: [1.0, 1.0, 1.0, 1.0, 1.0, 1.0, 1.0, 1.0, 0.5, 0.5, 0.0, 0.0, 0.0, 0.0, 0.0, 0.0, 0.0, 0.0, 0.0, 0.0, 0.0]
STAT: [1.0, 1.0, 1.0, 1.0, 1.0, 1.0, 1.0, 1.0, 0.0, 0.0, 0.0, 0.0, 0.0, 0.0, 0.0, 0.0, 0.0, 0.0, 0.0, 0.0, 0.0]
Clauses 210 took -3.417295217514038
testStatistics.py:101: RuntimeWarning: More than 20 figures have been opened. Figures created through the pyplot interface (`matplotlib.pyplot.figure`) are retained until explicitly closed and may consume too much memory. (To control this warning, see the rcParam `figure.max_open_warning`).
  fig = plt.figure(figsize=(2, 2), facecolor='lightskyblue')
C++ time to solve:  -0.018694400787353516
C++ time to solve:  -0.019156455993652344
BPP: [1.0, 1.0, 1.0, 1.0, 1.0, 1.0, 1.0, 0.5, 0.5, 0.0, 0.0, 0.0, 0.0, 0.0, 0.0, 0.0, 0.0, 0.0, 0.0, 0.0, 0.0, 0.0]
C++ time to solve:  -0.023450374603271484
C++ time to solve:  -0.02299809455871582
SHO: [1.0, 1.0, 1.0, 1.0, 1.0, 1.0, 1.0, 1.0, 0.5, 0.5, 0.0, 0.0, 0.0, 0.0, 0.0, 0.0, 0.0, 0.0, 0.0, 0.0, 0.0, 0.0]
STAT: [1.0, 1.0, 1.0, 1.0, 1.0, 1.0, 1.0, 1.0, 0.0, 0.0, 0.0, 0.0, 0.0, 0.0, 0.0, 0.0, 0.0, 0.0, 0.0, 0.0, 0.0, 0.0]
Clauses 220 took -4.1159827709198
C++ time to solve:  -0.019443988800048828
C++ time to solve:  -0.01903986930847168
BPP: [1.0, 1.0, 1.0, 1.0, 1.0, 1.0, 1.0, 0.5, 0.5, 0.0, 0.0, 0.0, 0.0, 0.0, 0.0, 0.0, 0.0, 0.0, 0.0, 0.0, 0.0, 0.0, 0.0]
C++ time to solve:  -0.02357769012451172
C++ time to solve:  -0.022693872451782227
SHO: [1.0, 1.0, 1.0, 1.0, 1.0, 1.0, 1.0, 1.0, 0.5, 0.5, 0.0, 0.0, 0.0, 0.0, 0.0, 0.0, 0.0, 0.0, 0.0, 0.0, 0.0, 0.0, 0.0]
STAT: [1.0, 1.0, 1.0, 1.0, 1.0, 1.0, 1.0, 1.0, 0.0, 0.0, 0.0, 0.0, 0.0, 0.0, 0.0, 0.0, 0.0, 0.0, 0.0, 0.0, 0.0, 0.0, 0.0]
Clauses 230 took -4.3659703731536865
