C++ time to solve:  -0.6639254093170166
C++ time to solve:  -0.6551947593688965
BPP: [1.0]
C++ time to solve:  -0.6416325569152832
C++ time to solve:  -0.6508321762084961
SHO: [1.0]
Stat time to build:  -2.384185791015625e-07
Stat time to solve:  -6.119842529296875
Stat time to build:  -7.152557373046875e-07
Stat time to solve:  -5.890074014663696
STAT: [1.0]
Clauses 10 took -14.682478427886963
C++ time to solve:  -0.6766154766082764
C++ time to solve:  -0.6936733722686768
BPP: [1.0, 1.0]
C++ time to solve:  -0.6579277515411377
C++ time to solve:  -0.6736838817596436
SHO: [1.0, 1.0]
Stat time to build:  -4.76837158203125e-07
Stat time to solve:  -9.951630115509033
Stat time to build:  -7.152557373046875e-07
Stat time to solve:  -9.35641360282898
STAT: [1.0, 1.0]
Clauses 20 took -22.0666401386261
C++ time to solve:  -0.6845712661743164
C++ time to solve:  -0.6711184978485107
BPP: [1.0, 1.0, 1.0]
C++ time to solve:  -0.6831600666046143
C++ time to solve:  -0.7905254364013672
SHO: [1.0, 1.0, 1.0]
Stat time to build:  -2.384185791015625e-07
Stat time to solve:  -12.73336672782898
Stat time to build:  -2.384185791015625e-07
Stat time to solve:  -12.750098705291748
STAT: [1.0, 1.0, 1.0]
Clauses 30 took -28.370200157165527
C++ time to solve:  -0.7435765266418457
C++ time to solve:  -0.697777509689331
BPP: [1.0, 1.0, 1.0, 1.0]
C++ time to solve:  -0.7306749820709229
C++ time to solve:  -0.7353405952453613
SHO: [1.0, 1.0, 1.0, 1.0]
Stat time to build:  -2.384185791015625e-07
Stat time to solve:  -19.058380365371704
Stat time to build:  -4.76837158203125e-07
Stat time to solve:  -17.82915472984314
STAT: [1.0, 1.0, 1.0, 1.0]
Clauses 40 took -39.852025747299194
C++ time to solve:  -0.9776372909545898
C++ time to solve:  -0.979299783706665
BPP: [1.0, 1.0, 1.0, 1.0, 0.24158]
C++ time to solve:  -0.859320878982544
C++ time to solve:  -0.8537371158599854
SHO: [1.0, 1.0, 1.0, 1.0, 0.174765]
Stat time to build:  -2.384185791015625e-07
Stat time to solve:  -27.64678406715393
Stat time to build:  -7.152557373046875e-07
Stat time to solve:  -25.123236179351807
STAT: [1.0, 1.0, 1.0, 1.0, 0.34953]
Clauses 50 took -56.46841263771057
C++ time to solve:  -0.9457838535308838
C++ time to solve:  -0.7927563190460205
BPP: [1.0, 1.0, 1.0, 1.0, 0.24158, 0.5]
C++ time to solve:  -0.8177464008331299
C++ time to solve:  -0.9604887962341309
SHO: [1.0, 1.0, 1.0, 1.0, 0.174765, 0.47919]
Stat time to build:  -4.76837158203125e-07
Stat time to solve:  -42.93857479095459
Stat time to build:  -4.76837158203125e-07
Stat time to solve:  -36.75503444671631
STAT: [1.0, 1.0, 1.0, 1.0, 0.34953, 0.0]
Clauses 60 took -83.23909425735474
C++ time to solve:  -1.1024324893951416
C++ time to solve:  -1.1621966361999512
BPP: [1.0, 1.0, 1.0, 1.0, 0.24158, 0.5, 0.0]
C++ time to solve:  -1.0614936351776123
C++ time to solve:  -0.9756991863250732
SHO: [1.0, 1.0, 1.0, 1.0, 0.174765, 0.47919, 0.43922]
Stat time to build:  -4.76837158203125e-07
Stat time to solve:  -46.597105979919434
Stat time to build:  -9.5367431640625e-07
Stat time to solve:  -42.009883403778076
STAT: [1.0, 1.0, 1.0, 1.0, 0.34953, 0.0, 0.87844]
Clauses 70 took -92.94218182563782
C++ time to solve:  -1.1102371215820312
C++ time to solve:  -1.1485185623168945
BPP: [1.0, 1.0, 1.0, 1.0, 0.24158, 0.5, 0.0, 0.0]
C++ time to solve:  -0.8844478130340576
C++ time to solve:  -1.0607190132141113
SHO: [1.0, 1.0, 1.0, 1.0, 0.174765, 0.47919, 0.43922, 0.42903]
Stat time to build:  -2.384185791015625e-07
Stat time to solve:  -46.713746547698975
Stat time to build:  -4.76837158203125e-07
Stat time to solve:  -62.47400450706482
STAT: [1.0, 1.0, 1.0, 1.0, 0.34953, 0.0, 0.87844, 0.0]
Clauses 80 took -113.41322684288025
C++ time to solve:  -1.2248876094818115
C++ time to solve:  -1.2481627464294434
BPP: [1.0, 1.0, 1.0, 1.0, 0.24158, 0.5, 0.0, 0.0, 0.0]
C++ time to solve:  -1.1301591396331787
C++ time to solve:  -1.0208253860473633
SHO: [1.0, 1.0, 1.0, 1.0, 0.174765, 0.47919, 0.43922, 0.42903, 0.0]
Stat time to build:  -4.76837158203125e-07
Stat time to solve:  -69.16708588600159
Stat time to build:  -2.384185791015625e-07
Stat time to solve:  -71.6979193687439
STAT: [1.0, 1.0, 1.0, 1.0, 0.34953, 0.0, 0.87844, 0.0, 0.0]
Clauses 90 took -145.50426506996155
C++ time to solve:  -1.1701362133026123
C++ time to solve:  -1.151294469833374
BPP: [1.0, 1.0, 1.0, 1.0, 0.24158, 0.5, 0.0, 0.0, 0.0, 0.451445]
C++ time to solve:  -1.1353788375854492
C++ time to solve:  -1.1486084461212158
SHO: [1.0, 1.0, 1.0, 1.0, 0.174765, 0.47919, 0.43922, 0.42903, 0.0, 0.0]
Stat time to build:  -4.76837158203125e-07
Stat time to solve:  -67.9581937789917
Stat time to build:  -4.76837158203125e-07
Stat time to solve:  -56.15138006210327
STAT: [1.0, 1.0, 1.0, 1.0, 0.34953, 0.0, 0.87844, 0.0, 0.0, 0.0]
Clauses 100 took -128.7362825870514
C++ time to solve:  -1.4563727378845215
C++ time to solve:  -1.2317447662353516
BPP: [1.0, 1.0, 1.0, 1.0, 0.24158, 0.5, 0.0, 0.0, 0.0, 0.451445, 0.0]
C++ time to solve:  -1.2309057712554932
C++ time to solve:  -1.2237164974212646
SHO: [1.0, 1.0, 1.0, 1.0, 0.174765, 0.47919, 0.43922, 0.42903, 0.0, 0.0, 0.0]
Stat time to build:  -2.384185791015625e-07
Stat time to solve:  -111.34343719482422
Stat time to build:  -4.76837158203125e-07
Stat time to solve:  -65.64638590812683
STAT: [1.0, 1.0, 1.0, 1.0, 0.34953, 0.0, 0.87844, 0.0, 0.0, 0.0, 0.0]
Clauses 110 took -182.14809918403625
C++ time to solve:  -1.4240803718566895
C++ time to solve:  -1.4669747352600098
BPP: [1.0, 1.0, 1.0, 1.0, 0.24158, 0.5, 0.0, 0.0, 0.0, 0.451445, 0.0, 0.0]
C++ time to solve:  -1.3028969764709473
C++ time to solve:  -1.2406361103057861
SHO: [1.0, 1.0, 1.0, 1.0, 0.174765, 0.47919, 0.43922, 0.42903, 0.0, 0.0, 0.0, 0.0]
Stat time to build:  -2.384185791015625e-07
Stat time to solve:  -106.78008103370667
Stat time to build:  -2.384185791015625e-07
Stat time to solve:  -105.87622308731079
STAT: [1.0, 1.0, 1.0, 1.0, 0.34953, 0.0, 0.87844, 0.0, 0.0, 0.0, 0.0, 0.0]
Clauses 120 took -218.10556650161743
C++ time to solve:  -1.4821059703826904
C++ time to solve:  -1.5839653015136719
BPP: [1.0, 1.0, 1.0, 1.0, 0.24158, 0.5, 0.0, 0.0, 0.0, 0.451445, 0.0, 0.0, 0.0]
C++ time to solve:  -1.3454830646514893
C++ time to solve:  -1.3744721412658691
SHO: [1.0, 1.0, 1.0, 1.0, 0.174765, 0.47919, 0.43922, 0.42903, 0.0, 0.0, 0.0, 0.0, 0.0]
Stat time to build:  -2.384185791015625e-07
Stat time to solve:  -108.57240748405457
Stat time to build:  -2.384185791015625e-07
Stat time to solve:  -115.44208645820618
STAT: [1.0, 1.0, 1.0, 1.0, 0.34953, 0.0, 0.87844, 0.0, 0.0, 0.0, 0.0, 0.0, 0.0]
Clauses 130 took -229.81519031524658
C++ time to solve:  -1.4621508121490479
C++ time to solve:  -1.6495540142059326
BPP: [1.0, 1.0, 1.0, 1.0, 0.24158, 0.5, 0.0, 0.0, 0.0, 0.451445, 0.0, 0.0, 0.0, 0.0]
C++ time to solve:  -1.5556225776672363
C++ time to solve:  -1.505805492401123
SHO: [1.0, 1.0, 1.0, 1.0, 0.174765, 0.47919, 0.43922, 0.42903, 0.0, 0.0, 0.0, 0.0, 0.0, 0.0]
Stat time to build:  -2.384185791015625e-07
Stat time to solve:  -125.72823238372803
Stat time to build:  -4.76837158203125e-07
Stat time to solve:  -136.20710563659668
STAT: [1.0, 1.0, 1.0, 1.0, 0.34953, 0.0, 0.87844, 0.0, 0.0, 0.0, 0.0, 0.0, 0.0, 0.0]
Clauses 140 took -268.12403440475464
C++ time to solve:  -1.5499019622802734
C++ time to solve:  -1.565431833267212
BPP: [1.0, 1.0, 1.0, 1.0, 0.24158, 0.5, 0.0, 0.0, 0.0, 0.451445, 0.0, 0.0, 0.0, 0.0, 0.0]
C++ time to solve:  -1.5131735801696777
C++ time to solve:  -1.5437045097351074
SHO: [1.0, 1.0, 1.0, 1.0, 0.174765, 0.47919, 0.43922, 0.42903, 0.0, 0.0, 0.0, 0.0, 0.0, 0.0, 0.0]
Stat time to build:  -2.384185791015625e-07
Stat time to solve:  -153.22635197639465
Stat time to build:  -2.384185791015625e-07
Stat time to solve:  -151.00820970535278
STAT: [1.0, 1.0, 1.0, 1.0, 0.34953, 0.0, 0.87844, 0.0, 0.0, 0.0, 0.0, 0.0, 0.0, 0.0, 0.0]
Clauses 150 took -310.4236249923706
C++ time to solve:  -1.6493875980377197
C++ time to solve:  -1.7448885440826416
BPP: [1.0, 1.0, 1.0, 1.0, 0.24158, 0.5, 0.0, 0.0, 0.0, 0.451445, 0.0, 0.0, 0.0, 0.0, 0.0, 0.0]
C++ time to solve:  -1.5783617496490479
C++ time to solve:  -1.5121188163757324
SHO: [1.0, 1.0, 1.0, 1.0, 0.174765, 0.47919, 0.43922, 0.42903, 0.0, 0.0, 0.0, 0.0, 0.0, 0.0, 0.0, 0.0]
Stat time to build:  -4.76837158203125e-07
Stat time to solve:  -166.1364040374756
Stat time to build:  -4.76837158203125e-07
Stat time to solve:  -158.84915971755981
STAT: [1.0, 1.0, 1.0, 1.0, 0.34953, 0.0, 0.87844, 0.0, 0.0, 0.0, 0.0, 0.0, 0.0, 0.0, 0.0, 0.0]
Clauses 160 took -331.487322807312
C++ time to solve:  -1.6846392154693604
C++ time to solve:  -1.650987148284912
BPP: [1.0, 1.0, 1.0, 1.0, 0.24158, 0.5, 0.0, 0.0, 0.0, 0.451445, 0.0, 0.0, 0.0, 0.0, 0.0, 0.0, 0.0]
C++ time to solve:  -1.6821014881134033
C++ time to solve:  -1.616417646408081
SHO: [1.0, 1.0, 1.0, 1.0, 0.174765, 0.47919, 0.43922, 0.42903, 0.0, 0.0, 0.0, 0.0, 0.0, 0.0, 0.0, 0.0, 0.0]
Stat time to build:  -4.76837158203125e-07
Stat time to solve:  -174.16070985794067
Stat time to build:  -2.384185791015625e-07
Stat time to solve:  -177.40294289588928
STAT: [1.0, 1.0, 1.0, 1.0, 0.34953, 0.0, 0.87844, 0.0, 0.0, 0.0, 0.0, 0.0, 0.0, 0.0, 0.0, 0.0, 0.0]
Clauses 170 took -358.21388840675354
C++ time to solve:  -1.6244945526123047
C++ time to solve:  -1.7658798694610596
BPP: [1.0, 1.0, 1.0, 1.0, 0.24158, 0.5, 0.0, 0.0, 0.0, 0.451445, 0.0, 0.0, 0.0, 0.0, 0.0, 0.0, 0.0, 0.0]
C++ time to solve:  -1.791454553604126
C++ time to solve:  -1.8349833488464355
SHO: [1.0, 1.0, 1.0, 1.0, 0.174765, 0.47919, 0.43922, 0.42903, 0.0, 0.0, 0.0, 0.0, 0.0, 0.0, 0.0, 0.0, 0.0, 0.0]
Stat time to build:  -2.384185791015625e-07
Stat time to solve:  -208.88886141777039
Stat time to build:  -4.76837158203125e-07
Stat time to solve:  -189.664559841156
STAT: [1.0, 1.0, 1.0, 1.0, 0.34953, 0.0, 0.87844, 0.0, 0.0, 0.0, 0.0, 0.0, 0.0, 0.0, 0.0, 0.0, 0.0, 0.0]
Clauses 180 took -405.58540892601013
C++ time to solve:  -1.7341055870056152
C++ time to solve:  -1.7390410900115967
BPP: [1.0, 1.0, 1.0, 1.0, 0.24158, 0.5, 0.0, 0.0, 0.0, 0.451445, 0.0, 0.0, 0.0, 0.0, 0.0, 0.0, 0.0, 0.0, 0.0]
C++ time to solve:  -1.784226894378662
C++ time to solve:  -1.6593255996704102
SHO: [1.0, 1.0, 1.0, 1.0, 0.174765, 0.47919, 0.43922, 0.42903, 0.0, 0.0, 0.0, 0.0, 0.0, 0.0, 0.0, 0.0, 0.0, 0.0, 0.0]
Stat time to build:  -2.384185791015625e-07
Stat time to solve:  -182.99180126190186
Stat time to build:  -4.76837158203125e-07
Stat time to solve:  -196.1121895313263
STAT: [1.0, 1.0, 1.0, 1.0, 0.34953, 0.0, 0.87844, 0.0, 0.0, 0.0, 0.0, 0.0, 0.0, 0.0, 0.0, 0.0, 0.0, 0.0, 0.0]
Clauses 190 took -386.0370156764984
C++ time to solve:  -1.8567523956298828
C++ time to solve:  -1.887678623199463
BPP: [1.0, 1.0, 1.0, 1.0, 0.24158, 0.5, 0.0, 0.0, 0.0, 0.451445, 0.0, 0.0, 0.0, 0.0, 0.0, 0.0, 0.0, 0.0, 0.0, 0.0]
C++ time to solve:  -1.9079365730285645
C++ time to solve:  -1.8977851867675781
SHO: [1.0, 1.0, 1.0, 1.0, 0.174765, 0.47919, 0.43922, 0.42903, 0.0, 0.0, 0.0, 0.0, 0.0, 0.0, 0.0, 0.0, 0.0, 0.0, 0.0, 0.0]
Stat time to build:  -2.384185791015625e-07
slurmstepd: error: *** JOB 399424 ON cn076 CANCELLED AT 2023-03-24T23:08:44 DUE TO TIME LIMIT ***
