Number of cpu :  80
BPP: [0.9958333333333333]
BPP time to solve:  -5.495115518569946
SHO: [0.9958333333333333]
Shoning time to solve:  -3.8897037506103516
STAT: [1.0]
Stat time to solve:  -247.96379566192627
Clauses 45 took -247.96380805969238
BPP: [0.9958333333333333, 1.0]
BPP time to solve:  -0.08985733985900879
SHO: [0.9958333333333333, 1.0]
Shoning time to solve:  -0.1136789321899414
STAT: [1.0, 1.0]
Stat time to solve:  -136.5366406440735
Clauses 48 took -136.53673100471497
BPP: [0.9958333333333333, 1.0, 0.9666666666666667]
BPP time to solve:  -6.89577317237854
SHO: [0.9958333333333333, 1.0, 0.9666666666666667]
Shoning time to solve:  -5.114720582962036
STAT: [1.0, 1.0, 1.0]
Stat time to solve:  -317.66770696640015
Clauses 52 took -317.6677370071411
BPP: [0.9958333333333333, 1.0, 0.9666666666666667, 0.9208333333333333]
BPP time to solve:  -7.795819044113159
SHO: [0.9958333333333333, 1.0, 0.9666666666666667, 0.9208333333333333]
Shoning time to solve:  -5.965205192565918
STAT: [1.0, 1.0, 1.0, 1.0]
Stat time to solve:  -419.3582270145416
Clauses 56 took -419.3582384586334
BPP: [0.9958333333333333, 1.0, 0.9666666666666667, 0.9208333333333333, 0.8083333333333333]
BPP time to solve:  -10.566647052764893
SHO: [0.9958333333333333, 1.0, 0.9666666666666667, 0.9208333333333333, 0.8083333333333333]
Shoning time to solve:  -7.439612627029419
STAT: [1.0, 1.0, 1.0, 1.0, 1.0]
Stat time to solve:  -650.1222615242004
Clauses 60 took -650.1222751140594
BPP: [0.9958333333333333, 1.0, 0.9666666666666667, 0.9208333333333333, 0.8083333333333333, 0.7041666666666667]
BPP time to solve:  -13.723579168319702
SHO: [0.9958333333333333, 1.0, 0.9666666666666667, 0.9208333333333333, 0.8083333333333333, 0.7041666666666667]
Shoning time to solve:  -11.208500146865845
STAT: [1.0, 1.0, 1.0, 1.0, 1.0, 1.0]
Stat time to solve:  -954.3315508365631
Clauses 64 took -954.3315634727478
BPP: [0.9958333333333333, 1.0, 0.9666666666666667, 0.9208333333333333, 0.8083333333333333, 0.7041666666666667, 0.5458333333333333]
BPP time to solve:  -23.010148763656616
SHO: [0.9958333333333333, 1.0, 0.9666666666666667, 0.9208333333333333, 0.8083333333333333, 0.7041666666666667, 0.5458333333333333]
Shoning time to solve:  -18.042951583862305
slurmstepd: error: *** JOB 401586 ON cn075 CANCELLED AT 2023-03-30T10:37:37 DUE TO TIME LIMIT ***
