Number of cpu :  80
BPP: [1.0]
BPP time to solve:  -0.06946659088134766
SHO: [1.0]
Shoning time to solve:  -0.6519322395324707
STAT: [1.0]
Clauses 4 took -9.563239097595215
BPP: [1.0, 1.0]
BPP time to solve:  -0.06369829177856445
SHO: [1.0, 1.0]
Shoning time to solve:  -0.6226348876953125
STAT: [1.0, 1.0]
Clauses 8 took -9.92126178741455
BPP: [1.0, 1.0, 1.0]
BPP time to solve:  -0.05365729331970215
SHO: [1.0, 1.0, 1.0]
Shoning time to solve:  -0.6202573776245117
STAT: [1.0, 1.0, 1.0]
Clauses 12 took -11.490901947021484
BPP: [1.0, 1.0, 1.0, 1.0]
BPP time to solve:  -0.060504913330078125
SHO: [1.0, 1.0, 1.0, 1.0]
Shoning time to solve:  -0.7075943946838379
STAT: [1.0, 1.0, 1.0, 1.0]
Clauses 16 took -13.105900287628174
BPP: [1.0, 1.0, 1.0, 1.0, 1.0]
BPP time to solve:  -0.056471824645996094
SHO: [1.0, 1.0, 1.0, 1.0, 1.0]
Shoning time to solve:  -0.6553571224212646
STAT: [1.0, 1.0, 1.0, 1.0, 1.0]
Clauses 20 took -14.689805507659912
BPP: [1.0, 1.0, 1.0, 1.0, 1.0, 1.0]
BPP time to solve:  -0.05574440956115723
SHO: [1.0, 1.0, 1.0, 1.0, 1.0, 1.0]
Shoning time to solve:  -0.6689722537994385
STAT: [1.0, 1.0, 1.0, 1.0, 1.0, 1.0]
Clauses 24 took -16.306065797805786
BPP: [1.0, 1.0, 1.0, 1.0, 1.0, 1.0, 1.0]
BPP time to solve:  -0.061986684799194336
SHO: [1.0, 1.0, 1.0, 1.0, 1.0, 1.0, 1.0]
Shoning time to solve:  -0.6828351020812988
STAT: [1.0, 1.0, 1.0, 1.0, 1.0, 1.0, 1.0]
Clauses 28 took -18.292790412902832
BPP: [1.0, 1.0, 1.0, 1.0, 1.0, 1.0, 1.0, 1.0]
BPP time to solve:  -0.07411408424377441
SHO: [1.0, 1.0, 1.0, 1.0, 1.0, 1.0, 1.0, 1.0]
Shoning time to solve:  -0.6966655254364014
STAT: [1.0, 1.0, 1.0, 1.0, 1.0, 1.0, 1.0, 1.0]
Clauses 32 took -19.59680151939392
BPP: [1.0, 1.0, 1.0, 1.0, 1.0, 1.0, 1.0, 1.0, 1.0]
BPP time to solve:  -0.06281423568725586
SHO: [1.0, 1.0, 1.0, 1.0, 1.0, 1.0, 1.0, 1.0, 1.0]
Shoning time to solve:  -0.6927485466003418
STAT: [1.0, 1.0, 1.0, 1.0, 1.0, 1.0, 1.0, 1.0, 1.0]
Clauses 36 took -21.51366400718689
BPP: [1.0, 1.0, 1.0, 1.0, 1.0, 1.0, 1.0, 1.0, 1.0, 1.0]
BPP time to solve:  -0.06508898735046387
SHO: [1.0, 1.0, 1.0, 1.0, 1.0, 1.0, 1.0, 1.0, 1.0, 1.0]
Shoning time to solve:  -0.7203469276428223
STAT: [1.0, 1.0, 1.0, 1.0, 1.0, 1.0, 1.0, 1.0, 1.0, 1.0]
Clauses 40 took -23.195136785507202
BPP: [1.0, 1.0, 1.0, 1.0, 1.0, 1.0, 1.0, 1.0, 1.0, 1.0, 1.0]
BPP time to solve:  -0.06886720657348633
SHO: [1.0, 1.0, 1.0, 1.0, 1.0, 1.0, 1.0, 1.0, 1.0, 1.0, 1.0]
Shoning time to solve:  -0.7355086803436279
STAT: [1.0, 1.0, 1.0, 1.0, 1.0, 1.0, 1.0, 1.0, 1.0, 1.0, 1.0]
Clauses 44 took -25.21976923942566
BPP: [1.0, 1.0, 1.0, 1.0, 1.0, 1.0, 1.0, 1.0, 1.0, 1.0, 1.0, 1.0]
BPP time to solve:  -0.06243443489074707
SHO: [1.0, 1.0, 1.0, 1.0, 1.0, 1.0, 1.0, 1.0, 1.0, 1.0, 1.0, 1.0]
Shoning time to solve:  -0.7685484886169434
STAT: [1.0, 1.0, 1.0, 1.0, 1.0, 1.0, 1.0, 1.0, 1.0, 1.0, 1.0, 1.0]
Clauses 48 took -26.261664152145386
BPP: [1.0, 1.0, 1.0, 1.0, 1.0, 1.0, 1.0, 1.0, 1.0, 1.0, 1.0, 1.0, 1.0]
BPP time to solve:  -0.06346964836120605
SHO: [1.0, 1.0, 1.0, 1.0, 1.0, 1.0, 1.0, 1.0, 1.0, 1.0, 1.0, 1.0, 1.0]
Shoning time to solve:  -0.7737784385681152
STAT: [1.0, 1.0, 1.0, 1.0, 1.0, 1.0, 1.0, 1.0, 1.0, 1.0, 1.0, 1.0, 1.0]
Clauses 52 took -27.48470449447632
BPP: [1.0, 1.0, 1.0, 1.0, 1.0, 1.0, 1.0, 1.0, 1.0, 1.0, 1.0, 1.0, 1.0, 1.0]
BPP time to solve:  -0.0659322738647461
SHO: [1.0, 1.0, 1.0, 1.0, 1.0, 1.0, 1.0, 1.0, 1.0, 1.0, 1.0, 1.0, 1.0, 1.0]
Shoning time to solve:  -0.7348222732543945
STAT: [1.0, 1.0, 1.0, 1.0, 1.0, 1.0, 1.0, 1.0, 1.0, 1.0, 1.0, 1.0, 1.0, 1.0]
Clauses 56 took -28.706441640853882
BPP: [1.0, 1.0, 1.0, 1.0, 1.0, 1.0, 1.0, 1.0, 1.0, 1.0, 1.0, 1.0, 1.0, 1.0, 1.0]
BPP time to solve:  -0.06426167488098145
SHO: [1.0, 1.0, 1.0, 1.0, 1.0, 1.0, 1.0, 1.0, 1.0, 1.0, 1.0, 1.0, 1.0, 1.0, 1.0]
Shoning time to solve:  -0.7659978866577148
STAT: [1.0, 1.0, 1.0, 1.0, 1.0, 1.0, 1.0, 1.0, 1.0, 1.0, 1.0, 1.0, 1.0, 1.0, 1.0]
Clauses 60 took -29.86427402496338
BPP: [1.0, 1.0, 1.0, 1.0, 1.0, 1.0, 1.0, 1.0, 1.0, 1.0, 1.0, 1.0, 1.0, 1.0, 1.0, 1.0]
BPP time to solve:  -0.06708931922912598
SHO: [1.0, 1.0, 1.0, 1.0, 1.0, 1.0, 1.0, 1.0, 1.0, 1.0, 1.0, 1.0, 1.0, 1.0, 1.0, 1.0]
Shoning time to solve:  -0.8204278945922852
STAT: [1.0, 1.0, 1.0, 1.0, 1.0, 1.0, 1.0, 1.0, 1.0, 1.0, 1.0, 1.0, 1.0, 1.0, 1.0, 1.0]
Clauses 64 took -31.776017665863037
BPP: [1.0, 1.0, 1.0, 1.0, 1.0, 1.0, 1.0, 1.0, 1.0, 1.0, 1.0, 1.0, 1.0, 1.0, 1.0, 1.0, 1.0]
BPP time to solve:  -0.06974077224731445
SHO: [1.0, 1.0, 1.0, 1.0, 1.0, 1.0, 1.0, 1.0, 1.0, 1.0, 1.0, 1.0, 1.0, 1.0, 1.0, 1.0, 1.0]
Shoning time to solve:  -0.8124394416809082
STAT: [1.0, 1.0, 1.0, 1.0, 1.0, 1.0, 1.0, 1.0, 1.0, 1.0, 1.0, 1.0, 1.0, 1.0, 1.0, 1.0, 1.0]
Clauses 68 took -32.97700214385986
BPP: [1.0, 1.0, 1.0, 1.0, 1.0, 1.0, 1.0, 1.0, 1.0, 1.0, 1.0, 1.0, 1.0, 1.0, 1.0, 1.0, 1.0, 1.0]
BPP time to solve:  -0.06954574584960938
SHO: [1.0, 1.0, 1.0, 1.0, 1.0, 1.0, 1.0, 1.0, 1.0, 1.0, 1.0, 1.0, 1.0, 1.0, 1.0, 1.0, 1.0, 1.0]
Shoning time to solve:  -0.8196513652801514
slurmstepd: error: *** JOB 399853 ON cn074 CANCELLED AT 2023-03-26T21:58:22 ***
