Number of cpu :  80
BPP: [1.0]
BPP time to solve:  -0.09620523452758789
SHO: [1.0]
Shoning time to solve:  -0.05176401138305664
STAT: [1.0]
Stat time to solve:  -42.85019397735596
Clauses 75 took -42.85020685195923
BPP: [1.0, 1.0]
BPP time to solve:  -0.08425784111022949
SHO: [1.0, 1.0]
Shoning time to solve:  -0.055638790130615234
STAT: [1.0, 1.0]
Stat time to solve:  -189.26465964317322
Clauses 81 took -189.26467370986938
BPP: [1.0, 1.0, 1.0]
BPP time to solve:  -0.47416043281555176
SHO: [1.0, 1.0, 1.0]
Shoning time to solve:  -0.16869854927062988
STAT: [1.0, 1.0, 1.0]
Stat time to solve:  -150.09765005111694
Clauses 88 took -150.09767389297485
BPP: [1.0, 1.0, 1.0, 0.925]
BPP time to solve:  -12.122833013534546
SHO: [1.0, 1.0, 1.0, 0.925]
Shoning time to solve:  -9.246277332305908
STAT: [1.0, 1.0, 1.0, 1.0]
Stat time to solve:  -453.66227531433105
Clauses 94 took -453.6622910499573
BPP: [1.0, 1.0, 1.0, 0.925, 0.7625]
BPP time to solve:  -14.239371299743652
SHO: [1.0, 1.0, 1.0, 0.925, 0.7625]
Shoning time to solve:  -11.080440521240234
STAT: [1.0, 1.0, 1.0, 1.0, 1.0]
Stat time to solve:  -602.44620013237
Clauses 101 took -602.4462134838104
BPP: [1.0, 1.0, 1.0, 0.925, 0.7625, 0.7]
BPP time to solve:  -15.218026161193848
SHO: [1.0, 1.0, 1.0, 0.925, 0.7625, 0.7]
Shoning time to solve:  -11.869718790054321
STAT: [1.0, 1.0, 1.0, 1.0, 1.0, 0.0]
Stat time to solve:  -658.0854654312134
Clauses 107 took -658.0855801105499
BPP: [1.0, 1.0, 1.0, 0.925, 0.7625, 0.7, 0.5375]
BPP time to solve:  -17.12818670272827
SHO: [1.0, 1.0, 1.0, 0.925, 0.7625, 0.7, 0.5375]
Shoning time to solve:  -14.443042039871216
STAT: [1.0, 1.0, 1.0, 1.0, 1.0, 0.0, 1.0]
Stat time to solve:  -794.2317669391632
Clauses 114 took -794.2317795753479
BPP: [1.0, 1.0, 1.0, 0.925, 0.7625, 0.7, 0.5375, 0.2875]
BPP time to solve:  -23.77125644683838
SHO: [1.0, 1.0, 1.0, 0.925, 0.7625, 0.7, 0.5375, 0.2875]
Shoning time to solve:  -19.597911596298218
STAT: [1.0, 1.0, 1.0, 1.0, 1.0, 0.0, 1.0, 0.0]
Stat time to solve:  -1214.3681147098541
Clauses 121 took -1214.3681337833405
BPP: [1.0, 1.0, 1.0, 0.925, 0.7625, 0.7, 0.5375, 0.2875, 0.1]
BPP time to solve:  -27.28140425682068
SHO: [1.0, 1.0, 1.0, 0.925, 0.7625, 0.7, 0.5375, 0.2875, 0.1]
Shoning time to solve:  -22.886207342147827
STAT: [1.0, 1.0, 1.0, 1.0, 1.0, 0.0, 1.0, 0.0, 0.0]
Stat time to solve:  -1464.2544276714325
Clauses 127 took -1464.254451751709
BPP: [1.0, 1.0, 1.0, 0.925, 0.7625, 0.7, 0.5375, 0.2875, 0.1, 0.0875]
BPP time to solve:  -29.221629858016968
SHO: [1.0, 1.0, 1.0, 0.925, 0.7625, 0.7, 0.5375, 0.2875, 0.1, 0.0875]
Shoning time to solve:  -24.683884143829346
STAT: [1.0, 1.0, 1.0, 1.0, 1.0, 0.0, 1.0, 0.0, 0.0, 1.0]
Stat time to solve:  -1530.1142799854279
Clauses 134 took -1530.1143155097961
BPP: [1.0, 1.0, 1.0, 0.925, 0.7625, 0.7, 0.5375, 0.2875, 0.1, 0.0875, 0.0875]
BPP time to solve:  -29.363359212875366
SHO: [1.0, 1.0, 1.0, 0.925, 0.7625, 0.7, 0.5375, 0.2875, 0.1, 0.0875, 0.0875]
Shoning time to solve:  -26.769120931625366
STAT: [1.0, 1.0, 1.0, 1.0, 1.0, 0.0, 1.0, 0.0, 0.0, 1.0, 0.0]
Stat time to solve:  -1659.4557707309723
Clauses 140 took -1659.4560432434082
BPP: [1.0, 1.0, 1.0, 0.925, 0.7625, 0.7, 0.5375, 0.2875, 0.1, 0.0875, 0.0875, 0.025]
BPP time to solve:  -30.753154039382935
SHO: [1.0, 1.0, 1.0, 0.925, 0.7625, 0.7, 0.5375, 0.2875, 0.1, 0.0875, 0.0875, 0.025]
Shoning time to solve:  -28.02970051765442
STAT: [1.0, 1.0, 1.0, 1.0, 1.0, 0.0, 1.0, 0.0, 0.0, 1.0, 0.0, 0.0]
Stat time to solve:  -1989.3903982639313
Clauses 147 took -1989.3904213905334
BPP: [1.0, 1.0, 1.0, 0.925, 0.7625, 0.7, 0.5375, 0.2875, 0.1, 0.0875, 0.0875, 0.025, 0.0375]
BPP time to solve:  -31.308321714401245
SHO: [1.0, 1.0, 1.0, 0.925, 0.7625, 0.7, 0.5375, 0.2875, 0.1, 0.0875, 0.0875, 0.025, 0.0375]
Shoning time to solve:  -28.809327125549316
STAT: [1.0, 1.0, 1.0, 1.0, 1.0, 0.0, 1.0, 0.0, 0.0, 1.0, 0.0, 0.0, 0.0]
Stat time to solve:  -1930.1760289669037
Clauses 153 took -1930.1760473251343
BPP: [1.0, 1.0, 1.0, 0.925, 0.7625, 0.7, 0.5375, 0.2875, 0.1, 0.0875, 0.0875, 0.025, 0.0375, 0.0125]
BPP time to solve:  -32.892476081848145
SHO: [1.0, 1.0, 1.0, 0.925, 0.7625, 0.7, 0.5375, 0.2875, 0.1, 0.0875, 0.0875, 0.025, 0.0375, 0.0125]
Shoning time to solve:  -30.94642448425293
STAT: [1.0, 1.0, 1.0, 1.0, 1.0, 0.0, 1.0, 0.0, 0.0, 1.0, 0.0, 0.0, 0.0, 0.0]
Stat time to solve:  -2200.263680458069
Clauses 160 took -2200.263849258423
BPP: [1.0, 1.0, 1.0, 0.925, 0.7625, 0.7, 0.5375, 0.2875, 0.1, 0.0875, 0.0875, 0.025, 0.0375, 0.0125, 0.0]
BPP time to solve:  -34.49755930900574
SHO: [1.0, 1.0, 1.0, 0.925, 0.7625, 0.7, 0.5375, 0.2875, 0.1, 0.0875, 0.0875, 0.025, 0.0375, 0.0125, 0.0]
Shoning time to solve:  -32.195656061172485
STAT: [1.0, 1.0, 1.0, 1.0, 1.0, 0.0, 1.0, 0.0, 0.0, 1.0, 0.0, 0.0, 0.0, 0.0, 0.0]
Stat time to solve:  -2463.7072026729584
Clauses 167 took -2463.707221031189
BPP: [1.0, 1.0, 1.0, 0.925, 0.7625, 0.7, 0.5375, 0.2875, 0.1, 0.0875, 0.0875, 0.025, 0.0375, 0.0125, 0.0, 0.0]
BPP time to solve:  -35.2914252281189
SHO: [1.0, 1.0, 1.0, 0.925, 0.7625, 0.7, 0.5375, 0.2875, 0.1, 0.0875, 0.0875, 0.025, 0.0375, 0.0125, 0.0, 0.0]
Shoning time to solve:  -34.202192306518555
STAT: [1.0, 1.0, 1.0, 1.0, 1.0, 0.0, 1.0, 0.0, 0.0, 1.0, 0.0, 0.0, 0.0, 0.0, 0.0, 0.0]
Stat time to solve:  -2616.904860496521
Clauses 173 took -2616.904968738556
BPP: [1.0, 1.0, 1.0, 0.925, 0.7625, 0.7, 0.5375, 0.2875, 0.1, 0.0875, 0.0875, 0.025, 0.0375, 0.0125, 0.0, 0.0, 0.0]
BPP time to solve:  -35.837727308273315
SHO: [1.0, 1.0, 1.0, 0.925, 0.7625, 0.7, 0.5375, 0.2875, 0.1, 0.0875, 0.0875, 0.025, 0.0375, 0.0125, 0.0, 0.0, 0.0]
Shoning time to solve:  -34.52551817893982
STAT: [1.0, 1.0, 1.0, 1.0, 1.0, 0.0, 1.0, 0.0, 0.0, 1.0, 0.0, 0.0, 0.0, 0.0, 0.0, 0.0, 0.0]
Stat time to solve:  -2710.0426902770996
Clauses 180 took -2710.042842388153
BPP: [1.0, 1.0, 1.0, 0.925, 0.7625, 0.7, 0.5375, 0.2875, 0.1, 0.0875, 0.0875, 0.025, 0.0375, 0.0125, 0.0, 0.0, 0.0, 0.0]
BPP time to solve:  -36.86572313308716
SHO: [1.0, 1.0, 1.0, 0.925, 0.7625, 0.7, 0.5375, 0.2875, 0.1, 0.0875, 0.0875, 0.025, 0.0375, 0.0125, 0.0, 0.0, 0.0, 0.0]
Shoning time to solve:  -35.85643219947815
STAT: [1.0, 1.0, 1.0, 1.0, 1.0, 0.0, 1.0, 0.0, 0.0, 1.0, 0.0, 0.0, 0.0, 0.0, 0.0, 0.0, 0.0, 0.0]
Stat time to solve:  -2934.6942126750946
Clauses 186 took -2934.694228410721
BPP: [1.0, 1.0, 1.0, 0.925, 0.7625, 0.7, 0.5375, 0.2875, 0.1, 0.0875, 0.0875, 0.025, 0.0375, 0.0125, 0.0, 0.0, 0.0, 0.0, 0.0]
BPP time to solve:  -37.51360034942627
SHO: [1.0, 1.0, 1.0, 0.925, 0.7625, 0.7, 0.5375, 0.2875, 0.1, 0.0875, 0.0875, 0.025, 0.0375, 0.0125, 0.0, 0.0, 0.0, 0.0, 0.0]
Shoning time to solve:  -37.85399127006531
STAT: [1.0, 1.0, 1.0, 1.0, 1.0, 0.0, 1.0, 0.0, 0.0, 1.0, 0.0, 0.0, 0.0, 0.0, 0.0, 0.0, 0.0, 0.0, 0.0]
Stat time to solve:  -3021.419556617737
Clauses 193 took -3021.4195771217346
BPP: [1.0, 1.0, 1.0, 0.925, 0.7625, 0.7, 0.5375, 0.2875, 0.1, 0.0875, 0.0875, 0.025, 0.0375, 0.0125, 0.0, 0.0, 0.0, 0.0, 0.0, 0.0]
BPP time to solve:  -39.245479345321655
SHO: [1.0, 1.0, 1.0, 0.925, 0.7625, 0.7, 0.5375, 0.2875, 0.1, 0.0875, 0.0875, 0.025, 0.0375, 0.0125, 0.0, 0.0, 0.0, 0.0, 0.0, 0.0]
Shoning time to solve:  -38.39959669113159
STAT: [1.0, 1.0, 1.0, 1.0, 1.0, 0.0, 1.0, 0.0, 0.0, 1.0, 0.0, 0.0, 0.0, 0.0, 0.0, 0.0, 0.0, 0.0, 0.0, 0.0]
Stat time to solve:  -3402.6887962818146
Clauses 200 took -3402.68883395195
