../BPPSAT/SATS/UF75.325.100/uf75-075.cnf
75   325
Stat time to build:  -2.384185791015625e-07
True
17
True
10858
1000000
1000000
True
229
Stat time to solve:  -225.59789156913757
C++ time to solve:  -21.040034770965576
C++ time to solve:  -0.0984337329864502
Clauses 325 took -246.74262690544128
0
BPP: [0.4]
SHO: [1.0]
STAT: [0.6]
../BPPSAT/SATS/UF75.325.100/uf75-076.cnf
75   325
Stat time to build:  -7.152557373046875e-07
1000000
1000000
1000000
True
16828
1000000
Stat time to solve:  -459.1142611503601
C++ time to solve:  -27.826148986816406
C++ time to solve:  -1.2480404376983643
Clauses 325 took -488.19437527656555
1
BPP: [0.4, 0.2]
SHO: [1.0, 1.0]
STAT: [0.6, 0.2]
../BPPSAT/SATS/UF75.325.100/uf75-077.cnf
75   325
Stat time to build:  -4.76837158203125e-07
True
973
True
79959
True
28
True
3725
True
135
Stat time to solve:  -9.578942775726318
C++ time to solve:  -0.5227310657501221
C++ time to solve:  -0.0013055801391601562
Clauses 325 took -10.106984615325928
2
BPP: [0.4, 0.2, 1.0]
SHO: [1.0, 1.0, 1.0]
STAT: [0.6, 0.2, 1.0]
../BPPSAT/SATS/UF75.325.100/uf75-078.cnf
75   325
Stat time to build:  -4.76837158203125e-07
True
207
True
53868
True
113926
True
209961
True
546105
Stat time to solve:  -103.40392899513245
C++ time to solve:  -31.503151655197144
C++ time to solve:  -0.3282749652862549
Clauses 325 took -135.2388460636139
3
BPP: [0.4, 0.2, 1.0, 0.0]
SHO: [1.0, 1.0, 1.0, 1.0]
STAT: [0.6, 0.2, 1.0, 1.0]
../BPPSAT/SATS/UF75.325.100/uf75-079.cnf
75   325
Stat time to build:  -4.76837158203125e-07
True
8969
1000000
1000000
True
9564
True
34
Stat time to solve:  -224.72347807884216
C++ time to solve:  -31.18833899497986
C++ time to solve:  -0.3345215320587158
Clauses 325 took -256.2506639957428
4
BPP: [0.4, 0.2, 1.0, 0.0, 0.0]
SHO: [1.0, 1.0, 1.0, 1.0, 1.0]
STAT: [0.6, 0.2, 1.0, 1.0, 0.6]
../BPPSAT/SATS/UF75.325.100/uf75-080.cnf
75   325
Stat time to build:  -4.76837158203125e-07
True
14432
True
443
True
249
1000000
1000000
Stat time to solve:  -230.88264679908752
C++ time to solve:  -9.32905101776123
C++ time to solve:  -0.28675031661987305
Clauses 325 took -240.50440955162048
5
BPP: [0.4, 0.2, 1.0, 0.0, 0.0, 1.0]
SHO: [1.0, 1.0, 1.0, 1.0, 1.0, 1.0]
STAT: [0.6, 0.2, 1.0, 1.0, 0.6, 0.6]
../BPPSAT/SATS/UF75.325.100/uf75-081.cnf
75   325
Stat time to build:  -2.384185791015625e-07
1000000
1000000
True
5009
1000000
True
29
Stat time to solve:  -327.61073660850525
C++ time to solve:  -32.12382674217224
C++ time to solve:  -2.3024678230285645
Clauses 325 took -362.0423457622528
6
BPP: [0.4, 0.2, 1.0, 0.0, 0.0, 1.0, 0.0]
SHO: [1.0, 1.0, 1.0, 1.0, 1.0, 1.0, 1.0]
STAT: [0.6, 0.2, 1.0, 1.0, 0.6, 0.6, 0.4]
../BPPSAT/SATS/UF75.325.100/uf75-082.cnf
75   325
Stat time to build:  -4.76837158203125e-07
True
3025
True
3383
True
2441
True
12004
1000000
Stat time to solve:  -114.4683747291565
C++ time to solve:  -31.02890396118164
C++ time to solve:  -0.2536041736602783
Clauses 325 took -145.75634789466858
7
BPP: [0.4, 0.2, 1.0, 0.0, 0.0, 1.0, 0.0, 0.0]
SHO: [1.0, 1.0, 1.0, 1.0, 1.0, 1.0, 1.0, 1.0]
STAT: [0.6, 0.2, 1.0, 1.0, 0.6, 0.6, 0.4, 0.8]
../BPPSAT/SATS/UF75.325.100/uf75-083.cnf
75   325
Stat time to build:  -2.384185791015625e-07
True
17066
1000000
True
483949
1000000
1000000
Stat time to solve:  -396.9410891532898
C++ time to solve:  -31.33433246612549
C++ time to solve:  -1.4222767353057861
Clauses 325 took -429.7032427787781
8
BPP: [0.4, 0.2, 1.0, 0.0, 0.0, 1.0, 0.0, 0.0, 0.0]
SHO: [1.0, 1.0, 1.0, 1.0, 1.0, 1.0, 1.0, 1.0, 1.0]
STAT: [0.6, 0.2, 1.0, 1.0, 0.6, 0.6, 0.4, 0.8, 0.4]
../BPPSAT/SATS/UF75.325.100/uf75-084.cnf
75   325
Stat time to build:  -2.384185791015625e-07
True
2392
True
10849
1000000
True
531
True
16679
Stat time to solve:  -127.02520036697388
C++ time to solve:  -31.553014039993286
C++ time to solve:  -5.1989617347717285
Clauses 325 took -163.78213453292847
9
BPP: [0.4, 0.2, 1.0, 0.0, 0.0, 1.0, 0.0, 0.0, 0.0, 0.0]
SHO: [1.0, 1.0, 1.0, 1.0, 1.0, 1.0, 1.0, 1.0, 1.0, 1.0]
STAT: [0.6, 0.2, 1.0, 1.0, 0.6, 0.6, 0.4, 0.8, 0.4, 0.8]
