../BPPSAT/SATS/UF250.1065.100/uf250-01.cnf
250   1065
Stat time to build:  -2.384185791015625e-07
True
3752
True
87881
1000000
True
431148
True
39930
Stat time to solve:  -531.5497386455536
C++ time to solve:  -101.63994646072388
C++ time to solve:  -84.237722158432
Clauses 1065 took -717.4405083656311
0
BPP: [0.0]
SHO: [0.0]
STAT: [0.8]
../BPPSAT/SATS/UF250.1065.100/uf250-02.cnf
250   1065
Stat time to build:  -4.76837158203125e-07
1000000
1000000
True
265599
1000000
True
52153
Stat time to solve:  -1131.617487192154
C++ time to solve:  -105.86641550064087
C++ time to solve:  -88.73013973236084
Clauses 1065 took -1326.2242286205292
1
BPP: [0.0, 0.0]
SHO: [0.0, 0.0]
STAT: [0.8, 0.4]
../BPPSAT/SATS/UF250.1065.100/uf250-03.cnf
250   1065
Stat time to build:  -2.384185791015625e-07
1000000
1000000
1000000
1000000
1000000
Stat time to solve:  -1742.1615924835205
C++ time to solve:  -103.81603384017944
C++ time to solve:  -86.99086570739746
Clauses 1065 took -1932.9789052009583
2
BPP: [0.0, 0.0, 0.0]
SHO: [0.0, 0.0, 0.0]
STAT: [0.8, 0.4, 0.0]
../BPPSAT/SATS/UF250.1065.100/uf250-04.cnf
250   1065
Stat time to build:  -2.384185791015625e-07
True
20462
True
2022
True
7028
1000000
1000000
Stat time to solve:  -682.6337721347809
C++ time to solve:  -102.49957942962646
C++ time to solve:  -85.19708943367004
Clauses 1065 took -870.3403725624084
3
BPP: [0.0, 0.0, 0.0, 0.0]
SHO: [0.0, 0.0, 0.0, 0.0]
STAT: [0.8, 0.4, 0.0, 0.6]
../BPPSAT/SATS/UF250.1065.100/uf250-05.cnf
250   1065
Stat time to build:  -4.76837158203125e-07
1000000
1000000
1000000
1000000
True
416491
Stat time to solve:  -1522.2630407810211
C++ time to solve:  -105.04811096191406
C++ time to solve:  -87.96424674987793
Clauses 1065 took -1715.2841520309448
4
BPP: [0.0, 0.0, 0.0, 0.0, 0.0]
SHO: [0.0, 0.0, 0.0, 0.0, 0.0]
STAT: [0.8, 0.4, 0.0, 0.6, 0.2]
../BPPSAT/SATS/UF250.1065.100/uf250-06.cnf
250   1065
Stat time to build:  -2.384185791015625e-07
True
50958
1000000
True
18042
True
2010
True
164103
Stat time to solve:  -427.7174279689789
C++ time to solve:  -105.29260087013245
C++ time to solve:  -87.66540169715881
Clauses 1065 took -620.6838338375092
5
BPP: [0.0, 0.0, 0.0, 0.0, 0.0, 0.0]
SHO: [0.0, 0.0, 0.0, 0.0, 0.0, 0.0]
STAT: [0.8, 0.4, 0.0, 0.6, 0.2, 0.8]
../BPPSAT/SATS/UF250.1065.100/uf250-07.cnf
250   1065
Stat time to build:  -9.5367431640625e-07
1000000
1000000
1000000
1000000
1000000
Stat time to solve:  -1726.5142755508423
C++ time to solve:  -105.29801893234253
C++ time to solve:  -88.03949427604675
Clauses 1065 took -1919.8770334720612
6
BPP: [0.0, 0.0, 0.0, 0.0, 0.0, 0.0, 0.0]
SHO: [0.0, 0.0, 0.0, 0.0, 0.0, 0.0, 0.0]
STAT: [0.8, 0.4, 0.0, 0.6, 0.2, 0.8, 0.0]
../BPPSAT/SATS/UF250.1065.100/uf250-08.cnf
250   1065
Stat time to build:  -4.76837158203125e-07
1000000
1000000
1000000
1000000
1000000
Stat time to solve:  -1694.800794839859
C++ time to solve:  -104.1907753944397
C++ time to solve:  -86.31827211380005
Clauses 1065 took -1885.3197700977325
7
BPP: [0.0, 0.0, 0.0, 0.0, 0.0, 0.0, 0.0, 0.0]
SHO: [0.0, 0.0, 0.0, 0.0, 0.0, 0.0, 0.0, 0.0]
STAT: [0.8, 0.4, 0.0, 0.6, 0.2, 0.8, 0.0, 0.0]
../BPPSAT/SATS/UF250.1065.100/uf250-09.cnf
250   1065
Stat time to build:  -2.384185791015625e-07
True
870787
1000000
1000000
1000000
True
633481
Stat time to solve:  -1527.125516653061
C++ time to solve:  -105.58104848861694
C++ time to solve:  -88.0888729095459
Clauses 1065 took -1720.8051846027374
8
BPP: [0.0, 0.0, 0.0, 0.0, 0.0, 0.0, 0.0, 0.0, 0.0]
SHO: [0.0, 0.0, 0.0, 0.0, 0.0, 0.0, 0.0, 0.0, 0.0]
STAT: [0.8, 0.4, 0.0, 0.6, 0.2, 0.8, 0.0, 0.0, 0.4]
../BPPSAT/SATS/UF250.1065.100/uf250-010.cnf
250   1065
Stat time to build:  -2.384185791015625e-07
True
129945
1000000
1000000
1000000
1000000
Stat time to solve:  -1417.827062368393
C++ time to solve:  -104.09679579734802
C++ time to solve:  -86.94166660308838
Clauses 1065 took -1608.8753428459167
9
BPP: [0.0, 0.0, 0.0, 0.0, 0.0, 0.0, 0.0, 0.0, 0.0, 0.0]
SHO: [0.0, 0.0, 0.0, 0.0, 0.0, 0.0, 0.0, 0.0, 0.0, 0.0]
STAT: [0.8, 0.4, 0.0, 0.6, 0.2, 0.8, 0.0, 0.0, 0.4, 0.2]
