../BPPSAT/SATS/UF250.1065.100/uf250-01.cnf
250   1065
Stat time to build:  -7.152557373046875e-07
True
38053
True
134312
1000000
True
199323
True
75036
Stat time to solve:  -530.5841550827026
C++ time to solve:  -101.40642738342285
C++ time to solve:  -83.5973391532898
Clauses 1065 took -715.6219849586487
0
BPP: [0.0]
SHO: [0.0]
STAT: [0.8]
../BPPSAT/SATS/UF250.1065.100/uf250-02.cnf
250   1065
Stat time to build:  -4.76837158203125e-07
True
142385
True
563029
True
59363
1000000
1000000
Stat time to solve:  -1002.943817615509
C++ time to solve:  -106.01366114616394
C++ time to solve:  -88.56561493873596
Clauses 1065 took -1197.5784962177277
1
BPP: [0.0, 0.0]
SHO: [0.0, 0.0]
STAT: [0.8, 0.6]
../BPPSAT/SATS/UF250.1065.100/uf250-03.cnf
250   1065
Stat time to build:  -1.430511474609375e-06
1000000
1000000
1000000
1000000
1000000
Stat time to solve:  -1806.2332859039307
C++ time to solve:  -103.56966376304626
C++ time to solve:  -87.06906723976135
Clauses 1065 took -1996.9142246246338
2
BPP: [0.0, 0.0, 0.0]
SHO: [0.0, 0.0, 0.0]
STAT: [0.8, 0.6, 0.0]
../BPPSAT/SATS/UF250.1065.100/uf250-04.cnf
250   1065
Stat time to build:  -7.152557373046875e-07
True
32881
True
386128
True
8875
True
7475
True
13803
Stat time to solve:  -162.20752882957458
C++ time to solve:  -102.79436945915222
C++ time to solve:  -85.17652797698975
Clauses 1065 took -350.20852065086365
3
BPP: [0.0, 0.0, 0.0, 0.0]
SHO: [0.0, 0.0, 0.0, 0.0]
STAT: [0.8, 0.6, 0.0, 1.0]
../BPPSAT/SATS/UF250.1065.100/uf250-05.cnf
250   1065
Stat time to build:  -1.1920928955078125e-06
1000000
1000000
1000000
1000000
1000000
Stat time to solve:  -1810.4524190425873
C++ time to solve:  -105.06401348114014
C++ time to solve:  -88.44085049629211
Clauses 1065 took -2003.9899616241455
4
BPP: [0.0, 0.0, 0.0, 0.0, 0.0]
SHO: [0.0, 0.0, 0.0, 0.0, 0.0]
STAT: [0.8, 0.6, 0.0, 1.0, 0.0]
../BPPSAT/SATS/UF250.1065.100/uf250-06.cnf
250   1065
Stat time to build:  -1.1920928955078125e-06
1000000
1000000
True
52710
1000000
1000000
Stat time to solve:  -1462.6670196056366
C++ time to solve:  -105.17447996139526
C++ time to solve:  -87.15146255493164
Clauses 1065 took -1655.0289523601532
5
BPP: [0.0, 0.0, 0.0, 0.0, 0.0, 0.0]
SHO: [0.0, 0.0, 0.0, 0.0, 0.0, 0.0]
STAT: [0.8, 0.6, 0.0, 1.0, 0.0, 0.2]
../BPPSAT/SATS/UF250.1065.100/uf250-07.cnf
250   1065
Stat time to build:  -2.384185791015625e-07
1000000
1000000
1000000
1000000
1000000
Stat time to solve:  -1798.5886118412018
C++ time to solve:  -105.43121290206909
C++ time to solve:  -88.14605569839478
Clauses 1065 took -1992.185021162033
6
BPP: [0.0, 0.0, 0.0, 0.0, 0.0, 0.0, 0.0]
SHO: [0.0, 0.0, 0.0, 0.0, 0.0, 0.0, 0.0]
STAT: [0.8, 0.6, 0.0, 1.0, 0.0, 0.2, 0.0]
../BPPSAT/SATS/UF250.1065.100/uf250-08.cnf
250   1065
Stat time to build:  -1.1920928955078125e-06
True
213821
1000000
1000000
1000000
True
227698
Stat time to solve:  -1220.257982969284
C++ time to solve:  -104.22797107696533
C++ time to solve:  -86.74209070205688
Clauses 1065 took -1411.2866055965424
7
BPP: [0.0, 0.0, 0.0, 0.0, 0.0, 0.0, 0.0, 0.0]
SHO: [0.0, 0.0, 0.0, 0.0, 0.0, 0.0, 0.0, 0.0]
STAT: [0.8, 0.6, 0.0, 1.0, 0.0, 0.2, 0.0, 0.4]
../BPPSAT/SATS/UF250.1065.100/uf250-09.cnf
250   1065
Stat time to build:  -9.5367431640625e-07
True
207498
1000000
1000000
1000000
1000000
Stat time to solve:  -1492.3494684696198
C++ time to solve:  -105.36608362197876
C++ time to solve:  -88.04050493240356
Clauses 1065 took -1685.8000283241272
8
BPP: [0.0, 0.0, 0.0, 0.0, 0.0, 0.0, 0.0, 0.0, 0.0]
SHO: [0.0, 0.0, 0.0, 0.0, 0.0, 0.0, 0.0, 0.0, 0.0]
STAT: [0.8, 0.6, 0.0, 1.0, 0.0, 0.2, 0.0, 0.4, 0.2]
../BPPSAT/SATS/UF250.1065.100/uf250-010.cnf
250   1065
Stat time to build:  -1.1920928955078125e-06
1000000
1000000
True
927761
1000000
True
218596
Stat time to solve:  -1496.426839351654
C++ time to solve:  -104.0492479801178
C++ time to solve:  -86.90494656562805
Clauses 1065 took -1687.4395945072174
9
BPP: [0.0, 0.0, 0.0, 0.0, 0.0, 0.0, 0.0, 0.0, 0.0, 0.0]
SHO: [0.0, 0.0, 0.0, 0.0, 0.0, 0.0, 0.0, 0.0, 0.0, 0.0]
STAT: [0.8, 0.6, 0.0, 1.0, 0.0, 0.2, 0.0, 0.4, 0.2, 0.4]
