../BPPSAT/SATS/UF250.1065.100/uf250-01.cnf
250   1065
Stat time to build:  -9.5367431640625e-07
True
29576
1000000
True
250885
True
267747
True
18658
Stat time to solve:  -540.9506995677948
C++ time to solve:  -101.85087466239929
C++ time to solve:  -84.4869966506958
Clauses 1065 took -727.3285534381866
0
BPP: [0.0]
SHO: [0.0]
STAT: [0.8]
../BPPSAT/SATS/UF250.1065.100/uf250-02.cnf
250   1065
Stat time to build:  -9.5367431640625e-07
1000000
1000000
1000000
1000000
1000000
Stat time to solve:  -1734.8426275253296
C++ time to solve:  -106.08842444419861
C++ time to solve:  -89.34031128883362
Clauses 1065 took -1930.3356640338898
1
BPP: [0.0, 0.0]
SHO: [0.0, 0.0]
STAT: [0.8, 0.0]
../BPPSAT/SATS/UF250.1065.100/uf250-03.cnf
250   1065
Stat time to build:  -4.76837158203125e-07
1000000
True
489624
1000000
1000000
1000000
Stat time to solve:  -1583.1407539844513
C++ time to solve:  -104.11413288116455
C++ time to solve:  -86.65361022949219
Clauses 1065 took -1773.9436538219452
2
BPP: [0.0, 0.0, 0.0]
SHO: [0.0, 0.0, 0.0]
STAT: [0.8, 0.0, 0.2]
../BPPSAT/SATS/UF250.1065.100/uf250-04.cnf
250   1065
Stat time to build:  -7.152557373046875e-07
1000000
1000000
True
235
1000000
True
3528
Stat time to solve:  -1016.5865695476532
C++ time to solve:  -103.13955330848694
C++ time to solve:  -84.83176302909851
Clauses 1065 took -1204.5969109535217
3
BPP: [0.0, 0.0, 0.0, 0.0]
SHO: [0.0, 0.0, 0.0, 0.0]
STAT: [0.8, 0.0, 0.2, 0.4]
../BPPSAT/SATS/UF250.1065.100/uf250-05.cnf
250   1065
Stat time to build:  -9.5367431640625e-07
1000000
1000000
True
257490
True
904553
True
9910
Stat time to solve:  -1115.7027914524078
C++ time to solve:  -105.28949642181396
C++ time to solve:  -87.99718928337097
Clauses 1065 took -1309.0249841213226
4
BPP: [0.0, 0.0, 0.0, 0.0, 0.0]
SHO: [0.0, 0.0, 0.0, 0.0, 0.0]
STAT: [0.8, 0.0, 0.2, 0.4, 0.6]
../BPPSAT/SATS/UF250.1065.100/uf250-06.cnf
250   1065
Stat time to build:  -4.76837158203125e-07
1000000
True
669146
True
123156
True
38790
True
304626
Stat time to solve:  -731.704351902008
C++ time to solve:  -105.58946347236633
C++ time to solve:  -87.92944741249084
Clauses 1065 took -925.2407102584839
5
BPP: [0.0, 0.0, 0.0, 0.0, 0.0, 0.0]
SHO: [0.0, 0.0, 0.0, 0.0, 0.0, 0.0]
STAT: [0.8, 0.0, 0.2, 0.4, 0.6, 0.8]
../BPPSAT/SATS/UF250.1065.100/uf250-07.cnf
250   1065
Stat time to build:  -4.76837158203125e-07
1000000
1000000
1000000
1000000
1000000
Stat time to solve:  -1733.5417540073395
C++ time to solve:  -105.306960105896
C++ time to solve:  -88.33581781387329
Clauses 1065 took -1927.2102117538452
6
BPP: [0.0, 0.0, 0.0, 0.0, 0.0, 0.0, 0.0]
SHO: [0.0, 0.0, 0.0, 0.0, 0.0, 0.0, 0.0]
STAT: [0.8, 0.0, 0.2, 0.4, 0.6, 0.8, 0.0]
../BPPSAT/SATS/UF250.1065.100/uf250-08.cnf
250   1065
Stat time to build:  -7.152557373046875e-07
True
636265
1000000
True
35126
1000000
True
36372
Stat time to solve:  -924.5809419155121
C++ time to solve:  -104.48036479949951
C++ time to solve:  -86.42080044746399
Clauses 1065 took -1115.5229914188385
7
BPP: [0.0, 0.0, 0.0, 0.0, 0.0, 0.0, 0.0, 0.0]
SHO: [0.0, 0.0, 0.0, 0.0, 0.0, 0.0, 0.0, 0.0]
STAT: [0.8, 0.0, 0.2, 0.4, 0.6, 0.8, 0.0, 0.6]
../BPPSAT/SATS/UF250.1065.100/uf250-09.cnf
250   1065
Stat time to build:  -4.76837158203125e-07
1000000
1000000
True
4970
1000000
1000000
Stat time to solve:  -1420.5619659423828
C++ time to solve:  -105.80917429924011
C++ time to solve:  -88.4146580696106
Clauses 1065 took -1614.8440256118774
8
BPP: [0.0, 0.0, 0.0, 0.0, 0.0, 0.0, 0.0, 0.0, 0.0]
SHO: [0.0, 0.0, 0.0, 0.0, 0.0, 0.0, 0.0, 0.0, 0.0]
STAT: [0.8, 0.0, 0.2, 0.4, 0.6, 0.8, 0.0, 0.6, 0.2]
../BPPSAT/SATS/UF250.1065.100/uf250-010.cnf
250   1065
Stat time to build:  -9.5367431640625e-07
1000000
True
817329
1000000
True
19247
True
347900
Stat time to solve:  -1086.9270269870758
C++ time to solve:  -104.50155854225159
C++ time to solve:  -87.05757427215576
Clauses 1065 took -1278.5190434455872
9
BPP: [0.0, 0.0, 0.0, 0.0, 0.0, 0.0, 0.0, 0.0, 0.0, 0.0]
SHO: [0.0, 0.0, 0.0, 0.0, 0.0, 0.0, 0.0, 0.0, 0.0, 0.0]
STAT: [0.8, 0.0, 0.2, 0.4, 0.6, 0.8, 0.0, 0.6, 0.2, 0.6]
