7
0.09087777137756348  : time taken for aer dm
0.8177
[3]
10
0.14789366722106934  : time taken for aer dm
0.7615
[3, 4]
13
0.36579251289367676  : time taken for aer dm
0.7492
[3, 4, 5]
16
0.4782419204711914  : time taken for aer dm
0.7515
[3, 4, 5, 6]
19
0.7798886299133301  : time taken for aer dm
0.75
[3, 4, 5, 6, 7]
22
1.1472806930541992  : time taken for aer dm
0.7555
[3, 4, 5, 6, 7, 8]
25
3.070624589920044  : time taken for aer dm
0.7726
[3, 4, 5, 6, 7, 8, 9]
28
11.340309619903564  : time taken for aer dm
0.7756
[3, 4, 5, 6, 7, 8, 9, 10]
31
49.975719928741455  : time taken for aer dm
0.7856
[3, 4, 5, 6, 7, 8, 9, 10, 11]
34
233.9106822013855  : time taken for aer dm
0.7966
[3, 4, 5, 6, 7, 8, 9, 10, 11, 12]
37
1098.4839959144592  : time taken for aer dm
0.7968
[3, 4, 5, 6, 7, 8, 9, 10, 11, 12, 13]
40
5120.390413045883  : time taken for aer dm
0.814
[3, 4, 5, 6, 7, 8, 9, 10, 11, 12, 13, 14]
43
slurmstepd: error: *** JOB 358083 ON cn078 CANCELLED AT 2023-01-28T18:52:34 DUE TO TIME LIMIT ***
