Number of cpu :  80
C++ time to solve:  -0.015099525451660156
C++ time to solve:  -0.0065157413482666016
C++ time to solve:  -0.006396770477294922
C++ time to solve:  -0.006485700607299805
C++ time to solve:  -0.006461381912231445
C++ time to solve:  -0.006315708160400391
C++ time to solve:  -0.006579875946044922
C++ time to solve:  -0.006461143493652344
C++ time to solve:  -0.006383657455444336
C++ time to solve:  -0.006315708160400391
C++ time to solve:  -0.006456851959228516
C++ time to solve:  -0.006451606750488281
C++ time to solve:  -0.0063190460205078125
C++ time to solve:  -0.006464242935180664
C++ time to solve:  -0.006369113922119141
C++ time to solve:  -0.006402254104614258
C++ time to solve:  -0.006330251693725586
C++ time to solve:  -0.0063745975494384766
C++ time to solve:  -0.006349325180053711
C++ time to solve:  -0.0063555240631103516
BPP: [1.0]
C++ time to solve:  -0.006442070007324219
C++ time to solve:  -0.006291627883911133
C++ time to solve:  -0.006400585174560547
C++ time to solve:  -0.006331920623779297
C++ time to solve:  -0.00639796257019043
C++ time to solve:  -0.0064084529876708984
C++ time to solve:  -0.0063817501068115234
C++ time to solve:  -0.0064623355865478516
C++ time to solve:  -0.0064373016357421875
C++ time to solve:  -0.006401777267456055
C++ time to solve:  -0.006413698196411133
C++ time to solve:  -0.006410837173461914
C++ time to solve:  -0.006422758102416992
C++ time to solve:  -0.0063323974609375
C++ time to solve:  -0.006463050842285156
C++ time to solve:  -0.006359577178955078
C++ time to solve:  -0.00640106201171875
C++ time to solve:  -0.00633692741394043
C++ time to solve:  -0.0064127445220947266
C++ time to solve:  -0.006443023681640625
SHO: [1.0]
STAT: [1.0]
Clauses 4 took -0.9806952476501465
C++ time to solve:  -0.006742000579833984
C++ time to solve:  -0.006596088409423828
C++ time to solve:  -0.00644993782043457
C++ time to solve:  -0.006578683853149414
C++ time to solve:  -0.006494998931884766
C++ time to solve:  -0.006569385528564453
C++ time to solve:  -0.0064737796783447266
C++ time to solve:  -0.00637364387512207
C++ time to solve:  -0.0065953731536865234
C++ time to solve:  -0.0065174102783203125
C++ time to solve:  -0.006453990936279297
C++ time to solve:  -0.00656580924987793
C++ time to solve:  -0.006522178649902344
C++ time to solve:  -0.006501197814941406
C++ time to solve:  -0.006411552429199219
C++ time to solve:  -0.006535768508911133
C++ time to solve:  -0.006455183029174805
C++ time to solve:  -0.006460905075073242
C++ time to solve:  -0.006508588790893555
C++ time to solve:  -0.006596565246582031
BPP: [1.0, 1.0]
C++ time to solve:  -0.006562471389770508
C++ time to solve:  -0.006507158279418945
C++ time to solve:  -0.006590843200683594
C++ time to solve:  -0.006563901901245117
C++ time to solve:  -0.00648808479309082
C++ time to solve:  -0.006505727767944336
C++ time to solve:  -0.006563663482666016
C++ time to solve:  -0.006452322006225586
C++ time to solve:  -0.006514787673950195
C++ time to solve:  -0.006458282470703125
C++ time to solve:  -0.0064220428466796875
C++ time to solve:  -0.006715297698974609
C++ time to solve:  -0.006447315216064453
C++ time to solve:  -0.0065343379974365234
C++ time to solve:  -0.006461620330810547
C++ time to solve:  -0.006529331207275391
C++ time to solve:  -0.006707668304443359
C++ time to solve:  -0.006446123123168945
C++ time to solve:  -0.006512165069580078
C++ time to solve:  -0.0064792633056640625
SHO: [1.0, 1.0]
STAT: [1.0, 1.0]
Clauses 8 took -1.3459489345550537
C++ time to solve:  -0.006618976593017578
C++ time to solve:  -0.006958723068237305
C++ time to solve:  -0.006513118743896484
C++ time to solve:  -0.006623268127441406
C++ time to solve:  -0.006428956985473633
C++ time to solve:  -0.006554841995239258
C++ time to solve:  -0.006514072418212891
C++ time to solve:  -0.006587028503417969
C++ time to solve:  -0.0066680908203125
C++ time to solve:  -0.006556987762451172
C++ time to solve:  -0.00698399543762207
C++ time to solve:  -0.006744384765625
C++ time to solve:  -0.006621122360229492
C++ time to solve:  -0.006506681442260742
C++ time to solve:  -0.006620883941650391
C++ time to solve:  -0.006517887115478516
C++ time to solve:  -0.006623029708862305
C++ time to solve:  -0.006691455841064453
C++ time to solve:  -0.006856203079223633
C++ time to solve:  -0.006471157073974609
BPP: [1.0, 1.0, 1.0]
C++ time to solve:  -0.006891489028930664
C++ time to solve:  -0.00646209716796875
C++ time to solve:  -0.0065708160400390625
C++ time to solve:  -0.006551980972290039
C++ time to solve:  -0.0065555572509765625
C++ time to solve:  -0.006444692611694336
C++ time to solve:  -0.006531715393066406
C++ time to solve:  -0.007117509841918945
C++ time to solve:  -0.0067975521087646484
C++ time to solve:  -0.006659030914306641
C++ time to solve:  -0.0067903995513916016
C++ time to solve:  -0.006959676742553711
C++ time to solve:  -0.006573915481567383
C++ time to solve:  -0.006505727767944336
C++ time to solve:  -0.006894588470458984
C++ time to solve:  -0.006487369537353516
C++ time to solve:  -0.006763458251953125
C++ time to solve:  -0.0066373348236083984
C++ time to solve:  -0.0070569515228271484
C++ time to solve:  -0.00646209716796875
SHO: [1.0, 1.0, 1.0]
STAT: [1.0, 1.0, 1.0]
Clauses 12 took -1.6180033683776855
C++ time to solve:  -0.007006168365478516
C++ time to solve:  -0.006636381149291992
C++ time to solve:  -0.007037162780761719
C++ time to solve:  -0.006830930709838867
C++ time to solve:  -0.006944179534912109
C++ time to solve:  -0.006600379943847656
C++ time to solve:  -0.00687408447265625
C++ time to solve:  -0.006491899490356445
C++ time to solve:  -0.007115364074707031
C++ time to solve:  -0.006417512893676758
C++ time to solve:  -0.0066454410552978516
C++ time to solve:  -0.006588459014892578
C++ time to solve:  -0.00670933723449707
C++ time to solve:  -0.006570339202880859
C++ time to solve:  -0.006548881530761719
C++ time to solve:  -0.006734371185302734
C++ time to solve:  -0.0066640377044677734
C++ time to solve:  -0.006479501724243164
C++ time to solve:  -0.006599903106689453
C++ time to solve:  -0.0065555572509765625
BPP: [1.0, 1.0, 1.0, 1.0]
C++ time to solve:  -0.0068950653076171875
C++ time to solve:  -0.0065021514892578125
C++ time to solve:  -0.006879568099975586
C++ time to solve:  -0.006571292877197266
C++ time to solve:  -0.006623029708862305
C++ time to solve:  -0.0067901611328125
C++ time to solve:  -0.006856679916381836
C++ time to solve:  -0.00671076774597168
C++ time to solve:  -0.00765538215637207
C++ time to solve:  -0.006474494934082031
C++ time to solve:  -0.006578683853149414
C++ time to solve:  -0.006728172302246094
C++ time to solve:  -0.006564140319824219
C++ time to solve:  -0.00664830207824707
C++ time to solve:  -0.006729841232299805
C++ time to solve:  -0.006713151931762695
C++ time to solve:  -0.0067822933197021484
C++ time to solve:  -0.006462812423706055
C++ time to solve:  -0.006667613983154297
C++ time to solve:  -0.006737470626831055
SHO: [1.0, 1.0, 1.0, 1.0]
STAT: [1.0, 1.0, 1.0, 1.0]
Clauses 16 took -1.8964579105377197
C++ time to solve:  -0.006460905075073242
C++ time to solve:  -0.006766319274902344
C++ time to solve:  -0.007263660430908203
C++ time to solve:  -0.006636619567871094
C++ time to solve:  -0.007000923156738281
C++ time to solve:  -0.006798744201660156
C++ time to solve:  -0.006749868392944336
C++ time to solve:  -0.00665283203125
C++ time to solve:  -0.006811618804931641
C++ time to solve:  -0.006895303726196289
C++ time to solve:  -0.0068318843841552734
C++ time to solve:  -0.006623268127441406
C++ time to solve:  -0.0067348480224609375
C++ time to solve:  -0.006773948669433594
C++ time to solve:  -0.0066585540771484375
C++ time to solve:  -0.006564617156982422
C++ time to solve:  -0.0066835880279541016
C++ time to solve:  -0.006528377532958984
C++ time to solve:  -0.0064737796783447266
C++ time to solve:  -0.006827831268310547
BPP: [1.0, 1.0, 1.0, 1.0, 1.0]
C++ time to solve:  -0.006524324417114258
C++ time to solve:  -0.00719451904296875
C++ time to solve:  -0.006951808929443359
C++ time to solve:  -0.006686210632324219
C++ time to solve:  -0.007727146148681641
C++ time to solve:  -0.006867408752441406
C++ time to solve:  -0.007915019989013672
C++ time to solve:  -0.006776332855224609
C++ time to solve:  -0.00711512565612793
C++ time to solve:  -0.008175373077392578
C++ time to solve:  -0.007238626480102539
C++ time to solve:  -0.00687861442565918
C++ time to solve:  -0.0069468021392822266
C++ time to solve:  -0.0070667266845703125
C++ time to solve:  -0.0067555904388427734
C++ time to solve:  -0.006523609161376953
C++ time to solve:  -0.006848573684692383
C++ time to solve:  -0.006497621536254883
C++ time to solve:  -0.007924079895019531
C++ time to solve:  -0.006901741027832031
SHO: [1.0, 1.0, 1.0, 1.0, 1.0]
STAT: [1.0, 1.0, 1.0, 1.0, 1.0]
Clauses 20 took -2.176891326904297
C++ time to solve:  -0.006772756576538086
C++ time to solve:  -0.00782465934753418
C++ time to solve:  -0.006607770919799805
C++ time to solve:  -0.006693840026855469
C++ time to solve:  -0.00658416748046875
C++ time to solve:  -0.006688833236694336
C++ time to solve:  -0.006584882736206055
C++ time to solve:  -0.006653308868408203
C++ time to solve:  -0.006773710250854492
C++ time to solve:  -0.00667881965637207
C++ time to solve:  -0.0065288543701171875
C++ time to solve:  -0.006673097610473633
C++ time to solve:  -0.006838083267211914
C++ time to solve:  -0.006925106048583984
C++ time to solve:  -0.006830692291259766
C++ time to solve:  -0.006869316101074219
C++ time to solve:  -0.006700277328491211
C++ time to solve:  -0.006796598434448242
C++ time to solve:  -0.006534099578857422
C++ time to solve:  -0.006669044494628906
BPP: [1.0, 1.0, 1.0, 1.0, 1.0, 1.0]
C++ time to solve:  -0.006922006607055664
C++ time to solve:  -0.007810115814208984
C++ time to solve:  -0.006737470626831055
C++ time to solve:  -0.006722450256347656
C++ time to solve:  -0.006875038146972656
C++ time to solve:  -0.0065648555755615234
C++ time to solve:  -0.006866455078125
C++ time to solve:  -0.006644725799560547
C++ time to solve:  -0.006828784942626953
C++ time to solve:  -0.007393836975097656
C++ time to solve:  -0.0065000057220458984
C++ time to solve:  -0.00717473030090332
C++ time to solve:  -0.006702899932861328
C++ time to solve:  -0.007568836212158203
C++ time to solve:  -0.006986379623413086
C++ time to solve:  -0.007235288619995117
C++ time to solve:  -0.007178783416748047
C++ time to solve:  -0.007391691207885742
C++ time to solve:  -0.006724119186401367
C++ time to solve:  -0.006856203079223633
SHO: [1.0, 1.0, 1.0, 1.0, 1.0, 1.0]
STAT: [1.0, 1.0, 1.0, 1.0, 1.0, 1.0]
Clauses 24 took -2.580658197402954
C++ time to solve:  -0.007114887237548828
C++ time to solve:  -0.006934404373168945
C++ time to solve:  -0.006890296936035156
C++ time to solve:  -0.007483959197998047
C++ time to solve:  -0.007117748260498047
C++ time to solve:  -0.007681846618652344
C++ time to solve:  -0.007504701614379883
C++ time to solve:  -0.0069119930267333984
C++ time to solve:  -0.0069963932037353516
C++ time to solve:  -0.006864070892333984
C++ time to solve:  -0.007084369659423828
C++ time to solve:  -0.007869482040405273
C++ time to solve:  -0.008011579513549805
C++ time to solve:  -0.007470607757568359
C++ time to solve:  -0.007103443145751953
C++ time to solve:  -0.0073757171630859375
C++ time to solve:  -0.006586790084838867
C++ time to solve:  -0.006710529327392578
C++ time to solve:  -0.007466554641723633
C++ time to solve:  -0.0076520442962646484
BPP: [1.0, 1.0, 1.0, 1.0, 1.0, 1.0, 1.0]
C++ time to solve:  -0.006803989410400391
C++ time to solve:  -0.007036447525024414
C++ time to solve:  -0.007414102554321289
C++ time to solve:  -0.0076334476470947266
C++ time to solve:  -0.006947040557861328
C++ time to solve:  -0.0068857669830322266
C++ time to solve:  -0.009149312973022461
C++ time to solve:  -0.0069427490234375
C++ time to solve:  -0.0071027278900146484
C++ time to solve:  -0.00689387321472168
C++ time to solve:  -0.007829427719116211
C++ time to solve:  -0.006855964660644531
C++ time to solve:  -0.009113788604736328
C++ time to solve:  -0.008192300796508789
C++ time to solve:  -0.007603168487548828
C++ time to solve:  -0.007156848907470703
C++ time to solve:  -0.006920576095581055
C++ time to solve:  -0.006761312484741211
C++ time to solve:  -0.007900238037109375
C++ time to solve:  -0.008184432983398438
SHO: [1.0, 1.0, 1.0, 1.0, 1.0, 1.0, 1.0]
