C++ time to solve:  -0.0010678768157958984
C++ time to solve:  -0.0010340213775634766
C++ time to solve:  -0.0009999275207519531
C++ time to solve:  -0.0010166168212890625
C++ time to solve:  -0.0007579326629638672
C++ time to solve:  -0.0007197856903076172
C++ time to solve:  -0.0006861686706542969
C++ time to solve:  -0.0007421970367431641
C++ time to solve:  -0.0007236003875732422
C++ time to solve:  -0.0007278919219970703
C++ time to solve:  -0.0007102489471435547
C++ time to solve:  -0.0007505416870117188
C++ time to solve:  -0.0006821155548095703
C++ time to solve:  -0.0007390975952148438
C++ time to solve:  -0.0008099079132080078
C++ time to solve:  -0.0006918907165527344
C++ time to solve:  -0.0007035732269287109
C++ time to solve:  -0.0007076263427734375
C++ time to solve:  -0.0007658004760742188
C++ time to solve:  -0.0006847381591796875
BPP: [1.0]
C++ time to solve:  -0.0006871223449707031
C++ time to solve:  -0.0007154941558837891
C++ time to solve:  -0.0007781982421875
C++ time to solve:  -0.0007510185241699219
C++ time to solve:  -0.0006864070892333984
C++ time to solve:  -0.0006899833679199219
C++ time to solve:  -0.0007319450378417969
C++ time to solve:  -0.0007050037384033203
C++ time to solve:  -0.0007135868072509766
C++ time to solve:  -0.0006623268127441406
C++ time to solve:  -0.0007762908935546875
C++ time to solve:  -0.0007185935974121094
C++ time to solve:  -0.0007290840148925781
C++ time to solve:  -0.0007050037384033203
C++ time to solve:  -0.0007810592651367188
C++ time to solve:  -0.0006811618804931641
C++ time to solve:  -0.0007152557373046875
C++ time to solve:  -0.0006945133209228516
C++ time to solve:  -0.0007889270782470703
C++ time to solve:  -0.0006878376007080078
SHO: [1.0]
STAT: [1.0]
Clauses 4 took -0.11178231239318848
