C++ time to solve:  -0.0012753009796142578
C++ time to solve:  -0.0012347698211669922
BPP: [1.0]
C++ time to solve:  -0.0012011528015136719
C++ time to solve:  -0.0014274120330810547
SHO: [1.0]
STAT: [1.0]
Clauses 10 took -0.018934965133666992
C++ time to solve:  -0.0012125968933105469
C++ time to solve:  -0.0007410049438476562
BPP: [1.0, 1.0]
C++ time to solve:  -0.0007338523864746094
C++ time to solve:  -0.0007340908050537109
SHO: [1.0, 1.0]
STAT: [1.0, 1.0]
Clauses 20 took -0.022851228713989258
C++ time to solve:  -0.0008301734924316406
C++ time to solve:  -0.0007274150848388672
BPP: [1.0, 1.0, 1.0]
C++ time to solve:  -0.0007605552673339844
C++ time to solve:  -0.0007550716400146484
SHO: [1.0, 1.0, 1.0]
STAT: [1.0, 1.0, 1.0]
Clauses 30 took -0.029163360595703125
C++ time to solve:  -0.0008761882781982422
C++ time to solve:  -0.0007586479187011719
BPP: [1.0, 1.0, 1.0, 1.0]
C++ time to solve:  -0.0008568763732910156
C++ time to solve:  -0.0014235973358154297
SHO: [1.0, 1.0, 1.0, 1.0]
STAT: [1.0, 1.0, 1.0, 1.0]
Clauses 40 took -0.06376290321350098
C++ time to solve:  -0.001699209213256836
C++ time to solve:  -0.0010762214660644531
BPP: [1.0, 1.0, 1.0, 1.0, 1.0]
C++ time to solve:  -0.0009644031524658203
C++ time to solve:  -0.001028299331665039
SHO: [1.0, 1.0, 1.0, 1.0, 1.0]
STAT: [1.0, 1.0, 1.0, 1.0, 1.0]
Clauses 50 took -0.07776236534118652
C++ time to solve:  -0.0010187625885009766
C++ time to solve:  -0.0009453296661376953
BPP: [1.0, 1.0, 1.0, 1.0, 1.0, 1.0]
C++ time to solve:  -0.0007910728454589844
C++ time to solve:  -0.0011796951293945312
SHO: [1.0, 1.0, 1.0, 1.0, 1.0, 1.0]
STAT: [1.0, 1.0, 1.0, 1.0, 1.0, 1.0]
Clauses 60 took -0.10953545570373535
C++ time to solve:  -0.0014178752899169922
C++ time to solve:  -0.001088857650756836
BPP: [1.0, 1.0, 1.0, 1.0, 1.0, 1.0, 1.0]
C++ time to solve:  -0.0010769367218017578
C++ time to solve:  -0.0019423961639404297
SHO: [1.0, 1.0, 1.0, 1.0, 1.0, 1.0, 1.0]
STAT: [1.0, 1.0, 1.0, 1.0, 1.0, 1.0, 1.0]
Clauses 70 took -0.1723339557647705
C++ time to solve:  -0.0013644695281982422
C++ time to solve:  -0.008882284164428711
BPP: [1.0, 1.0, 1.0, 1.0, 1.0, 1.0, 1.0, 0.5]
C++ time to solve:  -0.00422215461730957
C++ time to solve:  -0.0067713260650634766
SHO: [1.0, 1.0, 1.0, 1.0, 1.0, 1.0, 1.0, 0.0]
STAT: [1.0, 1.0, 1.0, 1.0, 1.0, 1.0, 1.0, 0.0]
Clauses 80 took -0.602346658706665
C++ time to solve:  -0.010451555252075195
C++ time to solve:  -0.01006174087524414
BPP: [1.0, 1.0, 1.0, 1.0, 1.0, 1.0, 1.0, 0.5, 0.0]
C++ time to solve:  -0.007901430130004883
C++ time to solve:  -0.0074312686920166016
SHO: [1.0, 1.0, 1.0, 1.0, 1.0, 1.0, 1.0, 0.0, 0.0]
STAT: [1.0, 1.0, 1.0, 1.0, 1.0, 1.0, 1.0, 0.0, 0.0]
Clauses 90 took -0.916994571685791
C++ time to solve:  -0.0038208961486816406
C++ time to solve:  -0.010703325271606445
BPP: [1.0, 1.0, 1.0, 1.0, 1.0, 1.0, 1.0, 0.5, 0.0, 0.5]
C++ time to solve:  -0.007986783981323242
C++ time to solve:  -0.009114742279052734
SHO: [1.0, 1.0, 1.0, 1.0, 1.0, 1.0, 1.0, 0.0, 0.0, 0.0]
STAT: [1.0, 1.0, 1.0, 1.0, 1.0, 1.0, 1.0, 0.0, 0.0, 0.0]
Clauses 100 took -0.779165506362915
C++ time to solve:  -0.010545492172241211
C++ time to solve:  -0.013098955154418945
BPP: [1.0, 1.0, 1.0, 1.0, 1.0, 1.0, 1.0, 0.5, 0.0, 0.5, 0.0]
C++ time to solve:  -0.008581876754760742
C++ time to solve:  -0.010472774505615234
SHO: [1.0, 1.0, 1.0, 1.0, 1.0, 1.0, 1.0, 0.0, 0.0, 0.0, 0.0]
STAT: [1.0, 1.0, 1.0, 1.0, 1.0, 1.0, 1.0, 0.0, 0.0, 0.0, 0.0]
Clauses 110 took -1.0835611820220947
C++ time to solve:  -0.01214146614074707
C++ time to solve:  -0.013965368270874023
BPP: [1.0, 1.0, 1.0, 1.0, 1.0, 1.0, 1.0, 0.5, 0.0, 0.5, 0.0, 0.0]
C++ time to solve:  -0.009712934494018555
C++ time to solve:  -0.013858795166015625
SHO: [1.0, 1.0, 1.0, 1.0, 1.0, 1.0, 1.0, 0.0, 0.0, 0.0, 0.0, 0.0]
STAT: [1.0, 1.0, 1.0, 1.0, 1.0, 1.0, 1.0, 0.0, 0.0, 0.0, 0.0, 0.0]
Clauses 120 took -1.3652725219726562
C++ time to solve:  -0.012954235076904297
C++ time to solve:  -0.013099193572998047
BPP: [1.0, 1.0, 1.0, 1.0, 1.0, 1.0, 1.0, 0.5, 0.0, 0.5, 0.0, 0.0, 0.0]
C++ time to solve:  -0.012952327728271484
C++ time to solve:  -0.012113571166992188
SHO: [1.0, 1.0, 1.0, 1.0, 1.0, 1.0, 1.0, 0.0, 0.0, 0.0, 0.0, 0.0, 0.0]
STAT: [1.0, 1.0, 1.0, 1.0, 1.0, 1.0, 1.0, 0.0, 0.0, 0.0, 0.0, 0.0, 0.0]
Clauses 130 took -1.5212430953979492
C++ time to solve:  -0.013272285461425781
C++ time to solve:  -0.013982772827148438
BPP: [1.0, 1.0, 1.0, 1.0, 1.0, 1.0, 1.0, 0.5, 0.0, 0.5, 0.0, 0.0, 0.0, 0.0]
C++ time to solve:  -0.013244390487670898
C++ time to solve:  -0.013759613037109375
SHO: [1.0, 1.0, 1.0, 1.0, 1.0, 1.0, 1.0, 0.0, 0.0, 0.0, 0.0, 0.0, 0.0, 0.0]
STAT: [1.0, 1.0, 1.0, 1.0, 1.0, 1.0, 1.0, 0.0, 0.0, 0.0, 0.0, 0.0, 0.0, 0.0]
Clauses 140 took -1.6678433418273926
C++ time to solve:  -0.015850067138671875
C++ time to solve:  -0.015886783599853516
BPP: [1.0, 1.0, 1.0, 1.0, 1.0, 1.0, 1.0, 0.5, 0.0, 0.5, 0.0, 0.0, 0.0, 0.0, 0.0]
C++ time to solve:  -0.015710115432739258
C++ time to solve:  -0.014575004577636719
SHO: [1.0, 1.0, 1.0, 1.0, 1.0, 1.0, 1.0, 0.0, 0.0, 0.0, 0.0, 0.0, 0.0, 0.0, 0.0]
STAT: [1.0, 1.0, 1.0, 1.0, 1.0, 1.0, 1.0, 0.0, 0.0, 0.0, 0.0, 0.0, 0.0, 0.0, 0.0]
Clauses 150 took -1.6655397415161133
C++ time to solve:  -0.015385150909423828
C++ time to solve:  -0.016387224197387695
BPP: [1.0, 1.0, 1.0, 1.0, 1.0, 1.0, 1.0, 0.5, 0.0, 0.5, 0.0, 0.0, 0.0, 0.0, 0.0, 0.0]
C++ time to solve:  -0.016767263412475586
C++ time to solve:  -0.017388105392456055
SHO: [1.0, 1.0, 1.0, 1.0, 1.0, 1.0, 1.0, 0.0, 0.0, 0.0, 0.0, 0.0, 0.0, 0.0, 0.0, 0.0]
STAT: [1.0, 1.0, 1.0, 1.0, 1.0, 1.0, 1.0, 0.0, 0.0, 0.0, 0.0, 0.0, 0.0, 0.0, 0.0, 0.0]
Clauses 160 took -2.4660117626190186
C++ time to solve:  -0.015003442764282227
C++ time to solve:  -0.017531633377075195
BPP: [1.0, 1.0, 1.0, 1.0, 1.0, 1.0, 1.0, 0.5, 0.0, 0.5, 0.0, 0.0, 0.0, 0.0, 0.0, 0.0, 0.0]
C++ time to solve:  -0.01683664321899414
C++ time to solve:  -0.017779827117919922
SHO: [1.0, 1.0, 1.0, 1.0, 1.0, 1.0, 1.0, 0.0, 0.0, 0.0, 0.0, 0.0, 0.0, 0.0, 0.0, 0.0, 0.0]
STAT: [1.0, 1.0, 1.0, 1.0, 1.0, 1.0, 1.0, 0.0, 0.0, 0.0, 0.0, 0.0, 0.0, 0.0, 0.0, 0.0, 0.0]
Clauses 170 took -2.6593801975250244
C++ time to solve:  -0.019678592681884766
C++ time to solve:  -0.022684335708618164
BPP: [1.0, 1.0, 1.0, 1.0, 1.0, 1.0, 1.0, 0.5, 0.0, 0.5, 0.0, 0.0, 0.0, 0.0, 0.0, 0.0, 0.0, 0.0]
C++ time to solve:  -0.021112918853759766
C++ time to solve:  -0.024169445037841797
SHO: [1.0, 1.0, 1.0, 1.0, 1.0, 1.0, 1.0, 0.0, 0.0, 0.0, 0.0, 0.0, 0.0, 0.0, 0.0, 0.0, 0.0, 0.0]
STAT: [1.0, 1.0, 1.0, 1.0, 1.0, 1.0, 1.0, 0.0, 0.0, 0.0, 0.0, 0.0, 0.0, 0.0, 0.0, 0.0, 0.0, 0.0]
Clauses 180 took -3.6428277492523193
C++ time to solve:  -0.01926398277282715
C++ time to solve:  -0.02283334732055664
BPP: [1.0, 1.0, 1.0, 1.0, 1.0, 1.0, 1.0, 0.5, 0.0, 0.5, 0.0, 0.0, 0.0, 0.0, 0.0, 0.0, 0.0, 0.0, 0.0]
C++ time to solve:  -0.02200627326965332
C++ time to solve:  -0.024935245513916016
SHO: [1.0, 1.0, 1.0, 1.0, 1.0, 1.0, 1.0, 0.0, 0.0, 0.0, 0.0, 0.0, 0.0, 0.0, 0.0, 0.0, 0.0, 0.0, 0.0]
STAT: [1.0, 1.0, 1.0, 1.0, 1.0, 1.0, 1.0, 0.0, 0.0, 0.0, 0.0, 0.0, 0.0, 0.0, 0.0, 0.0, 0.0, 0.0, 0.0]
Clauses 190 took -3.0531139373779297
C++ time to solve:  -0.01715564727783203
C++ time to solve:  -0.018800020217895508
BPP: [1.0, 1.0, 1.0, 1.0, 1.0, 1.0, 1.0, 0.5, 0.0, 0.5, 0.0, 0.0, 0.0, 0.0, 0.0, 0.0, 0.0, 0.0, 0.0, 0.0]
C++ time to solve:  -0.019535303115844727
C++ time to solve:  -0.02121877670288086
SHO: [1.0, 1.0, 1.0, 1.0, 1.0, 1.0, 1.0, 0.0, 0.0, 0.0, 0.0, 0.0, 0.0, 0.0, 0.0, 0.0, 0.0, 0.0, 0.0, 0.0]
STAT: [1.0, 1.0, 1.0, 1.0, 1.0, 1.0, 1.0, 0.0, 0.0, 0.0, 0.0, 0.0, 0.0, 0.0, 0.0, 0.0, 0.0, 0.0, 0.0, 0.0]
Clauses 200 took -3.3892338275909424
C++ time to solve:  -0.018595457077026367
C++ time to solve:  -0.019023418426513672
BPP: [1.0, 1.0, 1.0, 1.0, 1.0, 1.0, 1.0, 0.5, 0.0, 0.5, 0.0, 0.0, 0.0, 0.0, 0.0, 0.0, 0.0, 0.0, 0.0, 0.0, 0.0]
C++ time to solve:  -0.021404504776000977
C++ time to solve:  -0.02174973487854004
SHO: [1.0, 1.0, 1.0, 1.0, 1.0, 1.0, 1.0, 0.0, 0.0, 0.0, 0.0, 0.0, 0.0, 0.0, 0.0, 0.0, 0.0, 0.0, 0.0, 0.0, 0.0]
STAT: [1.0, 1.0, 1.0, 1.0, 1.0, 1.0, 1.0, 0.0, 0.0, 0.0, 0.0, 0.0, 0.0, 0.0, 0.0, 0.0, 0.0, 0.0, 0.0, 0.0, 0.0]
Clauses 210 took -3.6291797161102295
testStatistics.py:101: RuntimeWarning: More than 20 figures have been opened. Figures created through the pyplot interface (`matplotlib.pyplot.figure`) are retained until explicitly closed and may consume too much memory. (To control this warning, see the rcParam `figure.max_open_warning`).
  fig = plt.figure(figsize=(10, 6), facecolor='lightskyblue')
C++ time to solve:  -0.018105030059814453
C++ time to solve:  -0.01929306983947754
BPP: [1.0, 1.0, 1.0, 1.0, 1.0, 1.0, 1.0, 0.5, 0.0, 0.5, 0.0, 0.0, 0.0, 0.0, 0.0, 0.0, 0.0, 0.0, 0.0, 0.0, 0.0, 0.0]
C++ time to solve:  -0.022042036056518555
C++ time to solve:  -0.022170305252075195
SHO: [1.0, 1.0, 1.0, 1.0, 1.0, 1.0, 1.0, 0.0, 0.0, 0.0, 0.0, 0.0, 0.0, 0.0, 0.0, 0.0, 0.0, 0.0, 0.0, 0.0, 0.0, 0.0]
STAT: [1.0, 1.0, 1.0, 1.0, 1.0, 1.0, 1.0, 0.0, 0.0, 0.0, 0.0, 0.0, 0.0, 0.0, 0.0, 0.0, 0.0, 0.0, 0.0, 0.0, 0.0, 0.0]
Clauses 220 took -4.152623891830444
C++ time to solve:  -0.020969867706298828
C++ time to solve:  -0.020096302032470703
BPP: [1.0, 1.0, 1.0, 1.0, 1.0, 1.0, 1.0, 0.5, 0.0, 0.5, 0.0, 0.0, 0.0, 0.0, 0.0, 0.0, 0.0, 0.0, 0.0, 0.0, 0.0, 0.0, 0.0]
C++ time to solve:  -0.023542404174804688
C++ time to solve:  -0.024460554122924805
SHO: [1.0, 1.0, 1.0, 1.0, 1.0, 1.0, 1.0, 0.0, 0.0, 0.0, 0.0, 0.0, 0.0, 0.0, 0.0, 0.0, 0.0, 0.0, 0.0, 0.0, 0.0, 0.0, 0.0]
STAT: [1.0, 1.0, 1.0, 1.0, 1.0, 1.0, 1.0, 0.0, 0.0, 0.0, 0.0, 0.0, 0.0, 0.0, 0.0, 0.0, 0.0, 0.0, 0.0, 0.0, 0.0, 0.0, 0.0]
Clauses 230 took -4.225419282913208
