Number of cpu :  80
C++ time to solve:  -0.01647186279296875
C++ time to solve:  -0.017348766326904297C++ time to solve: 
 C++ time to solve: -0.01612091064453125
 -0.015822172164916992
C++ time to solve:  -0.017235755920410156
C++ time to solve:  -0.016727447509765625
C++ time to solve:  -0.015557527542114258
C++ time to solve:  -0.016425609588623047
C++ time to solve:  -0.01731705665588379
C++ time to solve:  -0.016218185424804688
C++ time to solve:  -0.016164541244506836
C++ time to solve:  -0.0164029598236084
C++ time to solve:  -0.0172421932220459
C++ time to solve:  -0.017033815383911133
C++ time to solve:  -0.01717376708984375
C++ time to solve:  -0.01731419563293457
C++ time to solve:  -0.01745319366455078
C++ time to solve:  -0.0187685489654541
C++ time to solve:  -0.023303747177124023
C++ time to solve:  -0.02271556854248047
BPP: [1.0]
C++ time to solve:  -0.008045196533203125
C++ time to solve:  -0.006792306900024414
C++ time to solve:  -0.006788015365600586
C++ time to solve:  -0.007191181182861328
C++ time to solve:  -0.006865501403808594
C++ time to solve:  -0.0068302154541015625
C++ time to solve:  -0.006847381591796875
C++ time to solve:  -0.006821155548095703
C++ time to solve:  -0.006710529327392578
C++ time to solve:  -0.00697636604309082
C++ time to solve:  -0.006878376007080078
C++ time to solve:  -0.006760120391845703
C++ time to solve:  -0.006788015365600586
C++ time to solve:  -0.00672459602355957
C++ time to solve:  -0.006778240203857422
C++ time to solve:  -0.006699562072753906
C++ time to solve:  -0.006840705871582031
C++ time to solve:  -0.00680088996887207
C++ time to solve:  -0.006879329681396484
C++ time to solve:  -0.0070497989654541016
SHO: [1.0]
STAT: [1.0]
Clauses 4 took -1.2186458110809326
